#
# There is insufficient memory for the Java Runtime Environment to continue.
# Native memory allocation (malloc) failed to allocate 1006096 bytes. Error detail: Chunk::new
# Possible reasons:
#   The system is out of physical RAM or swap space
#   This process is running with CompressedOops enabled, and the Java Heap may be blocking the growth of the native heap
# Possible solutions:
#   Reduce memory load on the system
#   Increase physical memory or swap space
#   Check if swap backing store is full
#   Decrease Java heap size (-Xmx/-Xms)
#   Decrease number of Java threads
#   Decrease Java thread stack sizes (-Xss)
#   Set larger code cache with -XX:ReservedCodeCacheSize=
#   JVM is running with Zero Based Compressed Oops mode in which the Java heap is
#     placed in the first 32GB address space. The Java Heap base address is the
#     maximum limit for the native heap growth. Please use -XX:HeapBaseMinAddress
#     to set the Java Heap base and to place the Java Heap above 32GB virtual address.
# This output file may be truncated or incomplete.
#
#  Out of Memory Error (arena.cpp:168), pid=10564, tid=8168
#
# JRE version: OpenJDK Runtime Environment Temurin-21.0.10+7 (21.0.10+7) (build 21.0.10+7-LTS)
# Java VM: OpenJDK 64-Bit Server VM Temurin-21.0.10+7 (21.0.10+7-LTS, mixed mode, sharing, tiered, compressed oops, compressed class ptrs, g1 gc, windows-amd64)
# No core dump will be written. Minidumps are not enabled by default on client versions of Windows
#

---------------  S U M M A R Y ------------

Command Line: --add-opens=java.base/java.lang=ALL-UNNAMED --add-opens=java.base/java.lang.invoke=ALL-UNNAMED --add-opens=java.base/java.util=ALL-UNNAMED --add-opens=java.prefs/java.util.prefs=ALL-UNNAMED --add-exports=jdk.compiler/com.sun.tools.javac.api=ALL-UNNAMED --add-exports=jdk.compiler/com.sun.tools.javac.util=ALL-UNNAMED --add-opens=java.base/java.util=ALL-UNNAMED --add-opens=java.prefs/java.util.prefs=ALL-UNNAMED --add-opens=java.base/java.nio.charset=ALL-UNNAMED --add-opens=java.base/java.net=ALL-UNNAMED --add-opens=java.base/java.util.concurrent.atomic=ALL-UNNAMED --add-opens=java.xml/javax.xml.namespace=ALL-UNNAMED -XX:MaxMetaspaceSize=1024m -XX:+HeapDumpOnOutOfMemoryError -Xmx4096m -Dfile.encoding=UTF-8 -Duser.country=TR -Duser.language=tr -Duser.variant -javaagent:C:\Users\HARUN BERNA MUTLU\.gradle\wrapper\dists\gradle-8.13-bin\5xuhj0ry160q40clulazy9h7d\gradle-8.13\lib\agents\gradle-instrumentation-agent-8.13.jar org.gradle.launcher.daemon.bootstrap.GradleDaemon 8.13

Host: Intel(R) Core(TM) i5-9400 CPU @ 2.90GHz, 6 cores, 7G,  Windows 11 , 64 bit Build 26100 (10.0.26100.8155)
Time: Wed Apr 22 00:11:55 2026 Türkiye Standart Saati elapsed time: 4.813341 seconds (0d 0h 0m 4s)

---------------  T H R E A D  ---------------

Current thread (0x000001fe2be87a00):  JavaThread "C2 CompilerThread0" daemon [_thread_in_native, id=8168, stack(0x000000023a300000,0x000000023a400000) (1024K)]


Current CompileTask:
C2:4813 2912   !   4       java.net.URLClassLoader::findClass (47 bytes)

Stack: [0x000000023a300000,0x000000023a400000]
Native frames: (J=compiled Java code, j=interpreted, Vv=VM code, C=native code)
V  [jvm.dll+0x6d7a39]
V  [jvm.dll+0x8b4b26]
V  [jvm.dll+0x8b70de]
V  [jvm.dll+0x8b77c3]
V  [jvm.dll+0x284346]
V  [jvm.dll+0xc66ed]
V  [jvm.dll+0xc6c31]
V  [jvm.dll+0x2fb29e]
V  [jvm.dll+0x5fe884]
V  [jvm.dll+0x255b17]
V  [jvm.dll+0x255edd]
V  [jvm.dll+0x24e500]
V  [jvm.dll+0x24ba42]
V  [jvm.dll+0x1cb34e]
V  [jvm.dll+0x25b85d]
V  [jvm.dll+0x259dea]
V  [jvm.dll+0x3f857e]
V  [jvm.dll+0x85f59d]
V  [jvm.dll+0x6d626d]
C  [ucrtbase.dll+0x37b0]
C  [KERNEL32.DLL+0x2e957]
C  [ntdll.dll+0x421c]


---------------  P R O C E S S  ---------------

Threads class SMR info:
_java_thread_list=0x000001fe66e82a80, length=26, elements={
0x000001fe0ff37cf0, 0x000001fe2be7dab0, 0x000001fe2be7f3f0, 0x000001fe2be84d50,
0x000001fe2be857b0, 0x000001fe2be86210, 0x000001fe2be86c70, 0x000001fe2be87a00,
0x000001fe2be8ef70, 0x000001fe65155170, 0x000001fe651910b0, 0x000001fe657898d0,
0x000001fe66639d30, 0x000001fe65c1cb50, 0x000001fe66a22080, 0x000001fe66a3c210,
0x000001fe66a57fc0, 0x000001fe65be4990, 0x000001fe65be5000, 0x000001fe66df2a20,
0x000001fe66e01010, 0x000001fe66e016a0, 0x000001fe66e00980, 0x000001fe66eacd20,
0x000001fe66eac000, 0x000001fe66eab970
}

Java Threads: ( => current thread )
  0x000001fe0ff37cf0 JavaThread "main"                              [_thread_blocked, id=4312, stack(0x0000000239500000,0x0000000239600000) (1024K)]
  0x000001fe2be7dab0 JavaThread "Reference Handler"          daemon [_thread_blocked, id=10636, stack(0x0000000239d00000,0x0000000239e00000) (1024K)]
  0x000001fe2be7f3f0 JavaThread "Finalizer"                  daemon [_thread_blocked, id=11640, stack(0x0000000239e00000,0x0000000239f00000) (1024K)]
  0x000001fe2be84d50 JavaThread "Signal Dispatcher"          daemon [_thread_blocked, id=916, stack(0x0000000239f00000,0x000000023a000000) (1024K)]
  0x000001fe2be857b0 JavaThread "Attach Listener"            daemon [_thread_blocked, id=9872, stack(0x000000023a000000,0x000000023a100000) (1024K)]
  0x000001fe2be86210 JavaThread "Service Thread"             daemon [_thread_blocked, id=11532, stack(0x000000023a100000,0x000000023a200000) (1024K)]
  0x000001fe2be86c70 JavaThread "Monitor Deflation Thread"   daemon [_thread_blocked, id=2172, stack(0x000000023a200000,0x000000023a300000) (1024K)]
=>0x000001fe2be87a00 JavaThread "C2 CompilerThread0"         daemon [_thread_in_native, id=8168, stack(0x000000023a300000,0x000000023a400000) (1024K)]
  0x000001fe2be8ef70 JavaThread "C1 CompilerThread0"         daemon [_thread_blocked, id=18804, stack(0x000000023a400000,0x000000023a500000) (1024K)]
  0x000001fe65155170 JavaThread "Common-Cleaner"             daemon [_thread_blocked, id=7988, stack(0x000000023a500000,0x000000023a600000) (1024K)]
  0x000001fe651910b0 JavaThread "Notification Thread"        daemon [_thread_blocked, id=11824, stack(0x000000023a600000,0x000000023a700000) (1024K)]
  0x000001fe657898d0 JavaThread "C2 CompilerThread1"         daemon [_thread_in_native, id=11976, stack(0x000000023a900000,0x000000023aa00000) (1024K)]
  0x000001fe66639d30 JavaThread "Daemon health stats"               [_thread_blocked, id=18200, stack(0x000000023ac00000,0x000000023ad00000) (1024K)]
  0x000001fe65c1cb50 JavaThread "Incoming local TCP Connector on port 64094"        [_thread_in_native, id=5588, stack(0x000000023ad00000,0x000000023ae00000) (1024K)]
  0x000001fe66a22080 JavaThread "Daemon periodic checks"            [_thread_blocked, id=12248, stack(0x000000023ae00000,0x000000023af00000) (1024K)]
  0x000001fe66a3c210 JavaThread "Daemon"                            [_thread_blocked, id=16440, stack(0x000000023b000000,0x000000023b100000) (1024K)]
  0x000001fe66a57fc0 JavaThread "Handler for socket connection from /127.0.0.1:64094 to /127.0.0.1:64095"        [_thread_in_native, id=4152, stack(0x000000023b100000,0x000000023b200000) (1024K)]
  0x000001fe65be4990 JavaThread "Cancel handler"                    [_thread_blocked, id=5496, stack(0x000000023b200000,0x000000023b300000) (1024K)]
  0x000001fe65be5000 JavaThread "Daemon worker"                     [_thread_in_vm, id=10932, stack(0x000000023b300000,0x000000023b400000) (1024K)]
  0x000001fe66df2a20 JavaThread "Asynchronous log dispatcher for DefaultDaemonConnection: socket connection from /127.0.0.1:64094 to /127.0.0.1:64095"        [_thread_blocked, id=6204, stack(0x000000023b400000,0x000000023b500000) (1024K)]
  0x000001fe66e01010 JavaThread "Stdin handler"                     [_thread_blocked, id=6280, stack(0x000000023b500000,0x000000023b600000) (1024K)]
  0x000001fe66e016a0 JavaThread "Daemon client event forwarder"        [_thread_blocked, id=15004, stack(0x000000023b600000,0x000000023b700000) (1024K)]
  0x000001fe66e00980 JavaThread "Cache worker for journal cache (C:\Users\HARUN BERNA MUTLU\.gradle\caches\journal-1)"        [_thread_blocked, id=5604, stack(0x000000023b700000,0x000000023b800000) (1024K)]
  0x000001fe66eacd20 JavaThread "File lock request listener"        [_thread_in_native, id=5524, stack(0x000000023b800000,0x000000023b900000) (1024K)]
  0x000001fe66eac000 JavaThread "File lock release action executor"        [_thread_blocked, id=17576, stack(0x000000023b900000,0x000000023ba00000) (1024K)]
  0x000001fe66eab970 JavaThread "Cache worker for file hash cache (C:\Users\HARUN BERNA MUTLU\.gradle\caches\8.13\fileHashes)"        [_thread_blocked, id=11272, stack(0x000000023ba00000,0x000000023bb00000) (1024K)]
Total: 26

Other Threads:
  0x000001fe2be61940 VMThread "VM Thread"                           [id=11480, stack(0x0000000239c00000,0x0000000239d00000) (1024K)]
  0x000001fe2be4e100 WatcherThread "VM Periodic Task Thread"        [id=18308, stack(0x0000000239b00000,0x0000000239c00000) (1024K)]
  0x000001fe123e8ad0 WorkerThread "GC Thread#0"                     [id=11240, stack(0x0000000239600000,0x0000000239700000) (1024K)]
  0x000001fe652cb210 WorkerThread "GC Thread#1"                     [id=11196, stack(0x000000023a700000,0x000000023a800000) (1024K)]
  0x000001fe65300640 WorkerThread "GC Thread#2"                     [id=9584, stack(0x000000023a800000,0x000000023a900000) (1024K)]
  0x000001fe6606d4f0 WorkerThread "GC Thread#3"                     [id=14776, stack(0x000000023aa00000,0x000000023ab00000) (1024K)]
  0x000001fe65c1d360 WorkerThread "GC Thread#4"                     [id=18364, stack(0x000000023ab00000,0x000000023ac00000) (1024K)]
  0x000001fe66a1da50 WorkerThread "GC Thread#5"                     [id=10156, stack(0x000000023af00000,0x000000023b000000) (1024K)]
  0x000001fe123f98d0 ConcurrentGCThread "G1 Main Marker"            [id=4384, stack(0x0000000239700000,0x0000000239800000) (1024K)]
  0x000001fe123fb200 WorkerThread "G1 Conc#0"                       [id=14856, stack(0x0000000239800000,0x0000000239900000) (1024K)]
  0x000001fe2bd220c0 ConcurrentGCThread "G1 Refine#0"               [id=12376, stack(0x0000000239900000,0x0000000239a00000) (1024K)]
  0x000001fe1243b070 ConcurrentGCThread "G1 Service"                [id=3596, stack(0x0000000239a00000,0x0000000239b00000) (1024K)]
Total: 12

Threads with active compile tasks:
C2 CompilerThread0  4840 2912   !   4       java.net.URLClassLoader::findClass (47 bytes)
C2 CompilerThread1  4840 2917       4       java.net.URLClassLoader$1::run (5 bytes)
Total: 2

VM state: not at safepoint (normal execution)

VM Mutex/Monitor currently owned by a thread: None

Heap address: 0x0000000700000000, size: 4096 MB, Compressed Oops mode: Zero based, Oop shift amount: 3

CDS archive(s) mapped at: [0x000001fe2c000000-0x000001fe2cba0000-0x000001fe2cba0000), size 12189696, SharedBaseAddress: 0x000001fe2c000000, ArchiveRelocationMode: 1.
Compressed class space mapped at: 0x000001fe2d000000-0x000001fe61000000, reserved size: 872415232
Narrow klass base: 0x000001fe2c000000, Narrow klass shift: 0, Narrow klass range: 0x100000000

GC Precious Log:
 CardTable entry size: 512
 Card Set container configuration: InlinePtr #cards 4 size 8 Array Of Cards #cards 16 size 48 Howl #buckets 8 coarsen threshold 3686 Howl Bitmap #cards 512 size 80 coarsen threshold 460 Card regions per heap region 1 cards per card region 4096
 CPUs: 6 total, 6 available
 Memory: 8049M
 Large Page Support: Disabled
 NUMA Support: Disabled
 Compressed Oops: Enabled (Zero based)
 Heap Region Size: 2M
 Heap Min Capacity: 8M
 Heap Initial Capacity: 126M
 Heap Max Capacity: 4G
 Pre-touch: Disabled
 Parallel Workers: 6
 Concurrent Workers: 2
 Concurrent Refinement Workers: 6
 Periodic GC: Disabled

Heap:
 garbage-first heap   total 129024K, used 71393K [0x0000000700000000, 0x0000000800000000)
  region size 2048K, 31 young (63488K), 5 survivors (10240K)
 Metaspace       used 17924K, committed 18496K, reserved 917504K
  class space    used 2582K, committed 2880K, reserved 851968K

Heap Regions: E=young(eden), S=young(survivor), O=old, HS=humongous(starts), HC=humongous(continues), CS=collection set, F=free, TAMS=top-at-mark-start, PB=parsable bottom
|   0|0x0000000700000000, 0x0000000700200000, 0x0000000700200000|100%|HS|  |TAMS 0x0000000700000000| PB 0x0000000700000000| Complete 
|   1|0x0000000700200000, 0x0000000700400000, 0x0000000700400000|100%|HC|  |TAMS 0x0000000700200000| PB 0x0000000700200000| Complete 
|   2|0x0000000700400000, 0x0000000700600000, 0x0000000700600000|100%| O|  |TAMS 0x0000000700400000| PB 0x0000000700400000| Untracked 
|   3|0x0000000700600000, 0x0000000700800000, 0x0000000700800000|100%| O|  |TAMS 0x0000000700600000| PB 0x0000000700600000| Untracked 
|   4|0x0000000700800000, 0x0000000700a00000, 0x0000000700a00000|100%| O|  |TAMS 0x0000000700800000| PB 0x0000000700800000| Untracked 
|   5|0x0000000700a00000, 0x0000000700b62aa0, 0x0000000700c00000| 69%| O|  |TAMS 0x0000000700a00000| PB 0x0000000700a00000| Untracked 
|   6|0x0000000700c00000, 0x0000000700c00000, 0x0000000700e00000|  0%| F|  |TAMS 0x0000000700c00000| PB 0x0000000700c00000| Untracked 
|   7|0x0000000700e00000, 0x0000000700e00000, 0x0000000701000000|  0%| F|  |TAMS 0x0000000700e00000| PB 0x0000000700e00000| Untracked 
|   8|0x0000000701000000, 0x0000000701000000, 0x0000000701200000|  0%| F|  |TAMS 0x0000000701000000| PB 0x0000000701000000| Untracked 
|   9|0x0000000701200000, 0x0000000701200000, 0x0000000701400000|  0%| F|  |TAMS 0x0000000701200000| PB 0x0000000701200000| Untracked 
|  10|0x0000000701400000, 0x0000000701400000, 0x0000000701600000|  0%| F|  |TAMS 0x0000000701400000| PB 0x0000000701400000| Untracked 
|  11|0x0000000701600000, 0x0000000701600000, 0x0000000701800000|  0%| F|  |TAMS 0x0000000701600000| PB 0x0000000701600000| Untracked 
|  12|0x0000000701800000, 0x0000000701800000, 0x0000000701a00000|  0%| F|  |TAMS 0x0000000701800000| PB 0x0000000701800000| Untracked 
|  13|0x0000000701a00000, 0x0000000701a00000, 0x0000000701c00000|  0%| F|  |TAMS 0x0000000701a00000| PB 0x0000000701a00000| Untracked 
|  14|0x0000000701c00000, 0x0000000701c00000, 0x0000000701e00000|  0%| F|  |TAMS 0x0000000701c00000| PB 0x0000000701c00000| Untracked 
|  15|0x0000000701e00000, 0x0000000701e00000, 0x0000000702000000|  0%| F|  |TAMS 0x0000000701e00000| PB 0x0000000701e00000| Untracked 
|  16|0x0000000702000000, 0x0000000702000000, 0x0000000702200000|  0%| F|  |TAMS 0x0000000702000000| PB 0x0000000702000000| Untracked 
|  17|0x0000000702200000, 0x0000000702200000, 0x0000000702400000|  0%| F|  |TAMS 0x0000000702200000| PB 0x0000000702200000| Untracked 
|  18|0x0000000702400000, 0x0000000702400000, 0x0000000702600000|  0%| F|  |TAMS 0x0000000702400000| PB 0x0000000702400000| Untracked 
|  19|0x0000000702600000, 0x0000000702600000, 0x0000000702800000|  0%| F|  |TAMS 0x0000000702600000| PB 0x0000000702600000| Untracked 
|  20|0x0000000702800000, 0x0000000702800000, 0x0000000702a00000|  0%| F|  |TAMS 0x0000000702800000| PB 0x0000000702800000| Untracked 
|  21|0x0000000702a00000, 0x0000000702a55a80, 0x0000000702c00000| 16%| S|CS|TAMS 0x0000000702a00000| PB 0x0000000702a00000| Complete 
|  22|0x0000000702c00000, 0x0000000702e00000, 0x0000000702e00000|100%| S|CS|TAMS 0x0000000702c00000| PB 0x0000000702c00000| Complete 
|  23|0x0000000702e00000, 0x0000000703000000, 0x0000000703000000|100%| S|CS|TAMS 0x0000000702e00000| PB 0x0000000702e00000| Complete 
|  24|0x0000000703000000, 0x0000000703200000, 0x0000000703200000|100%| S|CS|TAMS 0x0000000703000000| PB 0x0000000703000000| Complete 
|  25|0x0000000703200000, 0x0000000703400000, 0x0000000703400000|100%| S|CS|TAMS 0x0000000703200000| PB 0x0000000703200000| Complete 
|  26|0x0000000703400000, 0x0000000703400000, 0x0000000703600000|  0%| F|  |TAMS 0x0000000703400000| PB 0x0000000703400000| Untracked 
|  27|0x0000000703600000, 0x0000000703600000, 0x0000000703800000|  0%| F|  |TAMS 0x0000000703600000| PB 0x0000000703600000| Untracked 
|  28|0x0000000703800000, 0x0000000703800000, 0x0000000703a00000|  0%| F|  |TAMS 0x0000000703800000| PB 0x0000000703800000| Untracked 
|  29|0x0000000703a00000, 0x0000000703a00000, 0x0000000703c00000|  0%| F|  |TAMS 0x0000000703a00000| PB 0x0000000703a00000| Untracked 
|  30|0x0000000703c00000, 0x0000000703c00000, 0x0000000703e00000|  0%| F|  |TAMS 0x0000000703c00000| PB 0x0000000703c00000| Untracked 
|  31|0x0000000703e00000, 0x0000000703e00000, 0x0000000704000000|  0%| F|  |TAMS 0x0000000703e00000| PB 0x0000000703e00000| Untracked 
|  32|0x0000000704000000, 0x0000000704000000, 0x0000000704200000|  0%| F|  |TAMS 0x0000000704000000| PB 0x0000000704000000| Untracked 
|  33|0x0000000704200000, 0x0000000704200000, 0x0000000704400000|  0%| F|  |TAMS 0x0000000704200000| PB 0x0000000704200000| Untracked 
|  34|0x0000000704400000, 0x0000000704400000, 0x0000000704600000|  0%| F|  |TAMS 0x0000000704400000| PB 0x0000000704400000| Untracked 
|  35|0x0000000704600000, 0x0000000704600000, 0x0000000704800000|  0%| F|  |TAMS 0x0000000704600000| PB 0x0000000704600000| Untracked 
|  36|0x0000000704800000, 0x0000000704800000, 0x0000000704a00000|  0%| F|  |TAMS 0x0000000704800000| PB 0x0000000704800000| Untracked 
|  37|0x0000000704a00000, 0x0000000704b9f580, 0x0000000704c00000| 81%| E|  |TAMS 0x0000000704a00000| PB 0x0000000704a00000| Complete 
|  38|0x0000000704c00000, 0x0000000704e00000, 0x0000000704e00000|100%| E|CS|TAMS 0x0000000704c00000| PB 0x0000000704c00000| Complete 
|  39|0x0000000704e00000, 0x0000000705000000, 0x0000000705000000|100%| E|CS|TAMS 0x0000000704e00000| PB 0x0000000704e00000| Complete 
|  40|0x0000000705000000, 0x0000000705200000, 0x0000000705200000|100%| E|CS|TAMS 0x0000000705000000| PB 0x0000000705000000| Complete 
|  41|0x0000000705200000, 0x0000000705400000, 0x0000000705400000|100%| E|CS|TAMS 0x0000000705200000| PB 0x0000000705200000| Complete 
|  42|0x0000000705400000, 0x0000000705600000, 0x0000000705600000|100%| E|CS|TAMS 0x0000000705400000| PB 0x0000000705400000| Complete 
|  43|0x0000000705600000, 0x0000000705800000, 0x0000000705800000|100%| E|CS|TAMS 0x0000000705600000| PB 0x0000000705600000| Complete 
|  44|0x0000000705800000, 0x0000000705a00000, 0x0000000705a00000|100%| E|CS|TAMS 0x0000000705800000| PB 0x0000000705800000| Complete 
|  45|0x0000000705a00000, 0x0000000705c00000, 0x0000000705c00000|100%| E|CS|TAMS 0x0000000705a00000| PB 0x0000000705a00000| Complete 
|  46|0x0000000705c00000, 0x0000000705e00000, 0x0000000705e00000|100%| E|CS|TAMS 0x0000000705c00000| PB 0x0000000705c00000| Complete 
|  47|0x0000000705e00000, 0x0000000706000000, 0x0000000706000000|100%| E|CS|TAMS 0x0000000705e00000| PB 0x0000000705e00000| Complete 
|  48|0x0000000706000000, 0x0000000706200000, 0x0000000706200000|100%| E|CS|TAMS 0x0000000706000000| PB 0x0000000706000000| Complete 
|  49|0x0000000706200000, 0x0000000706400000, 0x0000000706400000|100%| E|CS|TAMS 0x0000000706200000| PB 0x0000000706200000| Complete 
|  50|0x0000000706400000, 0x0000000706600000, 0x0000000706600000|100%| E|CS|TAMS 0x0000000706400000| PB 0x0000000706400000| Complete 
|  51|0x0000000706600000, 0x0000000706800000, 0x0000000706800000|100%| E|CS|TAMS 0x0000000706600000| PB 0x0000000706600000| Complete 
|  52|0x0000000706800000, 0x0000000706a00000, 0x0000000706a00000|100%| E|CS|TAMS 0x0000000706800000| PB 0x0000000706800000| Complete 
|  53|0x0000000706a00000, 0x0000000706c00000, 0x0000000706c00000|100%| E|CS|TAMS 0x0000000706a00000| PB 0x0000000706a00000| Complete 
|  54|0x0000000706c00000, 0x0000000706e00000, 0x0000000706e00000|100%| E|CS|TAMS 0x0000000706c00000| PB 0x0000000706c00000| Complete 
|  55|0x0000000706e00000, 0x0000000707000000, 0x0000000707000000|100%| E|CS|TAMS 0x0000000706e00000| PB 0x0000000706e00000| Complete 
|  56|0x0000000707000000, 0x0000000707200000, 0x0000000707200000|100%| E|CS|TAMS 0x0000000707000000| PB 0x0000000707000000| Complete 
|  57|0x0000000707200000, 0x0000000707400000, 0x0000000707400000|100%| E|CS|TAMS 0x0000000707200000| PB 0x0000000707200000| Complete 
|  58|0x0000000707400000, 0x0000000707600000, 0x0000000707600000|100%| E|CS|TAMS 0x0000000707400000| PB 0x0000000707400000| Complete 
|  59|0x0000000707600000, 0x0000000707800000, 0x0000000707800000|100%| E|CS|TAMS 0x0000000707600000| PB 0x0000000707600000| Complete 
|  60|0x0000000707800000, 0x0000000707a00000, 0x0000000707a00000|100%| E|CS|TAMS 0x0000000707800000| PB 0x0000000707800000| Complete 
|  61|0x0000000707a00000, 0x0000000707c00000, 0x0000000707c00000|100%| E|CS|TAMS 0x0000000707a00000| PB 0x0000000707a00000| Complete 
|  62|0x0000000707c00000, 0x0000000707e00000, 0x0000000707e00000|100%| E|CS|TAMS 0x0000000707c00000| PB 0x0000000707c00000| Complete 

Card table byte_map: [0x000001fe24e90000,0x000001fe25690000] _byte_map_base: 0x000001fe21690000

Marking Bits: (CMBitMap*) 0x000001fe123e8ff0
 Bits: [0x000001fe25690000, 0x000001fe29690000)

Polling page: 0x000001fe101b0000

Metaspace:

Usage:
  Non-class:     14.99 MB used.
      Class:      2.52 MB used.
       Both:     17.51 MB used.

Virtual space:
  Non-class space:       64.00 MB reserved,      15.25 MB ( 24%) committed,  1 nodes.
      Class space:      832.00 MB reserved,       2.81 MB ( <1%) committed,  1 nodes.
             Both:      896.00 MB reserved,      18.06 MB (  2%) committed. 

Chunk freelists:
   Non-Class:  640.00 KB
       Class:  13.05 MB
        Both:  13.67 MB

MaxMetaspaceSize: 1.00 GB
CompressedClassSpaceSize: 832.00 MB
Initial GC threshold: 21.00 MB
Current GC threshold: 21.00 MB
CDS: on
 - commit_granule_bytes: 65536.
 - commit_granule_words: 8192.
 - virtual_space_node_default_size: 8388608.
 - enlarge_chunks_in_place: 1.
 - use_allocation_guard: 0.


Internal statistics:

num_allocs_failed_limit: 0.
num_arena_births: 692.
num_arena_deaths: 0.
num_vsnodes_births: 2.
num_vsnodes_deaths: 0.
num_space_committed: 289.
num_space_uncommitted: 0.
num_chunks_returned_to_freelist: 0.
num_chunks_taken_from_freelist: 1357.
num_chunk_merges: 0.
num_chunk_splits: 887.
num_chunks_enlarged: 598.
num_inconsistent_stats: 0.

CodeHeap 'non-profiled nmethods': size=120000Kb used=1654Kb max_used=1654Kb free=118345Kb
 bounds [0x000001fe1d050000, 0x000001fe1d2c0000, 0x000001fe24580000]
CodeHeap 'profiled nmethods': size=120000Kb used=5743Kb max_used=5743Kb free=114256Kb
 bounds [0x000001fe15580000, 0x000001fe15b20000, 0x000001fe1cab0000]
CodeHeap 'non-nmethods': size=5760Kb used=1417Kb max_used=1446Kb free=4342Kb
 bounds [0x000001fe1cab0000, 0x000001fe1cd20000, 0x000001fe1d050000]
CodeCache: size=245760Kb, used=8814Kb, max_used=8843Kb, free=236943Kb
 total_blobs=3507, nmethods=2931, adapters=480, full_count=0
Compilation: enabled, stopped_count=0, restarted_count=0

Compilation events (20 events):
Event: 4.630 Thread 0x000001fe2be8ef70 2921       3       sun.reflect.annotation.AnnotationParser::parseClassArray (19 bytes)
Event: 4.630 Thread 0x000001fe2be8ef70 nmethod 2921 0x000001fe15b16b10 code [0x000001fe15b16d40, 0x000001fe15b17740]
Event: 4.641 Thread 0x000001fe2be8ef70 2922       3       jdk.internal.reflect.ReflectionFactory::copyConstructor (11 bytes)
Event: 4.641 Thread 0x000001fe2be8ef70 nmethod 2922 0x000001fe15b17a10 code [0x000001fe15b17bc0, 0x000001fe15b17db8]
Event: 4.641 Thread 0x000001fe2be8ef70 2924       3       java.lang.reflect.ReflectAccess::copyConstructor (5 bytes)
Event: 4.641 Thread 0x000001fe2be8ef70 nmethod 2924 0x000001fe15b17f10 code [0x000001fe15b180c0, 0x000001fe15b18200]
Event: 4.641 Thread 0x000001fe2be8ef70 2925       3       java.lang.reflect.Constructor::<init> (50 bytes)
Event: 4.641 Thread 0x000001fe2be8ef70 nmethod 2925 0x000001fe15b18310 code [0x000001fe15b184e0, 0x000001fe15b18980]
Event: 4.643 Thread 0x000001fe2be8ef70 2926       3       org.gradle.internal.service.ServiceAccess::getPublicScope (4 bytes)
Event: 4.643 Thread 0x000001fe2be8ef70 nmethod 2926 0x000001fe15b18a90 code [0x000001fe15b18c20, 0x000001fe15b18d18]
Event: 4.643 Thread 0x000001fe2be8ef70 2927       3       org.gradle.util.internal.CollectionUtils::collect (44 bytes)
Event: 4.643 Thread 0x000001fe2be8ef70 nmethod 2927 0x000001fe15b18d90 code [0x000001fe15b18fa0, 0x000001fe15b19538]
Event: 4.644 Thread 0x000001fe2be8ef70 2928       3       org.gradle.internal.service.DefaultServiceRegistry$CompositeServiceProvider::getService (52 bytes)
Event: 4.644 Thread 0x000001fe2be8ef70 nmethod 2928 0x000001fe15b19710 code [0x000001fe15b198e0, 0x000001fe15b19c10]
Event: 4.644 Thread 0x000001fe2be8ef70 2929       3       java.lang.invoke.LambdaForm::create (14 bytes)
Event: 4.644 Thread 0x000001fe2be8ef70 nmethod 2929 0x000001fe15b19d90 code [0x000001fe15b19f40, 0x000001fe15b1a070]
Event: 4.646 Thread 0x000001fe2be8ef70 2930       3       org.gradle.internal.service.DefaultServiceRegistry$OwnServices::add (82 bytes)
Event: 4.646 Thread 0x000001fe2be8ef70 nmethod 2930 0x000001fe15b1a110 code [0x000001fe15b1a380, 0x000001fe15b1adf8]
Event: 4.646 Thread 0x000001fe2be8ef70 2931       3       org.gradle.internal.service.DefaultServiceRegistry::access$1300 (5 bytes)
Event: 4.647 Thread 0x000001fe2be8ef70 nmethod 2931 0x000001fe15b1b190 code [0x000001fe15b1b340, 0x000001fe15b1b460]

GC Heap History (6 events):
Event: 0.421 GC heap before
{Heap before GC invocations=0 (full 0):
 garbage-first heap   total 129024K, used 20480K [0x0000000700000000, 0x0000000800000000)
  region size 2048K, 10 young (20480K), 0 survivors (0K)
 Metaspace       used 885K, committed 1024K, reserved 917504K
  class space    used 73K, committed 128K, reserved 851968K
}
Event: 0.425 GC heap after
{Heap after GC invocations=1 (full 0):
 garbage-first heap   total 129024K, used 1424K [0x0000000700000000, 0x0000000800000000)
  region size 2048K, 1 young (2048K), 1 survivors (2048K)
 Metaspace       used 885K, committed 1024K, reserved 917504K
  class space    used 73K, committed 128K, reserved 851968K
}
Event: 1.592 GC heap before
{Heap before GC invocations=1 (full 0):
 garbage-first heap   total 129024K, used 40336K [0x0000000700000000, 0x0000000800000000)
  region size 2048K, 19 young (38912K), 1 survivors (2048K)
 Metaspace       used 4416K, committed 4608K, reserved 917504K
  class space    used 561K, committed 640K, reserved 851968K
}
Event: 1.598 GC heap after
{Heap after GC invocations=2 (full 0):
 garbage-first heap   total 129024K, used 11763K [0x0000000700000000, 0x0000000800000000)
  region size 2048K, 3 young (6144K), 3 survivors (6144K)
 Metaspace       used 4416K, committed 4608K, reserved 917504K
  class space    used 561K, committed 640K, reserved 851968K
}
Event: 2.716 GC heap before
{Heap before GC invocations=2 (full 0):
 garbage-first heap   total 129024K, used 81395K [0x0000000700000000, 0x0000000800000000)
  region size 2048K, 37 young (75776K), 3 survivors (6144K)
 Metaspace       used 9586K, committed 9920K, reserved 917504K
  class space    used 1310K, committed 1472K, reserved 851968K
}
Event: 2.723 GC heap after
{Heap after GC invocations=3 (full 0):
 garbage-first heap   total 129024K, used 20193K [0x0000000700000000, 0x0000000800000000)
  region size 2048K, 5 young (10240K), 5 survivors (10240K)
 Metaspace       used 9586K, committed 9920K, reserved 917504K
  class space    used 1310K, committed 1472K, reserved 851968K
}

Dll operation events (14 events):
Event: 0.023 Loaded shared library C:\Users\HARUN BERNA MUTLU\.antigravity\extensions\redhat.java-1.54.0-win32-x64\jre\21.0.10-win32-x86_64\bin\java.dll
Event: 0.090 Loaded shared library C:\Users\HARUN BERNA MUTLU\.antigravity\extensions\redhat.java-1.54.0-win32-x64\jre\21.0.10-win32-x86_64\bin\zip.dll
Event: 0.137 Loaded shared library C:\Users\HARUN BERNA MUTLU\.antigravity\extensions\redhat.java-1.54.0-win32-x64\jre\21.0.10-win32-x86_64\bin\instrument.dll
Event: 0.143 Loaded shared library C:\Users\HARUN BERNA MUTLU\.antigravity\extensions\redhat.java-1.54.0-win32-x64\jre\21.0.10-win32-x86_64\bin\net.dll
Event: 0.145 Loaded shared library C:\Users\HARUN BERNA MUTLU\.antigravity\extensions\redhat.java-1.54.0-win32-x64\jre\21.0.10-win32-x86_64\bin\nio.dll
Event: 0.147 Loaded shared library C:\Users\HARUN BERNA MUTLU\.antigravity\extensions\redhat.java-1.54.0-win32-x64\jre\21.0.10-win32-x86_64\bin\zip.dll
Event: 0.437 Loaded shared library C:\Users\HARUN BERNA MUTLU\.antigravity\extensions\redhat.java-1.54.0-win32-x64\jre\21.0.10-win32-x86_64\bin\jimage.dll
Event: 0.750 Loaded shared library C:\Users\HARUN BERNA MUTLU\.antigravity\extensions\redhat.java-1.54.0-win32-x64\jre\21.0.10-win32-x86_64\bin\verify.dll
Event: 0.910 Loaded shared library C:\Users\HARUN BERNA MUTLU\.gradle\native\1def1411415f61bf3af743bc5b6707747c0891f09f0c88961ee8f79bc544acac\windows-amd64\native-platform.dll
Event: 1.044 Loaded shared library C:\Users\HARUN BERNA MUTLU\.gradle\native\0.2.7\x86_64-windows-gnu\gradle-fileevents.dll
Event: 2.291 Loaded shared library C:\Users\HARUN BERNA MUTLU\.antigravity\extensions\redhat.java-1.54.0-win32-x64\jre\21.0.10-win32-x86_64\bin\management.dll
Event: 2.294 Loaded shared library C:\Users\HARUN BERNA MUTLU\.antigravity\extensions\redhat.java-1.54.0-win32-x64\jre\21.0.10-win32-x86_64\bin\management_ext.dll
Event: 2.438 Loaded shared library C:\Users\HARUN BERNA MUTLU\.antigravity\extensions\redhat.java-1.54.0-win32-x64\jre\21.0.10-win32-x86_64\bin\extnet.dll
Event: 2.746 Loaded shared library C:\Users\HARUN BERNA MUTLU\.antigravity\extensions\redhat.java-1.54.0-win32-x64\jre\21.0.10-win32-x86_64\bin\sunmscapi.dll

Deoptimization events (20 events):
Event: 3.147 Thread 0x000001fe65be5000 Uncommon trap: trap_request=0xffffff45 fr.pc=0x000001fe1d0eae54 relative=0x0000000000000294
Event: 3.147 Thread 0x000001fe65be5000 Uncommon trap: reason=unstable_if action=reinterpret pc=0x000001fe1d0eae54 method=java.util.concurrent.ConcurrentHashMap.get(Ljava/lang/Object;)Ljava/lang/Object; @ 76 c2
Event: 3.147 Thread 0x000001fe65be5000 DEOPT PACKING pc=0x000001fe1d0eae54 sp=0x000000023b3fb9c0
Event: 3.147 Thread 0x000001fe65be5000 DEOPT UNPACKING pc=0x000001fe1cb04422 sp=0x000000023b3fb938 mode 2
Event: 3.227 Thread 0x000001fe65be5000 Uncommon trap: trap_request=0xffffff45 fr.pc=0x000001fe1d176f64 relative=0x00000000000007e4
Event: 3.227 Thread 0x000001fe65be5000 Uncommon trap: reason=unstable_if action=reinterpret pc=0x000001fe1d176f64 method=java.lang.StringLatin1.toUpperCase(Ljava/lang/String;[BLjava/util/Locale;)Ljava/lang/String; @ 73 c2
Event: 3.227 Thread 0x000001fe65be5000 DEOPT PACKING pc=0x000001fe1d176f64 sp=0x000000023b3fc4b0
Event: 3.227 Thread 0x000001fe65be5000 DEOPT UNPACKING pc=0x000001fe1cb04422 sp=0x000000023b3fc450 mode 2
Event: 3.859 Thread 0x000001fe65be5000 Uncommon trap: trap_request=0xffffff45 fr.pc=0x000001fe1d075b40 relative=0x0000000000000d40
Event: 3.859 Thread 0x000001fe65be5000 Uncommon trap: reason=unstable_if action=reinterpret pc=0x000001fe1d075b40 method=java.io.WinNTFileSystem.resolve(Ljava/lang/String;Ljava/lang/String;)Ljava/lang/String; @ 19 c2
Event: 3.859 Thread 0x000001fe65be5000 DEOPT PACKING pc=0x000001fe1d075b40 sp=0x000000023b3faf90
Event: 3.860 Thread 0x000001fe65be5000 DEOPT UNPACKING pc=0x000001fe1cb04422 sp=0x000000023b3faf28 mode 2
Event: 3.864 Thread 0x000001fe65be5000 Uncommon trap: trap_request=0xffffff45 fr.pc=0x000001fe1d0f5134 relative=0x0000000000000654
Event: 3.864 Thread 0x000001fe65be5000 Uncommon trap: reason=unstable_if action=reinterpret pc=0x000001fe1d0f5134 method=java.io.File.getName()Ljava/lang/String; @ 16 c2
Event: 3.864 Thread 0x000001fe65be5000 DEOPT PACKING pc=0x000001fe1d0f5134 sp=0x000000023b3faf50
Event: 3.864 Thread 0x000001fe65be5000 DEOPT UNPACKING pc=0x000001fe1cb04422 sp=0x000000023b3faf20 mode 2
Event: 4.190 Thread 0x000001fe65be5000 Uncommon trap: trap_request=0xffffff45 fr.pc=0x000001fe1d079d14 relative=0x00000000000000f4
Event: 4.190 Thread 0x000001fe65be5000 Uncommon trap: reason=unstable_if action=reinterpret pc=0x000001fe1d079d14 method=java.util.HashMap.hash(Ljava/lang/Object;)I @ 1 c2
Event: 4.190 Thread 0x000001fe65be5000 DEOPT PACKING pc=0x000001fe1d079d14 sp=0x000000023b3fc050
Event: 4.190 Thread 0x000001fe65be5000 DEOPT UNPACKING pc=0x000001fe1cb04422 sp=0x000000023b3fbf90 mode 2

Classes loaded (20 events):
Event: 4.416 Loading class java/lang/invoke/BoundMethodHandle$Species_LLLLLLLLLLLLLLLLLL
Event: 4.416 Loading class java/lang/invoke/BoundMethodHandle$Species_LLLLLLLLLLLLLLLLLL done
Event: 4.418 Loading class java/lang/invoke/BoundMethodHandle$Species_LLLLLLLLLLLLLLLLLLL
Event: 4.418 Loading class java/lang/invoke/BoundMethodHandle$Species_LLLLLLLLLLLLLLLLLLL done
Event: 4.422 Loading class java/lang/invoke/BoundMethodHandle$Species_LLLLLLLLLLLLLLLLLLLL
Event: 4.422 Loading class java/lang/invoke/BoundMethodHandle$Species_LLLLLLLLLLLLLLLLLLLL done
Event: 4.424 Loading class java/lang/invoke/BoundMethodHandle$Species_LLLLLLLLLLLLLLLLLLLLL
Event: 4.424 Loading class java/lang/invoke/BoundMethodHandle$Species_LLLLLLLLLLLLLLLLLLLLL done
Event: 4.425 Loading class java/lang/invoke/BoundMethodHandle$Species_LLLLLLLLLLLLLLLLLLLLLL
Event: 4.425 Loading class java/lang/invoke/BoundMethodHandle$Species_LLLLLLLLLLLLLLLLLLLLLL done
Event: 4.429 Loading class java/lang/invoke/BoundMethodHandle$Species_LLLLLLLLLLLLLLLLLLLLLLL
Event: 4.429 Loading class java/lang/invoke/BoundMethodHandle$Species_LLLLLLLLLLLLLLLLLLLLLLL done
Event: 4.447 Loading class java/lang/invoke/BoundMethodHandle$Species_LLLLLLLLLLLLLLLLLLLLLLLL
Event: 4.447 Loading class java/lang/invoke/BoundMethodHandle$Species_LLLLLLLLLLLLLLLLLLLLLLLL done
Event: 4.566 Loading class java/util/function/LongFunction
Event: 4.566 Loading class java/util/function/LongFunction done
Event: 4.627 Loading class java/security/InvalidKeyException
Event: 4.627 Loading class java/security/KeyException
Event: 4.628 Loading class java/security/KeyException done
Event: 4.628 Loading class java/security/InvalidKeyException done

Classes unloaded (0 events):
No events

Classes redefined (0 events):
No events

Internal exceptions (20 events):
Event: 3.518 Thread 0x000001fe65be5000 Exception <a 'java/lang/NoSuchMethodError'{0x0000000706109ee8}: 'java.lang.Object java.lang.invoke.DirectMethodHandle$Holder.newInvokeSpecial(java.lang.Object, java.lang.Object, int)'> (0x0000000706109ee8) 
thrown [s\src\hotspot\share\interpreter\linkResolver.cpp, line 773]
Event: 3.712 Thread 0x000001fe65be5000 Exception <a 'java/lang/NoSuchMethodError'{0x0000000705d1dd88}: 'java.lang.Object java.lang.invoke.DirectMethodHandle$Holder.invokeVirtual(java.lang.Object, java.lang.Object, java.lang.Object, java.lang.Object, java.lang.Object, java.lang.Object, java.lang.Object, java.lang.Object)'> (0x0000000705d1dd88) 
thrown [s\src\hotspot\share\interpreter\linkResolver.cpp, line 773]
Event: 3.857 Thread 0x000001fe65be5000 Exception <a 'java/lang/NoSuchMethodError'{0x0000000705dcd5e8}: 'java.lang.Object java.lang.invoke.DirectMethodHandle$Holder.invokeVirtual(java.lang.Object, java.lang.Object, java.lang.Object, java.lang.Object, java.lang.Object, java.lang.Object, java.lang.Object, java.lang.Object, java.lang.Object, java.lang.Object)'> (0x0000000705dcd5e8) 
thrown [s\src\hotspot\share\interpreter\linkResolver.cpp, line 773]
Event: 3.968 Thread 0x000001fe65be5000 Exception <a 'java/lang/NoSuchMethodError'{0x0000000705aba7c8}: 'java.lang.Object java.lang.invoke.DirectMethodHandle$Holder.invokeInterface(java.lang.Object, java.lang.Object, java.lang.Object)'> (0x0000000705aba7c8) 
thrown [s\src\hotspot\share\interpreter\linkResolver.cpp, line 773]
Event: 4.075 Thread 0x000001fe65be5000 Exception <a 'java/lang/NoSuchMethodError'{0x0000000705bb8940}: 'int java.lang.invoke.DirectMethodHandle$Holder.invokeSpecialIFC(java.lang.Object, java.lang.Object, java.lang.Object, java.lang.Object)'> (0x0000000705bb8940) 
thrown [s\src\hotspot\share\interpreter\linkResolver.cpp, line 773]
Event: 4.110 Thread 0x000001fe65be5000 Exception <a 'java/lang/IncompatibleClassChangeError'{0x0000000705bc5d98}: Found class java.lang.Object, but interface was expected> (0x0000000705bc5d98) 
thrown [s\src\hotspot\share\interpreter\linkResolver.cpp, line 840]
Event: 4.190 Thread 0x000001fe65be5000 Implicit null exception at 0x000001fe1d079c66 to 0x000001fe1d079d0a
Event: 4.233 Thread 0x000001fe65be5000 Exception <a 'java/lang/NoSuchMethodError'{0x00000007059b3240}: 'int java.lang.invoke.DirectMethodHandle$Holder.invokeStatic(java.lang.Object, java.lang.Object, java.lang.Object, java.lang.Object)'> (0x00000007059b3240) 
thrown [s\src\hotspot\share\interpreter\linkResolver.cpp, line 773]
Event: 4.316 Thread 0x000001fe65be5000 Exception <a 'java/lang/NoSuchMethodError'{0x000000070542fa90}: 'java.lang.Object java.lang.invoke.DelegatingMethodHandle$Holder.reinvoke_L(java.lang.Object, java.lang.Object, java.lang.Object, java.lang.Object, java.lang.Object, java.lang.Object, java.lang.Object, java.lang.Object, java.lang.Object, java.lang.Object, java.lang.Object, java.lang.Object, java.lang.Object, java.lang.Object, java.lang.Object, java.lang.Object, java.lang.Object, java.lang.Object, java.lang.Object, java.lang.Object, java.lang.O
Event: 4.324 Thread 0x000001fe65be5000 Exception <a 'java/lang/NoSuchMethodError'{0x000000070549de60}: 'java.lang.Object java.lang.invoke.DirectMethodHandle$Holder.invokeStatic(java.lang.Object, java.lang.Object, java.lang.Object, java.lang.Object, java.lang.Object, java.lang.Object, java.lang.Object, java.lang.Object, java.lang.Object, java.lang.Object, java.lang.Object, java.lang.Object, java.lang.Object, java.lang.Object, java.lang.Object, java.lang.Object, java.lang.Object)'> (0x000000070549de60) 
thrown [s\src\hotspot\share\interpreter\lin
Event: 4.399 Thread 0x000001fe65be5000 Exception <a 'java/lang/NoSuchMethodError'{0x00000007054c6a18}: 'java.lang.Object java.lang.invoke.DirectMethodHandle$Holder.invokeStatic(java.lang.Object, java.lang.Object, java.lang.Object, java.lang.Object, java.lang.Object, java.lang.Object, java.lang.Object, java.lang.Object, java.lang.Object, java.lang.Object, java.lang.Object, java.lang.Object, java.lang.Object, java.lang.Object, java.lang.Object, java.lang.Object, java.lang.Object, java.lang.Object)'> (0x00000007054c6a18) 
thrown [s\src\hotspot\sha
Event: 4.409 Thread 0x000001fe65be5000 Exception <a 'java/lang/NoSuchMethodError'{0x00000007054f0a58}: 'java.lang.Object java.lang.invoke.DirectMethodHandle$Holder.invokeStatic(java.lang.Object, java.lang.Object, java.lang.Object, java.lang.Object, java.lang.Object, java.lang.Object, java.lang.Object, java.lang.Object, java.lang.Object, java.lang.Object, java.lang.Object, java.lang.Object, java.lang.Object, java.lang.Object, java.lang.Object, java.lang.Object, java.lang.Object, java.lang.Object, java.lang.Object)'> (0x00000007054f0a58) 
thrown 
Event: 4.413 Thread 0x000001fe65be5000 Exception <a 'java/lang/NoSuchMethodError'{0x000000070551bec8}: 'java.lang.Object java.lang.invoke.DirectMethodHandle$Holder.invokeStatic(java.lang.Object, java.lang.Object, java.lang.Object, java.lang.Object, java.lang.Object, java.lang.Object, java.lang.Object, java.lang.Object, java.lang.Object, java.lang.Object, java.lang.Object, java.lang.Object, java.lang.Object, java.lang.Object, java.lang.Object, java.lang.Object, java.lang.Object, java.lang.Object, java.lang.Object, java.lang.Object)'> (0x00000007
Event: 4.417 Thread 0x000001fe65be5000 Exception <a 'java/lang/NoSuchMethodError'{0x0000000705548548}: 'java.lang.Object java.lang.invoke.DirectMethodHandle$Holder.invokeStatic(java.lang.Object, java.lang.Object, java.lang.Object, java.lang.Object, java.lang.Object, java.lang.Object, java.lang.Object, java.lang.Object, java.lang.Object, java.lang.Object, java.lang.Object, java.lang.Object, java.lang.Object, java.lang.Object, java.lang.Object, java.lang.Object, java.lang.Object, java.lang.Object, java.lang.Object, java.lang.Object, java.lang.Obj
Event: 4.419 Thread 0x000001fe65be5000 Exception <a 'java/lang/NoSuchMethodError'{0x0000000705575b38}: 'java.lang.Object java.lang.invoke.DirectMethodHandle$Holder.invokeStatic(java.lang.Object, java.lang.Object, java.lang.Object, java.lang.Object, java.lang.Object, java.lang.Object, java.lang.Object, java.lang.Object, java.lang.Object, java.lang.Object, java.lang.Object, java.lang.Object, java.lang.Object, java.lang.Object, java.lang.Object, java.lang.Object, java.lang.Object, java.lang.Object, java.lang.Object, java.lang.Object, java.lang.Obj
Event: 4.423 Thread 0x000001fe65be5000 Exception <a 'java/lang/NoSuchMethodError'{0x00000007055aa248}: 'java.lang.Object java.lang.invoke.DirectMethodHandle$Holder.invokeStatic(java.lang.Object, java.lang.Object, java.lang.Object, java.lang.Object, java.lang.Object, java.lang.Object, java.lang.Object, java.lang.Object, java.lang.Object, java.lang.Object, java.lang.Object, java.lang.Object, java.lang.Object, java.lang.Object, java.lang.Object, java.lang.Object, java.lang.Object, java.lang.Object, java.lang.Object, java.lang.Object, java.lang.Obj
Event: 4.425 Thread 0x000001fe65be5000 Exception <a 'java/lang/NoSuchMethodError'{0x00000007055d93b0}: 'java.lang.Object java.lang.invoke.DirectMethodHandle$Holder.invokeStatic(java.lang.Object, java.lang.Object, java.lang.Object, java.lang.Object, java.lang.Object, java.lang.Object, java.lang.Object, java.lang.Object, java.lang.Object, java.lang.Object, java.lang.Object, java.lang.Object, java.lang.Object, java.lang.Object, java.lang.Object, java.lang.Object, java.lang.Object, java.lang.Object, java.lang.Object, java.lang.Object, java.lang.Obj
Event: 4.427 Thread 0x000001fe65be5000 Exception <a 'java/lang/NoSuchMethodError'{0x0000000705209bd8}: 'java.lang.Object java.lang.invoke.DirectMethodHandle$Holder.invokeStatic(java.lang.Object, java.lang.Object, java.lang.Object, java.lang.Object, java.lang.Object, java.lang.Object, java.lang.Object, java.lang.Object, java.lang.Object, java.lang.Object, java.lang.Object, java.lang.Object, java.lang.Object, java.lang.Object, java.lang.Object, java.lang.Object, java.lang.Object, java.lang.Object, java.lang.Object, java.lang.Object, java.lang.Obj
Event: 4.432 Thread 0x000001fe65be5000 Exception <a 'java/lang/NoSuchMethodError'{0x000000070523a568}: 'java.lang.Object java.lang.invoke.DirectMethodHandle$Holder.invokeStatic(java.lang.Object, java.lang.Object, java.lang.Object, java.lang.Object, java.lang.Object, java.lang.Object, java.lang.Object, java.lang.Object, java.lang.Object, java.lang.Object, java.lang.Object, java.lang.Object, java.lang.Object, java.lang.Object, java.lang.Object, java.lang.Object, java.lang.Object, java.lang.Object, java.lang.Object, java.lang.Object, java.lang.Obj
Event: 4.449 Thread 0x000001fe65be5000 Exception <a 'java/lang/NoSuchMethodError'{0x000000070526ce10}: 'java.lang.Object java.lang.invoke.DirectMethodHandle$Holder.invokeStatic(java.lang.Object, java.lang.Object, java.lang.Object, java.lang.Object, java.lang.Object, java.lang.Object, java.lang.Object, java.lang.Object, java.lang.Object, java.lang.Object, java.lang.Object, java.lang.Object, java.lang.Object, java.lang.Object, java.lang.Object, java.lang.Object, java.lang.Object, java.lang.Object, java.lang.Object, java.lang.Object, java.lang.Obj

ZGC Phase Switch (0 events):
No events

VM Operations (20 events):
Event: 2.468 Executing non-safepoint VM operation: HandshakeAllThreads (Deoptimize)
Event: 2.468 Executing non-safepoint VM operation: HandshakeAllThreads (Deoptimize) done
Event: 2.507 Executing non-safepoint VM operation: HandshakeAllThreads (Deoptimize)
Event: 2.507 Executing non-safepoint VM operation: HandshakeAllThreads (Deoptimize) done
Event: 2.539 Executing non-safepoint VM operation: HandshakeAllThreads (Deoptimize)
Event: 2.541 Executing non-safepoint VM operation: HandshakeAllThreads (Deoptimize) done
Event: 2.716 Executing safepoint VM operation: G1CollectForAllocation (G1 Evacuation Pause)
Event: 2.723 Executing safepoint VM operation: G1CollectForAllocation (G1 Evacuation Pause) done
Event: 2.731 Executing non-safepoint VM operation: HandshakeAllThreads (Deoptimize)
Event: 2.731 Executing non-safepoint VM operation: HandshakeAllThreads (Deoptimize) done
Event: 3.180 Executing non-safepoint VM operation: HandshakeAllThreads (Deoptimize)
Event: 3.180 Executing non-safepoint VM operation: HandshakeAllThreads (Deoptimize) done
Event: 3.516 Executing non-safepoint VM operation: HandshakeAllThreads (Deoptimize)
Event: 3.516 Executing non-safepoint VM operation: HandshakeAllThreads (Deoptimize) done
Event: 3.840 Executing safepoint VM operation: ICBufferFull
Event: 3.840 Executing safepoint VM operation: ICBufferFull done
Event: 4.461 Executing non-safepoint VM operation: HandshakeAllThreads (Deoptimize)
Event: 4.461 Executing non-safepoint VM operation: HandshakeAllThreads (Deoptimize) done
Event: 4.462 Executing non-safepoint VM operation: HandshakeAllThreads (Deoptimize)
Event: 4.463 Executing non-safepoint VM operation: HandshakeAllThreads (Deoptimize) done

Memory protections (0 events):
No events

Nmethod flushes (0 events):
No events

Events (20 events):
Event: 0.095 Thread 0x000001fe0ff37cf0 Thread added: 0x000001fe2be8ef70
Event: 0.140 Thread 0x000001fe0ff37cf0 Thread added: 0x000001fe65155170
Event: 0.160 Thread 0x000001fe0ff37cf0 Thread added: 0x000001fe651910b0
Event: 0.435 Thread 0x000001fe2be8ef70 Thread added: 0x000001fe652eded0
Event: 1.047 Thread 0x000001fe652eded0 Thread exited: 0x000001fe652eded0
Event: 1.121 Thread 0x000001fe2be8ef70 Thread added: 0x000001fe657898d0
Event: 2.328 Thread 0x000001fe0ff37cf0 Thread added: 0x000001fe66639d30
Event: 2.567 Thread 0x000001fe0ff37cf0 Thread added: 0x000001fe65c1cb50
Event: 2.674 Thread 0x000001fe0ff37cf0 Thread added: 0x000001fe66a22080
Event: 2.777 Thread 0x000001fe65c1cb50 Thread added: 0x000001fe66a3c210
Event: 2.781 Thread 0x000001fe66a3c210 Thread added: 0x000001fe66a57fc0
Event: 2.831 Thread 0x000001fe66a3c210 Thread added: 0x000001fe65be4990
Event: 2.839 Thread 0x000001fe66a3c210 Thread added: 0x000001fe65be5000
Event: 2.852 Thread 0x000001fe65be5000 Thread added: 0x000001fe66df2a20
Event: 2.856 Thread 0x000001fe65be5000 Thread added: 0x000001fe66e01010
Event: 2.859 Thread 0x000001fe65be5000 Thread added: 0x000001fe66e016a0
Event: 3.516 Thread 0x000001fe65be5000 Thread added: 0x000001fe66e00980
Event: 3.549 Thread 0x000001fe65be5000 Thread added: 0x000001fe66eacd20
Event: 3.639 Thread 0x000001fe66eacd20 Thread added: 0x000001fe66eac000
Event: 3.673 Thread 0x000001fe65be5000 Thread added: 0x000001fe66eab970


Dynamic libraries:
0x00007ff734590000 - 0x00007ff73459e000 	C:\Users\HARUN BERNA MUTLU\.antigravity\extensions\redhat.java-1.54.0-win32-x64\jre\21.0.10-win32-x86_64\bin\java.exe
0x00007ff875760000 - 0x00007ff8759c7000 	C:\WINDOWS\SYSTEM32\ntdll.dll
0x00007ff874190000 - 0x00007ff874259000 	C:\WINDOWS\System32\KERNEL32.DLL
0x00007ff8725d0000 - 0x00007ff8729c5000 	C:\WINDOWS\System32\KERNELBASE.dll
0x00007ff873270000 - 0x00007ff8733bb000 	C:\WINDOWS\System32\ucrtbase.dll
0x00007ff86d890000 - 0x00007ff86d8a8000 	C:\Users\HARUN BERNA MUTLU\.antigravity\extensions\redhat.java-1.54.0-win32-x64\jre\21.0.10-win32-x86_64\bin\jli.dll
0x00007ff873f60000 - 0x00007ff874126000 	C:\WINDOWS\System32\USER32.dll
0x00007ff873240000 - 0x00007ff873267000 	C:\WINDOWS\System32\win32u.dll
0x00007ff8756f0000 - 0x00007ff87571b000 	C:\WINDOWS\System32\GDI32.dll
0x00007ff8733c0000 - 0x00007ff8734ea000 	C:\WINDOWS\System32\gdi32full.dll
0x00007ff872520000 - 0x00007ff8725c3000 	C:\WINDOWS\System32\msvcp_win.dll
0x00007ff86bd50000 - 0x00007ff86bd6e000 	C:\Users\HARUN BERNA MUTLU\.antigravity\extensions\redhat.java-1.54.0-win32-x64\jre\21.0.10-win32-x86_64\bin\VCRUNTIME140.dll
0x00007ff860910000 - 0x00007ff860ba2000 	C:\WINDOWS\WinSxS\amd64_microsoft.windows.common-controls_6595b64144ccf1df_6.0.26100.8155_none_3e0b5daae331b4f8\COMCTL32.dll
0x00007ff874710000 - 0x00007ff8747b9000 	C:\WINDOWS\System32\msvcrt.dll
0x00007ff8736e0000 - 0x00007ff873712000 	C:\WINDOWS\System32\IMM32.DLL
0x00007ff86fb30000 - 0x00007ff86fb3c000 	C:\Users\HARUN BERNA MUTLU\.antigravity\extensions\redhat.java-1.54.0-win32-x64\jre\21.0.10-win32-x86_64\bin\vcruntime140_1.dll
0x00007ff856d00000 - 0x00007ff856d8d000 	C:\Users\HARUN BERNA MUTLU\.antigravity\extensions\redhat.java-1.54.0-win32-x64\jre\21.0.10-win32-x86_64\bin\msvcp140.dll
0x00007fffd9d30000 - 0x00007fffdaad1000 	C:\Users\HARUN BERNA MUTLU\.antigravity\extensions\redhat.java-1.54.0-win32-x64\jre\21.0.10-win32-x86_64\bin\server\jvm.dll
0x00007ff873ea0000 - 0x00007ff873f56000 	C:\WINDOWS\System32\ADVAPI32.dll
0x00007ff874580000 - 0x00007ff874627000 	C:\WINDOWS\System32\sechost.dll
0x00007ff874df0000 - 0x00007ff874f08000 	C:\WINDOWS\System32\RPCRT4.dll
0x00007ff874360000 - 0x00007ff8743e0000 	C:\WINDOWS\System32\WS2_32.dll
0x00007ff8720b0000 - 0x00007ff87210e000 	C:\WINDOWS\SYSTEM32\POWRPROF.dll
0x00007ff861810000 - 0x00007ff861846000 	C:\WINDOWS\SYSTEM32\WINMM.dll
0x00007ff865dc0000 - 0x00007ff865dcb000 	C:\WINDOWS\SYSTEM32\VERSION.dll
0x00007ff872090000 - 0x00007ff8720a4000 	C:\WINDOWS\SYSTEM32\UMPDC.dll
0x00007ff870f20000 - 0x00007ff870f3b000 	C:\WINDOWS\SYSTEM32\kernel.appcore.dll
0x00007ff86f470000 - 0x00007ff86f47a000 	C:\Users\HARUN BERNA MUTLU\.antigravity\extensions\redhat.java-1.54.0-win32-x64\jre\21.0.10-win32-x86_64\bin\jimage.dll
0x00007ff860440000 - 0x00007ff860682000 	C:\WINDOWS\SYSTEM32\DBGHELP.DLL
0x00007ff874a60000 - 0x00007ff874de2000 	C:\WINDOWS\System32\combase.dll
0x00007ff874630000 - 0x00007ff874707000 	C:\WINDOWS\System32\OLEAUT32.dll
0x00007ff857a00000 - 0x00007ff857a3b000 	C:\WINDOWS\SYSTEM32\dbgcore.DLL
0x00007ff871fe0000 - 0x00007ff872085000 	C:\WINDOWS\SYSTEM32\bcryptprimitives.dll
0x00007ff86bc80000 - 0x00007ff86bc8f000 	C:\Users\HARUN BERNA MUTLU\.antigravity\extensions\redhat.java-1.54.0-win32-x64\jre\21.0.10-win32-x86_64\bin\instrument.dll
0x00007ff862a60000 - 0x00007ff862a80000 	C:\Users\HARUN BERNA MUTLU\.antigravity\extensions\redhat.java-1.54.0-win32-x64\jre\21.0.10-win32-x86_64\bin\java.dll
0x00007ff873730000 - 0x00007ff873e99000 	C:\WINDOWS\System32\SHELL32.dll
0x00007ff8729d0000 - 0x00007ff873239000 	C:\WINDOWS\System32\windows.storage.dll
0x00007ff8743f0000 - 0x00007ff8744e9000 	C:\WINDOWS\System32\SHCORE.dll
0x00007ff874260000 - 0x00007ff8742c6000 	C:\WINDOWS\System32\shlwapi.dll
0x00007ff872170000 - 0x00007ff872199000 	C:\WINDOWS\SYSTEM32\profapi.dll
0x00007ff862060000 - 0x00007ff862078000 	C:\Users\HARUN BERNA MUTLU\.antigravity\extensions\redhat.java-1.54.0-win32-x64\jre\21.0.10-win32-x86_64\bin\zip.dll
0x00007ff862be0000 - 0x00007ff862bf0000 	C:\Users\HARUN BERNA MUTLU\.antigravity\extensions\redhat.java-1.54.0-win32-x64\jre\21.0.10-win32-x86_64\bin\net.dll
0x00007ff86bda0000 - 0x00007ff86becd000 	C:\WINDOWS\SYSTEM32\WINHTTP.dll
0x00007ff871490000 - 0x00007ff8714fc000 	C:\WINDOWS\system32\mswsock.dll
0x00007ff861ff0000 - 0x00007ff862006000 	C:\Users\HARUN BERNA MUTLU\.antigravity\extensions\redhat.java-1.54.0-win32-x64\jre\21.0.10-win32-x86_64\bin\nio.dll
0x00007ff862a50000 - 0x00007ff862a60000 	C:\Users\HARUN BERNA MUTLU\.antigravity\extensions\redhat.java-1.54.0-win32-x64\jre\21.0.10-win32-x86_64\bin\verify.dll
0x00007ff861f70000 - 0x00007ff861f97000 	C:\Users\HARUN BERNA MUTLU\.gradle\native\1def1411415f61bf3af743bc5b6707747c0891f09f0c88961ee8f79bc544acac\windows-amd64\native-platform.dll
0x00007ff856790000 - 0x00007ff856808000 	C:\Users\HARUN BERNA MUTLU\.gradle\native\0.2.7\x86_64-windows-gnu\gradle-fileevents.dll
0x00007ff862050000 - 0x00007ff86205a000 	C:\Users\HARUN BERNA MUTLU\.antigravity\extensions\redhat.java-1.54.0-win32-x64\jre\21.0.10-win32-x86_64\bin\management.dll
0x00007ff861fc0000 - 0x00007ff861fcc000 	C:\Users\HARUN BERNA MUTLU\.antigravity\extensions\redhat.java-1.54.0-win32-x64\jre\21.0.10-win32-x86_64\bin\management_ext.dll
0x00007ff875420000 - 0x00007ff875428000 	C:\WINDOWS\System32\PSAPI.DLL
0x00007ff870840000 - 0x00007ff870872000 	C:\WINDOWS\SYSTEM32\IPHLPAPI.DLL
0x00007ff8736d0000 - 0x00007ff8736da000 	C:\WINDOWS\System32\NSI.dll
0x00007ff861fb0000 - 0x00007ff861fb9000 	C:\Users\HARUN BERNA MUTLU\.antigravity\extensions\redhat.java-1.54.0-win32-x64\jre\21.0.10-win32-x86_64\bin\extnet.dll
0x00007ff871770000 - 0x00007ff87178b000 	C:\WINDOWS\SYSTEM32\CRYPTSP.dll
0x00007ff870e80000 - 0x00007ff870eb9000 	C:\WINDOWS\system32\rsaenh.dll
0x00007ff871540000 - 0x00007ff871573000 	C:\WINDOWS\SYSTEM32\USERENV.dll
0x00007ff872140000 - 0x00007ff87216a000 	C:\WINDOWS\SYSTEM32\bcrypt.dll
0x00007ff871790000 - 0x00007ff87179c000 	C:\WINDOWS\SYSTEM32\CRYPTBASE.dll
0x00007ff85adc0000 - 0x00007ff85adce000 	C:\Users\HARUN BERNA MUTLU\.antigravity\extensions\redhat.java-1.54.0-win32-x64\jre\21.0.10-win32-x86_64\bin\sunmscapi.dll
0x00007ff8723a0000 - 0x00007ff872517000 	C:\WINDOWS\System32\CRYPT32.dll
0x00007ff871990000 - 0x00007ff8719c0000 	C:\WINDOWS\SYSTEM32\ncrypt.dll
0x00007ff871940000 - 0x00007ff87197f000 	C:\WINDOWS\SYSTEM32\NTASN1.dll
0x00007ff862820000 - 0x00007ff862828000 	C:\WINDOWS\system32\wshunix.dll

JVMTI agents:
C:\Users\HARUN BERNA MUTLU\.gradle\wrapper\dists\gradle-8.13-bin\5xuhj0ry160q40clulazy9h7d\gradle-8.13\lib\agents\gradle-instrumentation-agent-8.13.jar path:C:\Users\HARUN BERNA MUTLU\.antigravity\extensions\redhat.java-1.54.0-win32-x64\jre\21.0.10-win32-x86_64\bin\instrument.dll, loaded, initialized, instrumentlib options:none

dbghelp: loaded successfully - version: 4.0.5 - missing functions: none
symbol engine: initialized successfully - sym options: 0x614 - pdb path: .;C:\Users\HARUN BERNA MUTLU\.antigravity\extensions\redhat.java-1.54.0-win32-x64\jre\21.0.10-win32-x86_64\bin;C:\WINDOWS\SYSTEM32;C:\WINDOWS\WinSxS\amd64_microsoft.windows.common-controls_6595b64144ccf1df_6.0.26100.8155_none_3e0b5daae331b4f8;C:\Users\HARUN BERNA MUTLU\.antigravity\extensions\redhat.java-1.54.0-win32-x64\jre\21.0.10-win32-x86_64\bin\server;C:\Users\HARUN BERNA MUTLU\.gradle\native\1def1411415f61bf3af743bc5b6707747c0891f09f0c88961ee8f79bc544acac\windows-amd64;C:\Users\HARUN BERNA MUTLU\.gradle\native\0.2.7\x86_64-windows-gnu

VM Arguments:
jvm_args: --add-opens=java.base/java.lang=ALL-UNNAMED --add-opens=java.base/java.lang.invoke=ALL-UNNAMED --add-opens=java.base/java.util=ALL-UNNAMED --add-opens=java.prefs/java.util.prefs=ALL-UNNAMED --add-exports=jdk.compiler/com.sun.tools.javac.api=ALL-UNNAMED --add-exports=jdk.compiler/com.sun.tools.javac.util=ALL-UNNAMED --add-opens=java.base/java.util=ALL-UNNAMED --add-opens=java.prefs/java.util.prefs=ALL-UNNAMED --add-opens=java.base/java.nio.charset=ALL-UNNAMED --add-opens=java.base/java.net=ALL-UNNAMED --add-opens=java.base/java.util.concurrent.atomic=ALL-UNNAMED --add-opens=java.xml/javax.xml.namespace=ALL-UNNAMED -XX:MaxMetaspaceSize=1024m -XX:+HeapDumpOnOutOfMemoryError -Xmx4096m -Dfile.encoding=UTF-8 -Duser.country=TR -Duser.language=tr -Duser.variant -javaagent:C:\Users\HARUN BERNA MUTLU\.gradle\wrapper\dists\gradle-8.13-bin\5xuhj0ry160q40clulazy9h7d\gradle-8.13\lib\agents\gradle-instrumentation-agent-8.13.jar 
java_command: org.gradle.launcher.daemon.bootstrap.GradleDaemon 8.13
java_class_path (initial): C:\Users\HARUN BERNA MUTLU\.gradle\wrapper\dists\gradle-8.13-bin\5xuhj0ry160q40clulazy9h7d\gradle-8.13\lib\gradle-daemon-main-8.13.jar
Launcher Type: SUN_STANDARD

[Global flags]
     intx CICompilerCount                          = 3                                         {product} {ergonomic}
   size_t CompressedClassSpaceSize                 = 872415232                                 {product} {ergonomic}
     uint ConcGCThreads                            = 2                                         {product} {ergonomic}
     uint G1ConcRefinementThreads                  = 6                                         {product} {ergonomic}
   size_t G1HeapRegionSize                         = 2097152                                   {product} {ergonomic}
    uintx GCDrainStackTargetSize                   = 64                                        {product} {ergonomic}
     bool HeapDumpOnOutOfMemoryError               = true                                   {manageable} {command line}
   size_t InitialHeapSize                          = 132120576                                 {product} {ergonomic}
   size_t MarkStackSize                            = 4194304                                   {product} {ergonomic}
   size_t MaxHeapSize                              = 4294967296                                {product} {command line}
   size_t MaxMetaspaceSize                         = 1073741824                                {product} {command line}
   size_t MaxNewSize                               = 2575302656                                {product} {ergonomic}
   size_t MinHeapDeltaBytes                        = 2097152                                   {product} {ergonomic}
   size_t MinHeapSize                              = 8388608                                   {product} {ergonomic}
    uintx NonNMethodCodeHeapSize                   = 5832780                                {pd product} {ergonomic}
    uintx NonProfiledCodeHeapSize                  = 122912730                              {pd product} {ergonomic}
    uintx ProfiledCodeHeapSize                     = 122912730                              {pd product} {ergonomic}
    uintx ReservedCodeCacheSize                    = 251658240                              {pd product} {ergonomic}
     bool SegmentedCodeCache                       = true                                      {product} {ergonomic}
   size_t SoftMaxHeapSize                          = 4294967296                             {manageable} {ergonomic}
     bool UseCompressedOops                        = true                           {product lp64_product} {ergonomic}
     bool UseG1GC                                  = true                                      {product} {ergonomic}
     bool UseLargePagesIndividualAllocation        = false                                  {pd product} {ergonomic}

Logging:
Log output configuration:
 #0: stdout all=warning uptime,level,tags foldmultilines=false
 #1: stderr all=off uptime,level,tags foldmultilines=false

Release file:
JAVA_VERSION="21.0.10" 
MODULES="java.base java.compiler java.datatransfer java.xml java.prefs java.desktop java.instrument java.logging java.management java.security.sasl java.naming java.rmi java.management.rmi java.net.http java.scripting java.security.jgss java.transaction.xa java.sql java.sql.rowset java.xml.crypto java.se java.smartcardio jdk.accessibility jdk.internal.jvmstat jdk.attach jdk.charsets jdk.internal.opt jdk.zipfs jdk.compiler jdk.crypto.ec jdk.crypto.cryptoki jdk.crypto.mscapi jdk.dynalink jdk.internal.ed jdk.editpad jdk.hotspot.agent jdk.httpserver jdk.internal.le jdk.internal.vm.ci jdk.internal.vm.compiler jdk.internal.vm.compiler.management jdk.jartool jdk.javadoc jdk.jcmd jdk.management jdk.management.agent jdk.jconsole jdk.jdeps jdk.jdwp.agent jdk.jdi jdk.jfr jdk.jshell jdk.jsobject jdk.jstatd jdk.localedata jdk.management.jfr jdk.naming.dns jdk.naming.rmi jdk.net jdk.nio.mapmode jdk.random jdk.sctp jdk.security.auth jdk.security.jgss jdk.unsupported jdk.unsupported.desktop jdk.xml.dom" 

Environment Variables:
PATH=c:\Users\HARUN BERNA MUTLU\AppData\Local\Programs\cursor\resources\app\bin;C:\Program Files\Google\Chrome\Application;C:\Program Files\Common Files\Oracle\Java\javapath;C:\Program Files (x86)\Common Files\Oracle\Java\java8path;C:\Program Files (x86)\Common Files\Oracle\Java\javapath;C:\WINDOWS\system32;C:\WINDOWS;C:\WINDOWS\System32\Wbem;C:\WINDOWS\System32\WindowsPowerShell\v1.0\;C:\WINDOWS\System32\OpenSSH\;C:\Users\HARUN BERNA MUTLU\AppData\Local\Programs\Python\Python313\Scripts\;C:\Users\HARUN BERNA MUTLU\AppData\Local\Programs\Python\Python313\;C:\Users\HARUN BERNA MUTLU\AppData\Local\Programs\Python\Launcher\;C:\Users\HARUN BERNA MUTLU\AppData\Local\Microsoft\WindowsApps;C:\Users\HARUN BERNA MUTLU\Desktop\dart_sdk\dart-sdk\bin;C:\WINDOWS\system32;C:\WINDOWS;C:\WINDOWS\System32\Wbem;C:\WINDOWS\System32\WindowsPowerShell\v1.0\;C:\WINDOWS\System32\OpenSSH\;C:\Program Files\nodejs\;D:\flutter\bin;C:\Program Files\Git\cmd;C:\Users\HARUN BERNA MUTLU\AppData\Local\Programs\Python\Python314\Scripts\;C:\Users\HARUN BERNA MUTLU\AppData\Local\Programs\Python\Python314\;C:\Users\HARUN BERNA MUTLU\AppData\Local\Programs\Python\Python312\Scripts\;C:\Users\HARUN BERNA MUTLU\AppData\Local\Programs\Python\Python312\;C:\Users\HARUN BERNA MUTLU\AppData\Local\Microsoft\WindowsApps;C:\Users\HARUN BERNA MUTLU\Desktop\dart_sdk\dart-sdk\bin;C:\Users\HARUN BERNA MUTLU\AppData\Roaming\npm;C:\Users\HARUN BERNA MUTLU\AppData\Local\Programs\Antigravity\bin;C:\Users\HARUN BERNA MUTLU\AppData\Local\GitHubDesktop\bin;
USERNAME=HARUN MUTLU
OS=Windows_NT
PROCESSOR_IDENTIFIER=Intel64 Family 6 Model 158 Stepping 12, GenuineIntel
TMP=C:\Users\HARUNB~1\AppData\Local\Temp
TEMP=C:\Users\HARUNB~1\AppData\Local\Temp




Periodic native trim disabled

---------------  S Y S T E M  ---------------

OS:
 Windows 11 , 64 bit Build 26100 (10.0.26100.8155)
OS uptime: 16 days 4:19 hours

CPU: total 6 (initial active 6) (6 cores per cpu, 1 threads per core) family 6 model 158 stepping 12 microcode 0xde, cx8, cmov, fxsr, mmx, 3dnowpref, sse, sse2, sse3, ssse3, sse4.1, sse4.2, popcnt, lzcnt, tsc, tscinvbit, avx, avx2, aes, erms, clmul, bmi1, bmi2, adx, fma, vzeroupper, clflush, clflushopt, rdtscp, f16c
Processor Information for the first 6 processors :
  Max Mhz: 2904, Current Mhz: 2904, Mhz Limit: 2904

Memory: 4k page, system-wide physical 8049M (605M free)
TotalPageFile size 15476M (AvailPageFile size 1M)
current process WorkingSet (physical memory assigned to process): 221M, peak: 224M
current process commit charge ("private bytes"): 292M, peak: 297M

vm_info: OpenJDK 64-Bit Server VM (21.0.10+7-LTS) for windows-amd64 JRE (21.0.10+7-LTS), built on 2026-01-20T00:00:00Z by "admin" with MS VC++ 17.12 (VS2022)

END.
