#
# There is insufficient memory for the Java Runtime Environment to continue.
# Native memory allocation (malloc) failed to allocate 1646848 bytes for Chunk::new
# Possible reasons:
#   The system is out of physical RAM or swap space
#   The process is running with CompressedOops enabled, and the Java Heap may be blocking the growth of the native heap
# Possible solutions:
#   Reduce memory load on the system
#   Increase physical memory or swap space
#   Check if swap backing store is full
#   Decrease Java heap size (-Xmx/-Xms)
#   Decrease number of Java threads
#   Decrease Java thread stack sizes (-Xss)
#   Set larger code cache with -XX:ReservedCodeCacheSize=
#   JVM is running with Zero Based Compressed Oops mode in which the Java heap is
#     placed in the first 32GB address space. The Java Heap base address is the
#     maximum limit for the native heap growth. Please use -XX:HeapBaseMinAddress
#     to set the Java Heap base and to place the Java Heap above 32GB virtual address.
# This output file may be truncated or incomplete.
#
#  Out of Memory Error (arena.cpp:168), pid=11664, tid=7480
#
# JRE version: Java(TM) SE Runtime Environment (21.0.2+13) (build 21.0.2+13-LTS-58)
# Java VM: Java HotSpot(TM) 64-Bit Server VM (21.0.2+13-LTS-58, mixed mode, sharing, tiered, compressed oops, compressed class ptrs, g1 gc, windows-amd64)
# No core dump will be written. Minidumps are not enabled by default on client versions of Windows
#

---------------  S U M M A R Y ------------

Command Line: --add-opens=java.base/java.lang=ALL-UNNAMED --add-opens=java.base/java.lang.invoke=ALL-UNNAMED --add-opens=java.base/java.util=ALL-UNNAMED --add-opens=java.prefs/java.util.prefs=ALL-UNNAMED --add-exports=jdk.compiler/com.sun.tools.javac.api=ALL-UNNAMED --add-exports=jdk.compiler/com.sun.tools.javac.util=ALL-UNNAMED --add-opens=java.base/java.util=ALL-UNNAMED --add-opens=java.prefs/java.util.prefs=ALL-UNNAMED --add-opens=java.base/java.nio.charset=ALL-UNNAMED --add-opens=java.base/java.net=ALL-UNNAMED --add-opens=java.base/java.util.concurrent.atomic=ALL-UNNAMED --add-opens=java.xml/javax.xml.namespace=ALL-UNNAMED -XX:MaxMetaspaceSize=1024m -XX:+HeapDumpOnOutOfMemoryError -Xmx4096m -Dfile.encoding=UTF-8 -Duser.country=TR -Duser.language=tr -Duser.variant -javaagent:C:\Users\HARUN BERNA MUTLU\.gradle\wrapper\dists\gradle-8.13-bin\5xuhj0ry160q40clulazy9h7d\gradle-8.13\lib\agents\gradle-instrumentation-agent-8.13.jar org.gradle.launcher.daemon.bootstrap.GradleDaemon 8.13

Host: Intel(R) Core(TM) i5-9400 CPU @ 2.90GHz, 6 cores, 7G,  Windows 11 , 64 bit Build 26100 (10.0.26100.8155)
Time: Wed Apr 22 00:11:55 2026 Türkiye Standart Saati elapsed time: 4.616255 seconds (0d 0h 0m 4s)

---------------  T H R E A D  ---------------

Current thread (0x000001bcc85a69a0):  JavaThread "C2 CompilerThread0" daemon [_thread_in_native, id=7480, stack(0x0000000cce300000,0x0000000cce400000) (1024K)]


Current CompileTask:
C2:   4616 2889       4       java.net.URLClassLoader$1::run (5 bytes)

Stack: [0x0000000cce300000,0x0000000cce400000]
Native frames: (J=compiled Java code, j=interpreted, Vv=VM code, C=native code)
V  [jvm.dll+0x6cade9]
V  [jvm.dll+0x8569c1]
V  [jvm.dll+0x858d2e]
V  [jvm.dll+0x859413]
V  [jvm.dll+0x280e56]
V  [jvm.dll+0xc3f3d]
V  [jvm.dll+0xc4473]
V  [jvm.dll+0x3b5c2c]
V  [jvm.dll+0x1e2209]
V  [jvm.dll+0x249d22]
V  [jvm.dll+0x2491b1]
V  [jvm.dll+0x1c9634]
V  [jvm.dll+0x258859]
V  [jvm.dll+0x256e3a]
V  [jvm.dll+0x3ef6c6]
V  [jvm.dll+0x7ff568]
V  [jvm.dll+0x6c953d]
C  [ucrtbase.dll+0x37b0]
C  [KERNEL32.DLL+0x2e957]
C  [ntdll.dll+0x421c]


---------------  P R O C E S S  ---------------

Threads class SMR info:
_java_thread_list=0x000001bc84d3fde0, length=26, elements={
0x000001bca77480c0, 0x000001bcc85970d0, 0x000001bcc8599e00, 0x000001bcc85a1580,
0x000001bcc85a2780, 0x000001bcc85a4580, 0x000001bcc85a5ae0, 0x000001bcc85a69a0,
0x000001bcc85ad5d0, 0x000001bcc87cbf80, 0x000001bcc88f1000, 0x000001bcc8a30e40,
0x000001bc842e1820, 0x000001bc841d9430, 0x000001bc8447aa20, 0x000001bc8445b790,
0x000001bc8429c280, 0x000001bc8434a7e0, 0x000001bc8434c230, 0x000001bc84337070,
0x000001bc84338420, 0x000001bc84338ab0, 0x000001bc84335630, 0x000001bc84337700,
0x000001bc84335cc0, 0x000001bc84336350
}

Java Threads: ( => current thread )
  0x000001bca77480c0 JavaThread "main"                              [_thread_blocked, id=1536, stack(0x0000000ccd500000,0x0000000ccd600000) (1024K)]
  0x000001bcc85970d0 JavaThread "Reference Handler"          daemon [_thread_blocked, id=9080, stack(0x0000000ccdd00000,0x0000000ccde00000) (1024K)]
  0x000001bcc8599e00 JavaThread "Finalizer"                  daemon [_thread_blocked, id=4068, stack(0x0000000ccde00000,0x0000000ccdf00000) (1024K)]
  0x000001bcc85a1580 JavaThread "Signal Dispatcher"          daemon [_thread_blocked, id=9772, stack(0x0000000ccdf00000,0x0000000cce000000) (1024K)]
  0x000001bcc85a2780 JavaThread "Attach Listener"            daemon [_thread_blocked, id=13016, stack(0x0000000cce000000,0x0000000cce100000) (1024K)]
  0x000001bcc85a4580 JavaThread "Service Thread"             daemon [_thread_blocked, id=9548, stack(0x0000000cce100000,0x0000000cce200000) (1024K)]
  0x000001bcc85a5ae0 JavaThread "Monitor Deflation Thread"   daemon [_thread_blocked, id=9592, stack(0x0000000cce200000,0x0000000cce300000) (1024K)]
=>0x000001bcc85a69a0 JavaThread "C2 CompilerThread0"         daemon [_thread_in_native, id=7480, stack(0x0000000cce300000,0x0000000cce400000) (1024K)]
  0x000001bcc85ad5d0 JavaThread "C1 CompilerThread0"         daemon [_thread_blocked, id=11672, stack(0x0000000cce400000,0x0000000cce500000) (1024K)]
  0x000001bcc87cbf80 JavaThread "Common-Cleaner"             daemon [_thread_blocked, id=18144, stack(0x0000000cce500000,0x0000000cce600000) (1024K)]
  0x000001bcc88f1000 JavaThread "Notification Thread"        daemon [_thread_blocked, id=12332, stack(0x0000000cce600000,0x0000000cce700000) (1024K)]
  0x000001bcc8a30e40 JavaThread "C2 CompilerThread1"         daemon [_thread_blocked, id=15920, stack(0x0000000cce900000,0x0000000ccea00000) (1024K)]
  0x000001bc842e1820 JavaThread "Daemon health stats"               [_thread_blocked, id=2804, stack(0x0000000ccec00000,0x0000000cced00000) (1024K)]
  0x000001bc841d9430 JavaThread "Incoming local TCP Connector on port 64096"        [_thread_in_native, id=8952, stack(0x0000000cced00000,0x0000000ccee00000) (1024K)]
  0x000001bc8447aa20 JavaThread "Daemon periodic checks"            [_thread_blocked, id=13224, stack(0x0000000ccee00000,0x0000000ccef00000) (1024K)]
  0x000001bc8445b790 JavaThread "Daemon"                            [_thread_blocked, id=13120, stack(0x0000000ccf000000,0x0000000ccf100000) (1024K)]
  0x000001bc8429c280 JavaThread "Handler for socket connection from /127.0.0.1:64096 to /127.0.0.1:64097"        [_thread_in_native, id=9092, stack(0x0000000ccf100000,0x0000000ccf200000) (1024K)]
  0x000001bc8434a7e0 JavaThread "Cancel handler"                    [_thread_blocked, id=15768, stack(0x0000000ccf200000,0x0000000ccf300000) (1024K)]
  0x000001bc8434c230 JavaThread "Daemon worker"                     [_thread_in_vm, id=728, stack(0x0000000ccf300000,0x0000000ccf400000) (1024K)]
  0x000001bc84337070 JavaThread "Asynchronous log dispatcher for DefaultDaemonConnection: socket connection from /127.0.0.1:64096 to /127.0.0.1:64097"        [_thread_blocked, id=11696, stack(0x0000000ccf400000,0x0000000ccf500000) (1024K)]
  0x000001bc84338420 JavaThread "Stdin handler"                     [_thread_blocked, id=13052, stack(0x0000000ccf500000,0x0000000ccf600000) (1024K)]
  0x000001bc84338ab0 JavaThread "Daemon client event forwarder"        [_thread_blocked, id=1924, stack(0x0000000ccf600000,0x0000000ccf700000) (1024K)]
  0x000001bc84335630 JavaThread "Cache worker for journal cache (C:\Users\HARUN BERNA MUTLU\.gradle\caches\journal-1)"        [_thread_blocked, id=1720, stack(0x0000000ccf700000,0x0000000ccf800000) (1024K)]
  0x000001bc84337700 JavaThread "File lock request listener"        [_thread_in_native, id=12916, stack(0x0000000ccf800000,0x0000000ccf900000) (1024K)]
  0x000001bc84335cc0 JavaThread "Cache worker for file hash cache (C:\Users\HARUN BERNA MUTLU\.gradle\caches\8.13\fileHashes)"        [_thread_blocked, id=10188, stack(0x0000000ccf900000,0x0000000ccfa00000) (1024K)]
  0x000001bc84336350 JavaThread "File lock release action executor"        [_thread_blocked, id=8752, stack(0x0000000ccfa00000,0x0000000ccfb00000) (1024K)]
Total: 26

Other Threads:
  0x000001bcc8578530 VMThread "VM Thread"                           [id=12148, stack(0x0000000ccdc00000,0x0000000ccdd00000) (1024K)]
  0x000001bca7b4e910 WatcherThread "VM Periodic Task Thread"        [id=6964, stack(0x0000000ccdb00000,0x0000000ccdc00000) (1024K)]
  0x000001bca7af5470 WorkerThread "GC Thread#0"                     [id=15844, stack(0x0000000ccd600000,0x0000000ccd700000) (1024K)]
  0x000001bcc8a28180 WorkerThread "GC Thread#1"                     [id=5204, stack(0x0000000cce700000,0x0000000cce800000) (1024K)]
  0x000001bcc8a28520 WorkerThread "GC Thread#2"                     [id=8480, stack(0x0000000cce800000,0x0000000cce900000) (1024K)]
  0x000001bcfeb87660 WorkerThread "GC Thread#3"                     [id=8056, stack(0x0000000ccea00000,0x0000000cceb00000) (1024K)]
  0x000001bcfeba6a80 WorkerThread "GC Thread#4"                     [id=14792, stack(0x0000000cceb00000,0x0000000ccec00000) (1024K)]
  0x000001bc8447b090 WorkerThread "GC Thread#5"                     [id=6816, stack(0x0000000ccef00000,0x0000000ccf000000) (1024K)]
  0x000001bca7b081f0 ConcurrentGCThread "G1 Main Marker"            [id=1444, stack(0x0000000ccd700000,0x0000000ccd800000) (1024K)]
  0x000001bca7b093a0 WorkerThread "G1 Conc#0"                       [id=12284, stack(0x0000000ccd800000,0x0000000ccd900000) (1024K)]
  0x000001bcc84320c0 ConcurrentGCThread "G1 Refine#0"               [id=17628, stack(0x0000000ccd900000,0x0000000ccda00000) (1024K)]
  0x000001bcc8432b40 ConcurrentGCThread "G1 Service"                [id=15732, stack(0x0000000ccda00000,0x0000000ccdb00000) (1024K)]
Total: 12

Threads with active compile tasks:
C2 CompilerThread0     4757 2889       4       java.net.URLClassLoader$1::run (5 bytes)
Total: 1

VM state: not at safepoint (normal execution)

VM Mutex/Monitor currently owned by a thread: None

Heap address: 0x0000000700000000, size: 4096 MB, Compressed Oops mode: Zero based, Oop shift amount: 3

CDS archive(s) mapped at: [0x000001bcc9000000-0x000001bcc9c90000-0x000001bcc9c90000), size 13172736, SharedBaseAddress: 0x000001bcc9000000, ArchiveRelocationMode: 1.
Compressed class space mapped at: 0x000001bcca000000-0x000001bcfe000000, reserved size: 872415232
Narrow klass base: 0x000001bcc9000000, Narrow klass shift: 0, Narrow klass range: 0x100000000

GC Precious Log:
 CardTable entry size: 512
 Card Set container configuration: InlinePtr #cards 4 size 8 Array Of Cards #cards 16 size 48 Howl #buckets 8 coarsen threshold 3686 Howl Bitmap #cards 512 size 80 coarsen threshold 460 Card regions per heap region 1 cards per card region 4096
 CPUs: 6 total, 6 available
 Memory: 8049M
 Large Page Support: Disabled
 NUMA Support: Disabled
 Compressed Oops: Enabled (Zero based)
 Heap Region Size: 2M
 Heap Min Capacity: 8M
 Heap Initial Capacity: 126M
 Heap Max Capacity: 4G
 Pre-touch: Disabled
 Parallel Workers: 6
 Concurrent Workers: 2
 Concurrent Refinement Workers: 6
 Periodic GC: Disabled

Heap:
 garbage-first heap   total 129024K, used 83241K [0x0000000700000000, 0x0000000800000000)
  region size 2048K, 36 young (73728K), 4 survivors (8192K)
 Metaspace       used 19912K, committed 20544K, reserved 917504K
  class space    used 2847K, committed 3136K, reserved 851968K

Heap Regions: E=young(eden), S=young(survivor), O=old, HS=humongous(starts), HC=humongous(continues), CS=collection set, F=free, TAMS=top-at-mark-start, PB=parsable bottom
|   0|0x0000000700000000, 0x0000000700200000, 0x0000000700200000|100%|HS|  |TAMS 0x0000000700000000| PB 0x0000000700000000| Complete 
|   1|0x0000000700200000, 0x0000000700400000, 0x0000000700400000|100%|HC|  |TAMS 0x0000000700200000| PB 0x0000000700200000| Complete 
|   2|0x0000000700400000, 0x0000000700600000, 0x0000000700600000|100%| O|  |TAMS 0x0000000700400000| PB 0x0000000700400000| Untracked 
|   3|0x0000000700600000, 0x0000000700800000, 0x0000000700800000|100%| O|  |TAMS 0x0000000700600000| PB 0x0000000700600000| Untracked 
|   4|0x0000000700800000, 0x0000000700a00000, 0x0000000700a00000|100%| O|  |TAMS 0x0000000700800000| PB 0x0000000700800000| Untracked 
|   5|0x0000000700a00000, 0x0000000700b4c180, 0x0000000700c00000| 64%| O|  |TAMS 0x0000000700a00000| PB 0x0000000700a00000| Untracked 
|   6|0x0000000700c00000, 0x0000000700c00000, 0x0000000700e00000|  0%| F|  |TAMS 0x0000000700c00000| PB 0x0000000700c00000| Untracked 
|   7|0x0000000700e00000, 0x0000000700e00000, 0x0000000701000000|  0%| F|  |TAMS 0x0000000700e00000| PB 0x0000000700e00000| Untracked 
|   8|0x0000000701000000, 0x0000000701000000, 0x0000000701200000|  0%| F|  |TAMS 0x0000000701000000| PB 0x0000000701000000| Untracked 
|   9|0x0000000701200000, 0x0000000701200000, 0x0000000701400000|  0%| F|  |TAMS 0x0000000701200000| PB 0x0000000701200000| Untracked 
|  10|0x0000000701400000, 0x0000000701400000, 0x0000000701600000|  0%| F|  |TAMS 0x0000000701400000| PB 0x0000000701400000| Untracked 
|  11|0x0000000701600000, 0x0000000701600000, 0x0000000701800000|  0%| F|  |TAMS 0x0000000701600000| PB 0x0000000701600000| Untracked 
|  12|0x0000000701800000, 0x0000000701800000, 0x0000000701a00000|  0%| F|  |TAMS 0x0000000701800000| PB 0x0000000701800000| Untracked 
|  13|0x0000000701a00000, 0x0000000701a00000, 0x0000000701c00000|  0%| F|  |TAMS 0x0000000701a00000| PB 0x0000000701a00000| Untracked 
|  14|0x0000000701c00000, 0x0000000701c00000, 0x0000000701e00000|  0%| F|  |TAMS 0x0000000701c00000| PB 0x0000000701c00000| Untracked 
|  15|0x0000000701e00000, 0x0000000701e00000, 0x0000000702000000|  0%| F|  |TAMS 0x0000000701e00000| PB 0x0000000701e00000| Untracked 
|  16|0x0000000702000000, 0x0000000702000000, 0x0000000702200000|  0%| F|  |TAMS 0x0000000702000000| PB 0x0000000702000000| Untracked 
|  17|0x0000000702200000, 0x0000000702200000, 0x0000000702400000|  0%| F|  |TAMS 0x0000000702200000| PB 0x0000000702200000| Untracked 
|  18|0x0000000702400000, 0x0000000702400000, 0x0000000702600000|  0%| F|  |TAMS 0x0000000702400000| PB 0x0000000702400000| Untracked 
|  19|0x0000000702600000, 0x0000000702600000, 0x0000000702800000|  0%| F|  |TAMS 0x0000000702600000| PB 0x0000000702600000| Untracked 
|  20|0x0000000702800000, 0x0000000702800000, 0x0000000702a00000|  0%| F|  |TAMS 0x0000000702800000| PB 0x0000000702800000| Untracked 
|  21|0x0000000702a00000, 0x0000000702a00000, 0x0000000702c00000|  0%| F|  |TAMS 0x0000000702a00000| PB 0x0000000702a00000| Untracked 
|  22|0x0000000702c00000, 0x0000000702dfe620, 0x0000000702e00000| 99%| S|CS|TAMS 0x0000000702c00000| PB 0x0000000702c00000| Complete 
|  23|0x0000000702e00000, 0x0000000703000000, 0x0000000703000000|100%| S|CS|TAMS 0x0000000702e00000| PB 0x0000000702e00000| Complete 
|  24|0x0000000703000000, 0x0000000703200000, 0x0000000703200000|100%| S|CS|TAMS 0x0000000703000000| PB 0x0000000703000000| Complete 
|  25|0x0000000703200000, 0x0000000703400000, 0x0000000703400000|100%| S|CS|TAMS 0x0000000703200000| PB 0x0000000703200000| Complete 
|  26|0x0000000703400000, 0x0000000703400000, 0x0000000703600000|  0%| F|  |TAMS 0x0000000703400000| PB 0x0000000703400000| Untracked 
|  27|0x0000000703600000, 0x0000000703600000, 0x0000000703800000|  0%| F|  |TAMS 0x0000000703600000| PB 0x0000000703600000| Untracked 
|  28|0x0000000703800000, 0x0000000703800000, 0x0000000703a00000|  0%| F|  |TAMS 0x0000000703800000| PB 0x0000000703800000| Untracked 
|  29|0x0000000703a00000, 0x0000000703a00000, 0x0000000703c00000|  0%| F|  |TAMS 0x0000000703a00000| PB 0x0000000703a00000| Untracked 
|  30|0x0000000703c00000, 0x0000000703c00000, 0x0000000703e00000|  0%| F|  |TAMS 0x0000000703c00000| PB 0x0000000703c00000| Untracked 
|  31|0x0000000703e00000, 0x0000000703eab1a8, 0x0000000704000000| 33%| E|  |TAMS 0x0000000703e00000| PB 0x0000000703e00000| Complete 
|  32|0x0000000704000000, 0x0000000704200000, 0x0000000704200000|100%| E|CS|TAMS 0x0000000704000000| PB 0x0000000704000000| Complete 
|  33|0x0000000704200000, 0x0000000704400000, 0x0000000704400000|100%| E|CS|TAMS 0x0000000704200000| PB 0x0000000704200000| Complete 
|  34|0x0000000704400000, 0x0000000704600000, 0x0000000704600000|100%| E|CS|TAMS 0x0000000704400000| PB 0x0000000704400000| Complete 
|  35|0x0000000704600000, 0x0000000704800000, 0x0000000704800000|100%| E|CS|TAMS 0x0000000704600000| PB 0x0000000704600000| Complete 
|  36|0x0000000704800000, 0x0000000704a00000, 0x0000000704a00000|100%| E|CS|TAMS 0x0000000704800000| PB 0x0000000704800000| Complete 
|  37|0x0000000704a00000, 0x0000000704c00000, 0x0000000704c00000|100%| E|CS|TAMS 0x0000000704a00000| PB 0x0000000704a00000| Complete 
|  38|0x0000000704c00000, 0x0000000704e00000, 0x0000000704e00000|100%| E|CS|TAMS 0x0000000704c00000| PB 0x0000000704c00000| Complete 
|  39|0x0000000704e00000, 0x0000000705000000, 0x0000000705000000|100%| E|CS|TAMS 0x0000000704e00000| PB 0x0000000704e00000| Complete 
|  40|0x0000000705000000, 0x0000000705200000, 0x0000000705200000|100%| E|CS|TAMS 0x0000000705000000| PB 0x0000000705000000| Complete 
|  41|0x0000000705200000, 0x0000000705400000, 0x0000000705400000|100%| E|CS|TAMS 0x0000000705200000| PB 0x0000000705200000| Complete 
|  42|0x0000000705400000, 0x0000000705600000, 0x0000000705600000|100%| E|CS|TAMS 0x0000000705400000| PB 0x0000000705400000| Complete 
|  43|0x0000000705600000, 0x0000000705800000, 0x0000000705800000|100%| E|CS|TAMS 0x0000000705600000| PB 0x0000000705600000| Complete 
|  44|0x0000000705800000, 0x0000000705a00000, 0x0000000705a00000|100%| E|CS|TAMS 0x0000000705800000| PB 0x0000000705800000| Complete 
|  45|0x0000000705a00000, 0x0000000705c00000, 0x0000000705c00000|100%| E|CS|TAMS 0x0000000705a00000| PB 0x0000000705a00000| Complete 
|  46|0x0000000705c00000, 0x0000000705e00000, 0x0000000705e00000|100%| E|CS|TAMS 0x0000000705c00000| PB 0x0000000705c00000| Complete 
|  47|0x0000000705e00000, 0x0000000706000000, 0x0000000706000000|100%| E|CS|TAMS 0x0000000705e00000| PB 0x0000000705e00000| Complete 
|  48|0x0000000706000000, 0x0000000706200000, 0x0000000706200000|100%| E|CS|TAMS 0x0000000706000000| PB 0x0000000706000000| Complete 
|  49|0x0000000706200000, 0x0000000706400000, 0x0000000706400000|100%| E|CS|TAMS 0x0000000706200000| PB 0x0000000706200000| Complete 
|  50|0x0000000706400000, 0x0000000706600000, 0x0000000706600000|100%| E|CS|TAMS 0x0000000706400000| PB 0x0000000706400000| Complete 
|  51|0x0000000706600000, 0x0000000706800000, 0x0000000706800000|100%| E|CS|TAMS 0x0000000706600000| PB 0x0000000706600000| Complete 
|  52|0x0000000706800000, 0x0000000706a00000, 0x0000000706a00000|100%| E|CS|TAMS 0x0000000706800000| PB 0x0000000706800000| Complete 
|  53|0x0000000706a00000, 0x0000000706c00000, 0x0000000706c00000|100%| E|CS|TAMS 0x0000000706a00000| PB 0x0000000706a00000| Complete 
|  54|0x0000000706c00000, 0x0000000706e00000, 0x0000000706e00000|100%| E|CS|TAMS 0x0000000706c00000| PB 0x0000000706c00000| Complete 
|  55|0x0000000706e00000, 0x0000000707000000, 0x0000000707000000|100%| E|CS|TAMS 0x0000000706e00000| PB 0x0000000706e00000| Complete 
|  56|0x0000000707000000, 0x0000000707200000, 0x0000000707200000|100%| E|CS|TAMS 0x0000000707000000| PB 0x0000000707000000| Complete 
|  57|0x0000000707200000, 0x0000000707400000, 0x0000000707400000|100%| E|CS|TAMS 0x0000000707200000| PB 0x0000000707200000| Complete 
|  58|0x0000000707400000, 0x0000000707600000, 0x0000000707600000|100%| E|CS|TAMS 0x0000000707400000| PB 0x0000000707400000| Complete 
|  59|0x0000000707600000, 0x0000000707800000, 0x0000000707800000|100%| E|CS|TAMS 0x0000000707600000| PB 0x0000000707600000| Complete 
|  60|0x0000000707800000, 0x0000000707a00000, 0x0000000707a00000|100%| E|CS|TAMS 0x0000000707800000| PB 0x0000000707800000| Complete 
|  61|0x0000000707a00000, 0x0000000707c00000, 0x0000000707c00000|100%| E|CS|TAMS 0x0000000707a00000| PB 0x0000000707a00000| Complete 
|  62|0x0000000707c00000, 0x0000000707e00000, 0x0000000707e00000|100%| E|CS|TAMS 0x0000000707c00000| PB 0x0000000707c00000| Complete 

Card table byte_map: [0x000001bcc1510000,0x000001bcc1d10000] _byte_map_base: 0x000001bcbdd10000

Marking Bits: (CMBitMap*) 0x000001bca7af6a90
 Bits: [0x000001bcc1d10000, 0x000001bcc5d10000)

Polling page: 0x000001bca7b50000

Metaspace:

Usage:
  Non-class:     16.67 MB used.
      Class:      2.78 MB used.
       Both:     19.45 MB used.

Virtual space:
  Non-class space:       64.00 MB reserved,      17.00 MB ( 27%) committed,  1 nodes.
      Class space:      832.00 MB reserved,       3.06 MB ( <1%) committed,  1 nodes.
             Both:      896.00 MB reserved,      20.06 MB (  2%) committed. 

Chunk freelists:
   Non-Class:  14.08 MB
       Class:  12.77 MB
        Both:  26.84 MB

MaxMetaspaceSize: 1.00 GB
CompressedClassSpaceSize: 832.00 MB
Initial GC threshold: 21.00 MB
Current GC threshold: 21.00 MB
CDS: on
 - commit_granule_bytes: 65536.
 - commit_granule_words: 8192.
 - virtual_space_node_default_size: 8388608.
 - enlarge_chunks_in_place: 1.
 - use_allocation_guard: 0.


Internal statistics:

num_allocs_failed_limit: 0.
num_arena_births: 896.
num_arena_deaths: 0.
num_vsnodes_births: 2.
num_vsnodes_deaths: 0.
num_space_committed: 321.
num_space_uncommitted: 0.
num_chunks_returned_to_freelist: 0.
num_chunks_taken_from_freelist: 1690.
num_chunk_merges: 0.
num_chunk_splits: 1072.
num_chunks_enlarged: 659.
num_inconsistent_stats: 0.

CodeHeap 'non-profiled nmethods': size=120000Kb used=1594Kb max_used=1594Kb free=118405Kb
 bounds [0x000001bcb8fa0000, 0x000001bcb9210000, 0x000001bcc04d0000]
CodeHeap 'profiled nmethods': size=120000Kb used=6016Kb max_used=6016Kb free=113983Kb
 bounds [0x000001bcb14d0000, 0x000001bcb1ac0000, 0x000001bcb8a00000]
CodeHeap 'non-nmethods': size=5760Kb used=1502Kb max_used=1553Kb free=4257Kb
 bounds [0x000001bcb8a00000, 0x000001bcb8c70000, 0x000001bcb8fa0000]
 total_blobs=3567 nmethods=2991 adapters=480
 compilation: enabled
              stopped_count=0, restarted_count=0
 full_count=0

Compilation events (20 events):
Event: 4.371 Thread 0x000001bcc85ad5d0 2980       3       java.lang.invoke.LambdaFormEditor::newSpeciesData (9 bytes)
Event: 4.371 Thread 0x000001bcc85ad5d0 nmethod 2980 0x000001bcb1aa3f90 code [0x000001bcb1aa4160, 0x000001bcb1aa4348]
Event: 4.372 Thread 0x000001bcc85ad5d0 2986       3       java.lang.invoke.InvokerBytecodeGenerator::clinit (351 bytes)
Event: 4.373 Thread 0x000001bcc85ad5d0 nmethod 2986 0x000001bcb1aa4490 code [0x000001bcb1aa4980, 0x000001bcb1aa6d40]
Event: 4.374 Thread 0x000001bcc85ad5d0 2983       3       java.lang.invoke.InvokerBytecodeGenerator::classDataValues (260 bytes)
Event: 4.374 Thread 0x000001bcc85ad5d0 nmethod 2983 0x000001bcb1aa7710 code [0x000001bcb1aa7bc0, 0x000001bcb1aaac08]
Event: 4.374 Thread 0x000001bcc85ad5d0 2985       3       java.lang.invoke.InvokerBytecodeGenerator::classFilePrologue (64 bytes)
Event: 4.375 Thread 0x000001bcc85ad5d0 nmethod 2985 0x000001bcb1aab610 code [0x000001bcb1aab860, 0x000001bcb1aabfd0]
Event: 4.375 Thread 0x000001bcc85ad5d0 2987       3       java.lang.invoke.InvokerBytecodeGenerator::bogusMethod (77 bytes)
Event: 4.376 Thread 0x000001bcc85ad5d0 nmethod 2987 0x000001bcb1aac290 code [0x000001bcb1aac4e0, 0x000001bcb1aacca8]
Event: 4.376 Thread 0x000001bcc85ad5d0 2984   !   3       java.lang.invoke.InvokerBytecodeGenerator::resolveInvokerMember (43 bytes)
Event: 4.376 Thread 0x000001bcc85ad5d0 nmethod 2984 0x000001bcb1aacf10 code [0x000001bcb1aad100, 0x000001bcb1aad448]
Event: 4.378 Thread 0x000001bcc85ad5d0 2988       3       java.util.TreeMap$Entry::<init> (25 bytes)
Event: 4.378 Thread 0x000001bcc85ad5d0 nmethod 2988 0x000001bcb1aad590 code [0x000001bcb1aad740, 0x000001bcb1aad9d8]
Event: 4.384 Thread 0x000001bcc85ad5d0 2989       3       java.lang.invoke.BoundMethodHandle::speciesDataFor (32 bytes)
Event: 4.384 Thread 0x000001bcc85ad5d0 nmethod 2989 0x000001bcb1aada90 code [0x000001bcb1aadc60, 0x000001bcb1aadff8]
Event: 4.386 Thread 0x000001bcc85ad5d0 2991       3       java.lang.invoke.Invokers$Holder::invokeExact_MT (32 bytes)
Event: 4.387 Thread 0x000001bcc85ad5d0 nmethod 2991 0x000001bcb1aae110 code [0x000001bcb1aae320, 0x000001bcb1aaec08]
Event: 4.387 Thread 0x000001bcc85ad5d0 2992       3       java.lang.invoke.LambdaMetafactory::metafactory (71 bytes)
Event: 4.398 Thread 0x000001bcc85ad5d0 nmethod 2992 0x000001bcb1aaee90 code [0x000001bcb1aaf120, 0x000001bcb1aafc40]

GC Heap History (6 events):
Event: 0.757 GC heap before
{Heap before GC invocations=0 (full 0):
 garbage-first heap   total 129024K, used 20480K [0x0000000700000000, 0x0000000800000000)
  region size 2048K, 10 young (20480K), 0 survivors (0K)
 Metaspace       used 871K, committed 1024K, reserved 917504K
  class space    used 70K, committed 128K, reserved 851968K
}
Event: 0.765 GC heap after
{Heap after GC invocations=1 (full 0):
 garbage-first heap   total 129024K, used 1552K [0x0000000700000000, 0x0000000800000000)
  region size 2048K, 1 young (2048K), 1 survivors (2048K)
 Metaspace       used 871K, committed 1024K, reserved 917504K
  class space    used 70K, committed 128K, reserved 851968K
}
Event: 1.559 GC heap before
{Heap before GC invocations=1 (full 0):
 garbage-first heap   total 129024K, used 42512K [0x0000000700000000, 0x0000000800000000)
  region size 2048K, 19 young (38912K), 1 survivors (2048K)
 Metaspace       used 4424K, committed 4608K, reserved 917504K
  class space    used 550K, committed 640K, reserved 851968K
}
Event: 1.564 GC heap after
{Heap after GC invocations=2 (full 0):
 garbage-first heap   total 129024K, used 11672K [0x0000000700000000, 0x0000000800000000)
  region size 2048K, 3 young (6144K), 3 survivors (6144K)
 Metaspace       used 4424K, committed 4608K, reserved 917504K
  class space    used 550K, committed 640K, reserved 851968K
}
Event: 2.723 GC heap before
{Heap before GC invocations=2 (full 0):
 garbage-first heap   total 129024K, used 79256K [0x0000000700000000, 0x0000000800000000)
  region size 2048K, 37 young (75776K), 3 survivors (6144K)
 Metaspace       used 9728K, committed 10112K, reserved 917504K
  class space    used 1287K, committed 1472K, reserved 851968K
}
Event: 2.732 GC heap after
{Heap after GC invocations=3 (full 0):
 garbage-first heap   total 129024K, used 19753K [0x0000000700000000, 0x0000000800000000)
  region size 2048K, 4 young (8192K), 4 survivors (8192K)
 Metaspace       used 9728K, committed 10112K, reserved 917504K
  class space    used 1287K, committed 1472K, reserved 851968K
}

Dll operation events (15 events):
Event: 0.009 Loaded shared library C:\Program Files\Java\jdk-21\bin\java.dll
Event: 0.388 Loaded shared library C:\Program Files\Java\jdk-21\bin\jsvml.dll
Event: 0.427 Loaded shared library C:\Program Files\Java\jdk-21\bin\zip.dll
Event: 0.431 Loaded shared library C:\Program Files\Java\jdk-21\bin\instrument.dll
Event: 0.435 Loaded shared library C:\Program Files\Java\jdk-21\bin\net.dll
Event: 0.437 Loaded shared library C:\Program Files\Java\jdk-21\bin\nio.dll
Event: 0.439 Loaded shared library C:\Program Files\Java\jdk-21\bin\zip.dll
Event: 0.797 Loaded shared library C:\Program Files\Java\jdk-21\bin\jimage.dll
Event: 0.970 Loaded shared library C:\Program Files\Java\jdk-21\bin\verify.dll
Event: 1.109 Loaded shared library C:\Users\HARUN BERNA MUTLU\.gradle\native\1def1411415f61bf3af743bc5b6707747c0891f09f0c88961ee8f79bc544acac\windows-amd64\native-platform.dll
Event: 1.121 Loaded shared library C:\Users\HARUN BERNA MUTLU\.gradle\native\0.2.7\x86_64-windows-gnu\gradle-fileevents.dll
Event: 2.281 Loaded shared library C:\Program Files\Java\jdk-21\bin\management.dll
Event: 2.284 Loaded shared library C:\Program Files\Java\jdk-21\bin\management_ext.dll
Event: 2.448 Loaded shared library C:\Program Files\Java\jdk-21\bin\extnet.dll
Event: 2.743 Loaded shared library C:\Program Files\Java\jdk-21\bin\sunmscapi.dll

Deoptimization events (20 events):
Event: 3.075 Thread 0x000001bc8434c230 DEOPT PACKING pc=0x000001bcb9067cd4 sp=0x0000000ccf3fbe40
Event: 3.075 Thread 0x000001bc8434c230 DEOPT UNPACKING pc=0x000001bcb8a546a2 sp=0x0000000ccf3fbdb8 mode 2
Event: 3.163 Thread 0x000001bc8434c230 Uncommon trap: trap_request=0xffffff45 fr.pc=0x000001bcb90bf230 relative=0x0000000000000830
Event: 3.163 Thread 0x000001bc8434c230 Uncommon trap: reason=unstable_if action=reinterpret pc=0x000001bcb90bf230 method=java.lang.StringLatin1.toUpperCase(Ljava/lang/String;[BLjava/util/Locale;)Ljava/lang/String; @ 73 c2
Event: 3.163 Thread 0x000001bc8434c230 DEOPT PACKING pc=0x000001bcb90bf230 sp=0x0000000ccf3fc960
Event: 3.163 Thread 0x000001bc8434c230 DEOPT UNPACKING pc=0x000001bcb8a546a2 sp=0x0000000ccf3fc900 mode 2
Event: 3.579 Thread 0x000001bc8434c230 Uncommon trap: trap_request=0xffffff45 fr.pc=0x000001bcb8fc1c68 relative=0x0000000000000d68
Event: 3.579 Thread 0x000001bc8434c230 Uncommon trap: reason=unstable_if action=reinterpret pc=0x000001bcb8fc1c68 method=java.io.WinNTFileSystem.resolve(Ljava/lang/String;Ljava/lang/String;)Ljava/lang/String; @ 19 c2
Event: 3.579 Thread 0x000001bc8434c230 DEOPT PACKING pc=0x000001bcb8fc1c68 sp=0x0000000ccf3fb480
Event: 3.579 Thread 0x000001bc8434c230 DEOPT UNPACKING pc=0x000001bcb8a546a2 sp=0x0000000ccf3fb418 mode 2
Event: 3.580 Thread 0x000001bc8434c230 Uncommon trap: trap_request=0xffffff45 fr.pc=0x000001bcb903c100 relative=0x0000000000000620
Event: 3.580 Thread 0x000001bc8434c230 Uncommon trap: reason=unstable_if action=reinterpret pc=0x000001bcb903c100 method=java.io.File.getName()Ljava/lang/String; @ 16 c2
Event: 3.580 Thread 0x000001bc8434c230 DEOPT PACKING pc=0x000001bcb903c100 sp=0x0000000ccf3fb440
Event: 3.580 Thread 0x000001bc8434c230 DEOPT UNPACKING pc=0x000001bcb8a546a2 sp=0x0000000ccf3fb410 mode 2
Event: 3.789 Thread 0x000001bc8434c230 Uncommon trap: trap_request=0xffffff45 fr.pc=0x000001bcb8fc7014 relative=0x00000000000000f4
Event: 3.790 Thread 0x000001bc8434c230 Uncommon trap: reason=unstable_if action=reinterpret pc=0x000001bcb8fc7014 method=java.util.HashMap.hash(Ljava/lang/Object;)I @ 1 c2
Event: 3.790 Thread 0x000001bc8434c230 DEOPT PACKING pc=0x000001bcb8fc7014 sp=0x0000000ccf3fc540
Event: 3.790 Thread 0x000001bc8434c230 DEOPT UNPACKING pc=0x000001bcb8a546a2 sp=0x0000000ccf3fc480 mode 2
Event: 4.065 Thread 0x000001bc8434c230 DEOPT PACKING pc=0x000001bcb199e07e sp=0x0000000ccf3f88e0
Event: 4.065 Thread 0x000001bc8434c230 DEOPT UNPACKING pc=0x000001bcb8a54e42 sp=0x0000000ccf3f7e60 mode 0

Classes loaded (20 events):
Event: 3.926 Loading class java/lang/invoke/BoundMethodHandle$Species_LLLLLLLLLLLLLLLLLLLLLLLL
Event: 3.926 Loading class java/lang/invoke/BoundMethodHandle$Species_LLLLLLLLLLLLLLLLLLLLLLLL done
Event: 3.981 Loading class java/util/Collections$2
Event: 3.981 Loading class java/util/Collections$2 done
Event: 4.040 Loading class java/io/ObjectOutputStream$BlockDataOutputStream
Event: 4.041 Loading class java/io/ObjectOutputStream$BlockDataOutputStream done
Event: 4.042 Loading class java/io/ObjectOutputStream$HandleTable
Event: 4.042 Loading class java/io/ObjectOutputStream$HandleTable done
Event: 4.043 Loading class java/io/ObjectOutputStream$ReplaceTable
Event: 4.043 Loading class java/io/ObjectOutputStream$ReplaceTable done
Event: 4.059 Loading class java/io/UnsupportedEncodingException
Event: 4.059 Loading class java/io/UnsupportedEncodingException done
Event: 4.059 Loading class java/nio/charset/CharacterCodingException
Event: 4.059 Loading class java/nio/charset/CharacterCodingException done
Event: 4.111 Loading class java/util/function/LongFunction
Event: 4.111 Loading class java/util/function/LongFunction done
Event: 4.188 Loading class java/security/InvalidKeyException
Event: 4.189 Loading class java/security/KeyException
Event: 4.189 Loading class java/security/KeyException done
Event: 4.189 Loading class java/security/InvalidKeyException done

Classes unloaded (0 events):
No events

Classes redefined (0 events):
No events

Internal exceptions (20 events):
Event: 3.882 Thread 0x000001bc8434c230 Exception <a 'java/lang/NoSuchMethodError'{0x0000000705219f10}: 'java.lang.Object java.lang.invoke.DelegatingMethodHandle$Holder.reinvoke_L(java.lang.Object, java.lang.Object, java.lang.Object, java.lang.Object, java.lang.Object, java.lang.Object, java.lang.Object, java.lang.Object, java.lang.Object, java.lang.Object, java.lang.Object, java.lang.Object, java.lang.Object, java.lang.Object, java.lang.Object, java.lang.Object, java.lang.Object, java.lang.Object, java.lang.Object, java.lang.Object, java.lang.O
Event: 3.885 Thread 0x000001bc8434c230 Exception <a 'java/lang/NoSuchMethodError'{0x0000000705288558}: 'java.lang.Object java.lang.invoke.DirectMethodHandle$Holder.invokeStatic(java.lang.Object, java.lang.Object, java.lang.Object, java.lang.Object, java.lang.Object, java.lang.Object, java.lang.Object, java.lang.Object, java.lang.Object, java.lang.Object, java.lang.Object, java.lang.Object, java.lang.Object, java.lang.Object, java.lang.Object, java.lang.Object, java.lang.Object)'> (0x0000000705288558) 
thrown [s\open\src\hotspot\share\interprete
Event: 3.887 Thread 0x000001bc8434c230 Exception <a 'java/lang/NoSuchMethodError'{0x00000007052b6f08}: 'java.lang.Object java.lang.invoke.DirectMethodHandle$Holder.invokeStatic(java.lang.Object, java.lang.Object, java.lang.Object, java.lang.Object, java.lang.Object, java.lang.Object, java.lang.Object, java.lang.Object, java.lang.Object, java.lang.Object, java.lang.Object, java.lang.Object, java.lang.Object, java.lang.Object, java.lang.Object, java.lang.Object, java.lang.Object, java.lang.Object)'> (0x00000007052b6f08) 
thrown [s\open\src\hotspo
Event: 3.908 Thread 0x000001bc8434c230 Exception <a 'java/lang/NoSuchMethodError'{0x00000007052e0b68}: 'java.lang.Object java.lang.invoke.DirectMethodHandle$Holder.invokeStatic(java.lang.Object, java.lang.Object, java.lang.Object, java.lang.Object, java.lang.Object, java.lang.Object, java.lang.Object, java.lang.Object, java.lang.Object, java.lang.Object, java.lang.Object, java.lang.Object, java.lang.Object, java.lang.Object, java.lang.Object, java.lang.Object, java.lang.Object, java.lang.Object, java.lang.Object)'> (0x00000007052e0b68) 
thrown 
Event: 3.910 Thread 0x000001bc8434c230 Exception <a 'java/lang/NoSuchMethodError'{0x000000070530be58}: 'java.lang.Object java.lang.invoke.DirectMethodHandle$Holder.invokeStatic(java.lang.Object, java.lang.Object, java.lang.Object, java.lang.Object, java.lang.Object, java.lang.Object, java.lang.Object, java.lang.Object, java.lang.Object, java.lang.Object, java.lang.Object, java.lang.Object, java.lang.Object, java.lang.Object, java.lang.Object, java.lang.Object, java.lang.Object, java.lang.Object, java.lang.Object, java.lang.Object)'> (0x00000007
Event: 3.911 Thread 0x000001bc8434c230 Exception <a 'java/lang/NoSuchMethodError'{0x00000007053380c8}: 'java.lang.Object java.lang.invoke.DirectMethodHandle$Holder.invokeStatic(java.lang.Object, java.lang.Object, java.lang.Object, java.lang.Object, java.lang.Object, java.lang.Object, java.lang.Object, java.lang.Object, java.lang.Object, java.lang.Object, java.lang.Object, java.lang.Object, java.lang.Object, java.lang.Object, java.lang.Object, java.lang.Object, java.lang.Object, java.lang.Object, java.lang.Object, java.lang.Object, java.lang.Obj
Event: 3.916 Thread 0x000001bc8434c230 Exception <a 'java/lang/NoSuchMethodError'{0x0000000705365760}: 'java.lang.Object java.lang.invoke.DirectMethodHandle$Holder.invokeStatic(java.lang.Object, java.lang.Object, java.lang.Object, java.lang.Object, java.lang.Object, java.lang.Object, java.lang.Object, java.lang.Object, java.lang.Object, java.lang.Object, java.lang.Object, java.lang.Object, java.lang.Object, java.lang.Object, java.lang.Object, java.lang.Object, java.lang.Object, java.lang.Object, java.lang.Object, java.lang.Object, java.lang.Obj
Event: 3.918 Thread 0x000001bc8434c230 Exception <a 'java/lang/NoSuchMethodError'{0x0000000705393c18}: 'java.lang.Object java.lang.invoke.DirectMethodHandle$Holder.invokeStatic(java.lang.Object, java.lang.Object, java.lang.Object, java.lang.Object, java.lang.Object, java.lang.Object, java.lang.Object, java.lang.Object, java.lang.Object, java.lang.Object, java.lang.Object, java.lang.Object, java.lang.Object, java.lang.Object, java.lang.Object, java.lang.Object, java.lang.Object, java.lang.Object, java.lang.Object, java.lang.Object, java.lang.Obj
Event: 3.921 Thread 0x000001bc8434c230 Exception <a 'java/lang/NoSuchMethodError'{0x00000007053c2e60}: 'java.lang.Object java.lang.invoke.DirectMethodHandle$Holder.invokeStatic(java.lang.Object, java.lang.Object, java.lang.Object, java.lang.Object, java.lang.Object, java.lang.Object, java.lang.Object, java.lang.Object, java.lang.Object, java.lang.Object, java.lang.Object, java.lang.Object, java.lang.Object, java.lang.Object, java.lang.Object, java.lang.Object, java.lang.Object, java.lang.Object, java.lang.Object, java.lang.Object, java.lang.Obj
Event: 3.924 Thread 0x000001bc8434c230 Exception <a 'java/lang/NoSuchMethodError'{0x00000007053f3298}: 'java.lang.Object java.lang.invoke.DirectMethodHandle$Holder.invokeStatic(java.lang.Object, java.lang.Object, java.lang.Object, java.lang.Object, java.lang.Object, java.lang.Object, java.lang.Object, java.lang.Object, java.lang.Object, java.lang.Object, java.lang.Object, java.lang.Object, java.lang.Object, java.lang.Object, java.lang.Object, java.lang.Object, java.lang.Object, java.lang.Object, java.lang.Object, java.lang.Object, java.lang.Obj
Event: 3.925 Thread 0x000001bc8434c230 Exception <a 'java/lang/NoSuchMethodError'{0x0000000705024318}: 'java.lang.Object java.lang.invoke.DirectMethodHandle$Holder.invokeStatic(java.lang.Object, java.lang.Object, java.lang.Object, java.lang.Object, java.lang.Object, java.lang.Object, java.lang.Object, java.lang.Object, java.lang.Object, java.lang.Object, java.lang.Object, java.lang.Object, java.lang.Object, java.lang.Object, java.lang.Object, java.lang.Object, java.lang.Object, java.lang.Object, java.lang.Object, java.lang.Object, java.lang.Obj
Event: 3.927 Thread 0x000001bc8434c230 Exception <a 'java/lang/NoSuchMethodError'{0x00000007050568d8}: 'java.lang.Object java.lang.invoke.DirectMethodHandle$Holder.invokeStatic(java.lang.Object, java.lang.Object, java.lang.Object, java.lang.Object, java.lang.Object, java.lang.Object, java.lang.Object, java.lang.Object, java.lang.Object, java.lang.Object, java.lang.Object, java.lang.Object, java.lang.Object, java.lang.Object, java.lang.Object, java.lang.Object, java.lang.Object, java.lang.Object, java.lang.Object, java.lang.Object, java.lang.Obj
Event: 3.965 Thread 0x000001bc8434c230 Exception <a 'java/lang/IncompatibleClassChangeError'{0x000000070519d890}: Found class java.lang.Object, but interface was expected> (0x000000070519d890) 
thrown [s\open\src\hotspot\share\interpreter\linkResolver.cpp, line 840]
Event: 4.045 Thread 0x000001bc84338ab0 Exception <a 'java/lang/NoSuchMethodError'{0x0000000707510cc8}: static Lorg/gradle/internal/build/event/types/DefaultOperationStartedProgressEvent;.<clinit>()V> (0x0000000707510cc8) 
thrown [s\open\src\hotspot\share\prims\jni.cpp, line 1106]
Event: 4.045 Thread 0x000001bc84338ab0 Exception <a 'java/lang/NoSuchMethodError'{0x0000000707512300}: static Lorg/gradle/internal/build/event/types/AbstractProgressEvent;.<clinit>()V> (0x0000000707512300) 
thrown [s\open\src\hotspot\share\prims\jni.cpp, line 1106]
Event: 4.056 Thread 0x000001bc84338ab0 Exception <a 'java/lang/NoSuchMethodError'{0x000000070751ae98}: static Lorg/gradle/internal/build/event/types/DefaultOperationDescriptor;.<clinit>()V> (0x000000070751ae98) 
thrown [s\open\src\hotspot\share\prims\jni.cpp, line 1106]
Event: 4.061 Thread 0x000001bc84338ab0 Exception <a 'java/lang/NoSuchMethodError'{0x00000007075315f0}: static Lorg/gradle/internal/operations/OperationIdentifier;.<clinit>()V> (0x00000007075315f0) 
thrown [s\open\src\hotspot\share\prims\jni.cpp, line 1106]
Event: 4.267 Thread 0x000001bc8434c230 Exception <a 'java/lang/IncompatibleClassChangeError'{0x00000007044acf48}: Found class java.lang.Object, but interface was expected> (0x00000007044acf48) 
thrown [s\open\src\hotspot\share\interpreter\linkResolver.cpp, line 840]
Event: 4.273 Thread 0x000001bc8434c230 Exception <a 'java/lang/NoSuchMethodError'{0x00000007044db9a0}: 'java.lang.Object java.lang.invoke.DirectMethodHandle$Holder.newInvokeSpecial(java.lang.Object, java.lang.Object, java.lang.Object, java.lang.Object, java.lang.Object, java.lang.Object, java.lang.Object, java.lang.Object, java.lang.Object, java.lang.Object)'> (0x00000007044db9a0) 
thrown [s\open\src\hotspot\share\interpreter\linkResolver.cpp, line 773]
Event: 4.337 Thread 0x000001bc8434c230 Exception <a 'java/lang/NoSuchMethodError'{0x0000000704314f28}: 'int java.lang.invoke.DirectMethodHandle$Holder.invokeStaticInit(java.lang.Object, java.lang.Object, java.lang.Object)'> (0x0000000704314f28) 
thrown [s\open\src\hotspot\share\interpreter\linkResolver.cpp, line 773]

ZGC Phase Switch (0 events):
No events

VM Operations (20 events):
Event: 2.468 Executing VM operation: HandshakeAllThreads (Deoptimize)
Event: 2.468 Executing VM operation: HandshakeAllThreads (Deoptimize) done
Event: 2.509 Executing VM operation: HandshakeAllThreads (Deoptimize)
Event: 2.509 Executing VM operation: HandshakeAllThreads (Deoptimize) done
Event: 2.556 Executing VM operation: HandshakeAllThreads (Deoptimize)
Event: 2.556 Executing VM operation: HandshakeAllThreads (Deoptimize) done
Event: 2.723 Executing VM operation: G1CollectForAllocation (G1 Evacuation Pause)
Event: 2.732 Executing VM operation: G1CollectForAllocation (G1 Evacuation Pause) done
Event: 2.748 Executing VM operation: HandshakeAllThreads (Deoptimize)
Event: 2.748 Executing VM operation: HandshakeAllThreads (Deoptimize) done
Event: 3.110 Executing VM operation: HandshakeAllThreads (Deoptimize)
Event: 3.110 Executing VM operation: HandshakeAllThreads (Deoptimize) done
Event: 3.423 Executing VM operation: HandshakeAllThreads (Deoptimize)
Event: 3.423 Executing VM operation: HandshakeAllThreads (Deoptimize) done
Event: 3.490 Executing VM operation: ICBufferFull
Event: 3.490 Executing VM operation: ICBufferFull done
Event: 3.935 Executing VM operation: HandshakeAllThreads (Deoptimize)
Event: 3.935 Executing VM operation: HandshakeAllThreads (Deoptimize) done
Event: 3.936 Executing VM operation: HandshakeAllThreads (Deoptimize)
Event: 3.936 Executing VM operation: HandshakeAllThreads (Deoptimize) done

Events (20 events):
Event: 0.387 Thread 0x000001bcc85a5ae0 Thread added: 0x000001bcc85a5ae0
Event: 0.387 Thread 0x000001bcc85a69a0 Thread added: 0x000001bcc85a69a0
Event: 0.387 Thread 0x000001bcc85ad5d0 Thread added: 0x000001bcc85ad5d0
Event: 0.409 Thread 0x000001bcc87cbf80 Thread added: 0x000001bcc87cbf80
Event: 0.452 Thread 0x000001bcc88f1000 Thread added: 0x000001bcc88f1000
Event: 0.777 Thread 0x000001bcc8a30e40 Thread added: 0x000001bcc8a30e40
Event: 2.323 Thread 0x000001bc842e1820 Thread added: 0x000001bc842e1820
Event: 2.577 Thread 0x000001bc841d9430 Thread added: 0x000001bc841d9430
Event: 2.703 Thread 0x000001bc8447aa20 Thread added: 0x000001bc8447aa20
Event: 2.777 Thread 0x000001bc8445b790 Thread added: 0x000001bc8445b790
Event: 2.783 Thread 0x000001bc8429c280 Thread added: 0x000001bc8429c280
Event: 2.861 Thread 0x000001bc8434a7e0 Thread added: 0x000001bc8434a7e0
Event: 2.873 Thread 0x000001bc8434c230 Thread added: 0x000001bc8434c230
Event: 2.884 Thread 0x000001bc84337070 Thread added: 0x000001bc84337070
Event: 2.891 Thread 0x000001bc84338420 Thread added: 0x000001bc84338420
Event: 2.893 Thread 0x000001bc84338ab0 Thread added: 0x000001bc84338ab0
Event: 3.423 Thread 0x000001bc84335630 Thread added: 0x000001bc84335630
Event: 3.439 Thread 0x000001bc84337700 Thread added: 0x000001bc84337700
Event: 3.514 Thread 0x000001bc84335cc0 Thread added: 0x000001bc84335cc0
Event: 3.604 Thread 0x000001bc84336350 Thread added: 0x000001bc84336350


Dynamic libraries:
0x00007ff64cce0000 - 0x00007ff64ccf0000 	C:\Program Files\Java\jdk-21\bin\java.exe
0x00007ff875760000 - 0x00007ff8759c7000 	C:\WINDOWS\SYSTEM32\ntdll.dll
0x00007ff874190000 - 0x00007ff874259000 	C:\WINDOWS\System32\KERNEL32.DLL
0x00007ff8725d0000 - 0x00007ff8729c5000 	C:\WINDOWS\System32\KERNELBASE.dll
0x00007ff873270000 - 0x00007ff8733bb000 	C:\WINDOWS\System32\ucrtbase.dll
0x00007ff85d230000 - 0x00007ff85d24b000 	C:\Program Files\Java\jdk-21\bin\VCRUNTIME140.dll
0x00007ff85df40000 - 0x00007ff85df59000 	C:\Program Files\Java\jdk-21\bin\jli.dll
0x00007ff873ea0000 - 0x00007ff873f56000 	C:\WINDOWS\System32\ADVAPI32.dll
0x00007ff874710000 - 0x00007ff8747b9000 	C:\WINDOWS\System32\msvcrt.dll
0x00007ff874580000 - 0x00007ff874627000 	C:\WINDOWS\System32\sechost.dll
0x00007ff874df0000 - 0x00007ff874f08000 	C:\WINDOWS\System32\RPCRT4.dll
0x00007ff873f60000 - 0x00007ff874126000 	C:\WINDOWS\System32\USER32.dll
0x00007ff873240000 - 0x00007ff873267000 	C:\WINDOWS\System32\win32u.dll
0x00007ff8756f0000 - 0x00007ff87571b000 	C:\WINDOWS\System32\GDI32.dll
0x00007ff8733c0000 - 0x00007ff8734ea000 	C:\WINDOWS\System32\gdi32full.dll
0x00007ff872520000 - 0x00007ff8725c3000 	C:\WINDOWS\System32\msvcp_win.dll
0x00007ff860910000 - 0x00007ff860ba2000 	C:\WINDOWS\WinSxS\amd64_microsoft.windows.common-controls_6595b64144ccf1df_6.0.26100.8155_none_3e0b5daae331b4f8\COMCTL32.dll
0x00007ff865dc0000 - 0x00007ff865dcb000 	C:\WINDOWS\SYSTEM32\VERSION.dll
0x00007ff8736e0000 - 0x00007ff873712000 	C:\WINDOWS\System32\IMM32.DLL
0x00007ff861890000 - 0x00007ff86189c000 	C:\Program Files\Java\jdk-21\bin\vcruntime140_1.dll
0x00007ff856810000 - 0x00007ff85689e000 	C:\Program Files\Java\jdk-21\bin\msvcp140.dll
0x00007fffd0f40000 - 0x00007fffd1c57000 	C:\Program Files\Java\jdk-21\bin\server\jvm.dll
0x00007ff874360000 - 0x00007ff8743e0000 	C:\WINDOWS\System32\WS2_32.dll
0x00007ff8720b0000 - 0x00007ff87210e000 	C:\WINDOWS\SYSTEM32\POWRPROF.dll
0x00007ff861810000 - 0x00007ff861846000 	C:\WINDOWS\SYSTEM32\WINMM.dll
0x00007ff872090000 - 0x00007ff8720a4000 	C:\WINDOWS\SYSTEM32\UMPDC.dll
0x00007ff870f20000 - 0x00007ff870f3b000 	C:\WINDOWS\SYSTEM32\kernel.appcore.dll
0x00007ff85ff90000 - 0x00007ff85ff9a000 	C:\Program Files\Java\jdk-21\bin\jimage.dll
0x00007ff860440000 - 0x00007ff860682000 	C:\WINDOWS\SYSTEM32\DBGHELP.DLL
0x00007ff874a60000 - 0x00007ff874de2000 	C:\WINDOWS\System32\combase.dll
0x00007ff874630000 - 0x00007ff874707000 	C:\WINDOWS\System32\OLEAUT32.dll
0x00007ff857a00000 - 0x00007ff857a3b000 	C:\WINDOWS\SYSTEM32\dbgcore.DLL
0x00007ff871fe0000 - 0x00007ff872085000 	C:\WINDOWS\SYSTEM32\bcryptprimitives.dll
0x00007ff85f840000 - 0x00007ff85f84f000 	C:\Program Files\Java\jdk-21\bin\instrument.dll
0x00007ff85b600000 - 0x00007ff85b61f000 	C:\Program Files\Java\jdk-21\bin\java.dll
0x00007ff873730000 - 0x00007ff873e99000 	C:\WINDOWS\System32\SHELL32.dll
0x00007ff8729d0000 - 0x00007ff873239000 	C:\WINDOWS\System32\windows.storage.dll
0x00007ff8743f0000 - 0x00007ff8744e9000 	C:\WINDOWS\System32\SHCORE.dll
0x00007ff874260000 - 0x00007ff8742c6000 	C:\WINDOWS\System32\shlwapi.dll
0x00007ff872170000 - 0x00007ff872199000 	C:\WINDOWS\SYSTEM32\profapi.dll
0x00007ff854f70000 - 0x00007ff855047000 	C:\Program Files\Java\jdk-21\bin\jsvml.dll
0x00007ff857d50000 - 0x00007ff857d68000 	C:\Program Files\Java\jdk-21\bin\zip.dll
0x00007ff85df00000 - 0x00007ff85df10000 	C:\Program Files\Java\jdk-21\bin\net.dll
0x00007ff86bda0000 - 0x00007ff86becd000 	C:\WINDOWS\SYSTEM32\WINHTTP.dll
0x00007ff871490000 - 0x00007ff8714fc000 	C:\WINDOWS\system32\mswsock.dll
0x00007ff857be0000 - 0x00007ff857bf6000 	C:\Program Files\Java\jdk-21\bin\nio.dll
0x00007ff85d220000 - 0x00007ff85d230000 	C:\Program Files\Java\jdk-21\bin\verify.dll
0x00007ff861f70000 - 0x00007ff861f97000 	C:\Users\HARUN BERNA MUTLU\.gradle\native\1def1411415f61bf3af743bc5b6707747c0891f09f0c88961ee8f79bc544acac\windows-amd64\native-platform.dll
0x00007ff856790000 - 0x00007ff856808000 	C:\Users\HARUN BERNA MUTLU\.gradle\native\0.2.7\x86_64-windows-gnu\gradle-fileevents.dll
0x00007ff85b5f0000 - 0x00007ff85b5fa000 	C:\Program Files\Java\jdk-21\bin\management.dll
0x00007ff85b2d0000 - 0x00007ff85b2db000 	C:\Program Files\Java\jdk-21\bin\management_ext.dll
0x00007ff875420000 - 0x00007ff875428000 	C:\WINDOWS\System32\PSAPI.DLL
0x00007ff870840000 - 0x00007ff870872000 	C:\WINDOWS\SYSTEM32\IPHLPAPI.DLL
0x00007ff8736d0000 - 0x00007ff8736da000 	C:\WINDOWS\System32\NSI.dll
0x00007ff85b1e0000 - 0x00007ff85b1e9000 	C:\Program Files\Java\jdk-21\bin\extnet.dll
0x00007ff871770000 - 0x00007ff87178b000 	C:\WINDOWS\SYSTEM32\CRYPTSP.dll
0x00007ff870e80000 - 0x00007ff870eb9000 	C:\WINDOWS\system32\rsaenh.dll
0x00007ff871540000 - 0x00007ff871573000 	C:\WINDOWS\SYSTEM32\USERENV.dll
0x00007ff872140000 - 0x00007ff87216a000 	C:\WINDOWS\SYSTEM32\bcrypt.dll
0x00007ff871790000 - 0x00007ff87179c000 	C:\WINDOWS\SYSTEM32\CRYPTBASE.dll
0x00007ff857270000 - 0x00007ff85727e000 	C:\Program Files\Java\jdk-21\bin\sunmscapi.dll
0x00007ff8723a0000 - 0x00007ff872517000 	C:\WINDOWS\System32\CRYPT32.dll
0x00007ff871990000 - 0x00007ff8719c0000 	C:\WINDOWS\SYSTEM32\ncrypt.dll
0x00007ff871940000 - 0x00007ff87197f000 	C:\WINDOWS\SYSTEM32\NTASN1.dll
0x00007ff862820000 - 0x00007ff862828000 	C:\WINDOWS\system32\wshunix.dll

dbghelp: loaded successfully - version: 4.0.5 - missing functions: none
symbol engine: initialized successfully - sym options: 0x614 - pdb path: .;C:\Program Files\Java\jdk-21\bin;C:\WINDOWS\SYSTEM32;C:\WINDOWS\WinSxS\amd64_microsoft.windows.common-controls_6595b64144ccf1df_6.0.26100.8155_none_3e0b5daae331b4f8;C:\Program Files\Java\jdk-21\bin\server;C:\Users\HARUN BERNA MUTLU\.gradle\native\1def1411415f61bf3af743bc5b6707747c0891f09f0c88961ee8f79bc544acac\windows-amd64;C:\Users\HARUN BERNA MUTLU\.gradle\native\0.2.7\x86_64-windows-gnu

VM Arguments:
jvm_args: --add-opens=java.base/java.lang=ALL-UNNAMED --add-opens=java.base/java.lang.invoke=ALL-UNNAMED --add-opens=java.base/java.util=ALL-UNNAMED --add-opens=java.prefs/java.util.prefs=ALL-UNNAMED --add-exports=jdk.compiler/com.sun.tools.javac.api=ALL-UNNAMED --add-exports=jdk.compiler/com.sun.tools.javac.util=ALL-UNNAMED --add-opens=java.base/java.util=ALL-UNNAMED --add-opens=java.prefs/java.util.prefs=ALL-UNNAMED --add-opens=java.base/java.nio.charset=ALL-UNNAMED --add-opens=java.base/java.net=ALL-UNNAMED --add-opens=java.base/java.util.concurrent.atomic=ALL-UNNAMED --add-opens=java.xml/javax.xml.namespace=ALL-UNNAMED -XX:MaxMetaspaceSize=1024m -XX:+HeapDumpOnOutOfMemoryError -Xmx4096m -Dfile.encoding=UTF-8 -Duser.country=TR -Duser.language=tr -Duser.variant -javaagent:C:\Users\HARUN BERNA MUTLU\.gradle\wrapper\dists\gradle-8.13-bin\5xuhj0ry160q40clulazy9h7d\gradle-8.13\lib\agents\gradle-instrumentation-agent-8.13.jar 
java_command: org.gradle.launcher.daemon.bootstrap.GradleDaemon 8.13
java_class_path (initial): C:\Users\HARUN BERNA MUTLU\.gradle\wrapper\dists\gradle-8.13-bin\5xuhj0ry160q40clulazy9h7d\gradle-8.13\lib\gradle-daemon-main-8.13.jar
Launcher Type: SUN_STANDARD

[Global flags]
     intx CICompilerCount                          = 3                                         {product} {ergonomic}
   size_t CompressedClassSpaceSize                 = 872415232                                 {product} {ergonomic}
     uint ConcGCThreads                            = 2                                         {product} {ergonomic}
     uint G1ConcRefinementThreads                  = 6                                         {product} {ergonomic}
   size_t G1HeapRegionSize                         = 2097152                                   {product} {ergonomic}
    uintx GCDrainStackTargetSize                   = 64                                        {product} {ergonomic}
     bool HeapDumpOnOutOfMemoryError               = true                                   {manageable} {command line}
   size_t InitialHeapSize                          = 132120576                                 {product} {ergonomic}
   size_t MarkStackSize                            = 4194304                                   {product} {ergonomic}
   size_t MaxHeapSize                              = 4294967296                                {product} {command line}
   size_t MaxMetaspaceSize                         = 1073741824                                {product} {command line}
   size_t MaxNewSize                               = 2575302656                                {product} {ergonomic}
   size_t MinHeapDeltaBytes                        = 2097152                                   {product} {ergonomic}
   size_t MinHeapSize                              = 8388608                                   {product} {ergonomic}
    uintx NonNMethodCodeHeapSize                   = 5832780                                {pd product} {ergonomic}
    uintx NonProfiledCodeHeapSize                  = 122912730                              {pd product} {ergonomic}
    uintx ProfiledCodeHeapSize                     = 122912730                              {pd product} {ergonomic}
    uintx ReservedCodeCacheSize                    = 251658240                              {pd product} {ergonomic}
     bool SegmentedCodeCache                       = true                                      {product} {ergonomic}
   size_t SoftMaxHeapSize                          = 4294967296                             {manageable} {ergonomic}
     bool UseCompressedOops                        = true                           {product lp64_product} {ergonomic}
     bool UseG1GC                                  = true                                      {product} {ergonomic}
     bool UseLargePagesIndividualAllocation        = false                                  {pd product} {ergonomic}

Logging:
Log output configuration:
 #0: stdout all=warning uptime,level,tags foldmultilines=false
 #1: stderr all=off uptime,level,tags foldmultilines=false

Environment Variables:
PATH=c:\Users\HARUN BERNA MUTLU\AppData\Local\Programs\cursor\resources\app\bin;C:\Program Files\Google\Chrome\Application;C:\Program Files\Common Files\Oracle\Java\javapath;C:\Program Files (x86)\Common Files\Oracle\Java\java8path;C:\Program Files (x86)\Common Files\Oracle\Java\javapath;C:\WINDOWS\system32;C:\WINDOWS;C:\WINDOWS\System32\Wbem;C:\WINDOWS\System32\WindowsPowerShell\v1.0\;C:\WINDOWS\System32\OpenSSH\;C:\Users\HARUN BERNA MUTLU\AppData\Local\Programs\Python\Python313\Scripts\;C:\Users\HARUN BERNA MUTLU\AppData\Local\Programs\Python\Python313\;C:\Users\HARUN BERNA MUTLU\AppData\Local\Programs\Python\Launcher\;C:\Users\HARUN BERNA MUTLU\AppData\Local\Microsoft\WindowsApps;C:\Users\HARUN BERNA MUTLU\Desktop\dart_sdk\dart-sdk\bin;C:\WINDOWS\system32;C:\WINDOWS;C:\WINDOWS\System32\Wbem;C:\WINDOWS\System32\WindowsPowerShell\v1.0\;C:\WINDOWS\System32\OpenSSH\;C:\Program Files\nodejs\;D:\flutter\bin;C:\Program Files\Git\cmd;C:\Users\HARUN BERNA MUTLU\AppData\Local\Programs\Python\Python314\Scripts\;C:\Users\HARUN BERNA MUTLU\AppData\Local\Programs\Python\Python314\;C:\Users\HARUN BERNA MUTLU\AppData\Local\Programs\Python\Python312\Scripts\;C:\Users\HARUN BERNA MUTLU\AppData\Local\Programs\Python\Python312\;C:\Users\HARUN BERNA MUTLU\AppData\Local\Microsoft\WindowsApps;C:\Users\HARUN BERNA MUTLU\Desktop\dart_sdk\dart-sdk\bin;C:\Users\HARUN BERNA MUTLU\AppData\Roaming\npm;C:\Users\HARUN BERNA MUTLU\AppData\Local\Programs\Antigravity\bin;C:\Users\HARUN BERNA MUTLU\AppData\Local\GitHubDesktop\bin;
USERNAME=HARUN MUTLU
OS=Windows_NT
PROCESSOR_IDENTIFIER=Intel64 Family 6 Model 158 Stepping 12, GenuineIntel
TMP=C:\Users\HARUNB~1\AppData\Local\Temp
TEMP=C:\Users\HARUNB~1\AppData\Local\Temp




Periodic native trim disabled

---------------  S Y S T E M  ---------------

OS:
 Windows 11 , 64 bit Build 26100 (10.0.26100.8155)
OS uptime: 16 days 4:19 hours

CPU: total 6 (initial active 6) (6 cores per cpu, 1 threads per core) family 6 model 158 stepping 12 microcode 0xde, cx8, cmov, fxsr, mmx, 3dnowpref, sse, sse2, sse3, ssse3, sse4.1, sse4.2, popcnt, lzcnt, tsc, tscinvbit, avx, avx2, aes, erms, clmul, bmi1, bmi2, adx, fma, vzeroupper, clflush, clflushopt, rdtscp, f16c
Processor Information for all 6 processors :
  Max Mhz: 2904, Current Mhz: 2904, Mhz Limit: 2904

Memory: 4k page, system-wide physical 8049M (777M free)
TotalPageFile size 15476M (AvailPageFile size 256M)
current process WorkingSet (physical memory assigned to process): 227M, peak: 233M
current process commit charge ("private bytes"): 300M, peak: 306M

vm_info: Java HotSpot(TM) 64-Bit Server VM (21.0.2+13-LTS-58) for windows-amd64 JRE (21.0.2+13-LTS-58), built on 2024-01-05T18:32:24Z by "mach5one" with MS VC++ 17.1 (VS2022)

END.
