#
# There is insufficient memory for the Java Runtime Environment to continue.
# Native memory allocation (malloc) failed to allocate 1747696 bytes for Chunk::new
# Possible reasons:
#   The system is out of physical RAM or swap space
#   The process is running with CompressedOops enabled, and the Java Heap may be blocking the growth of the native heap
# Possible solutions:
#   Reduce memory load on the system
#   Increase physical memory or swap space
#   Check if swap backing store is full
#   Decrease Java heap size (-Xmx/-Xms)
#   Decrease number of Java threads
#   Decrease Java thread stack sizes (-Xss)
#   Set larger code cache with -XX:ReservedCodeCacheSize=
#   JVM is running with Zero Based Compressed Oops mode in which the Java heap is
#     placed in the first 32GB address space. The Java Heap base address is the
#     maximum limit for the native heap growth. Please use -XX:HeapBaseMinAddress
#     to set the Java Heap base and to place the Java Heap above 32GB virtual address.
# This output file may be truncated or incomplete.
#
#  Out of Memory Error (arena.cpp:168), pid=16592, tid=15744
#
# JRE version: Java(TM) SE Runtime Environment (21.0.2+13) (build 21.0.2+13-LTS-58)
# Java VM: Java HotSpot(TM) 64-Bit Server VM (21.0.2+13-LTS-58, mixed mode, sharing, tiered, compressed oops, compressed class ptrs, g1 gc, windows-amd64)
# No core dump will be written. Minidumps are not enabled by default on client versions of Windows
#

---------------  S U M M A R Y ------------

Command Line: --add-opens=java.base/java.lang=ALL-UNNAMED --add-opens=java.base/java.lang.invoke=ALL-UNNAMED --add-opens=java.base/java.util=ALL-UNNAMED --add-opens=java.prefs/java.util.prefs=ALL-UNNAMED --add-exports=jdk.compiler/com.sun.tools.javac.api=ALL-UNNAMED --add-exports=jdk.compiler/com.sun.tools.javac.util=ALL-UNNAMED --add-opens=java.base/java.util=ALL-UNNAMED --add-opens=java.prefs/java.util.prefs=ALL-UNNAMED --add-opens=java.base/java.nio.charset=ALL-UNNAMED --add-opens=java.base/java.net=ALL-UNNAMED --add-opens=java.base/java.util.concurrent.atomic=ALL-UNNAMED --add-opens=java.xml/javax.xml.namespace=ALL-UNNAMED -XX:MaxMetaspaceSize=1024m -XX:+HeapDumpOnOutOfMemoryError -Xmx4096m -Dfile.encoding=UTF-8 -Duser.country=TR -Duser.language=tr -Duser.variant -javaagent:C:\Users\HARUN BERNA MUTLU\.gradle\wrapper\dists\gradle-8.13-bin\5xuhj0ry160q40clulazy9h7d\gradle-8.13\lib\agents\gradle-instrumentation-agent-8.13.jar org.gradle.launcher.daemon.bootstrap.GradleDaemon 8.13

Host: Intel(R) Core(TM) i5-9400 CPU @ 2.90GHz, 6 cores, 7G,  Windows 11 , 64 bit Build 26100 (10.0.26100.8155)
Time: Wed Apr 22 00:11:38 2026 T僡kiye Standart Saati elapsed time: 16.757919 seconds (0d 0h 0m 16s)

---------------  T H R E A D  ---------------

Current thread (0x0000016c434ed7b0):  JavaThread "C2 CompilerThread0" daemon [_thread_in_native, id=15744, stack(0x0000004c6b100000,0x0000004c6b200000) (1024K)]


Current CompileTask:
C2:  16757 13732       4       java.lang.invoke.MethodType::makeImpl (109 bytes)

Stack: [0x0000004c6b100000,0x0000004c6b200000]
Native frames: (J=compiled Java code, j=interpreted, Vv=VM code, C=native code)
V  [jvm.dll+0x6cade9]
V  [jvm.dll+0x8569c1]
V  [jvm.dll+0x858d2e]
V  [jvm.dll+0x859413]
V  [jvm.dll+0x280e56]
V  [jvm.dll+0xc3f3d]
V  [jvm.dll+0xc4473]
V  [jvm.dll+0x3b5c2c]
V  [jvm.dll+0x382855]
V  [jvm.dll+0x381cca]
V  [jvm.dll+0x249bd0]
V  [jvm.dll+0x2491b1]
V  [jvm.dll+0x1c9634]
V  [jvm.dll+0x258859]
V  [jvm.dll+0x256e3a]
V  [jvm.dll+0x3ef6c6]
V  [jvm.dll+0x7ff568]
V  [jvm.dll+0x6c953d]
C  [ucrtbase.dll+0x37b0]
C  [KERNEL32.DLL+0x2e957]
C  [ntdll.dll+0x421c]


---------------  P R O C E S S  ---------------

Threads class SMR info:
_java_thread_list=0x0000016c02eb8ad0, length=66, elements={
0x0000016c22578d70, 0x0000016c434cfe60, 0x0000016c434d29d0, 0x0000016c434df230,
0x0000016c434e68c0, 0x0000016c434e5510, 0x0000016c434e4e80, 0x0000016c434ed7b0,
0x0000016c434f8480, 0x0000016c434e5ba0, 0x0000016c434e6230, 0x0000016c434e75e0,
0x0000016c434e7c70, 0x0000016c434e6f50, 0x0000016c7eb9bd70, 0x0000016c7eb99610,
0x0000016c7eb9b6e0, 0x0000016c7eb9a330, 0x0000016c7eb9c400, 0x0000016c7eb9ca90,
0x0000016c7eb9a9c0, 0x0000016c7eb9d120, 0x0000016c7eb99ca0, 0x0000016c7eb9b050,
0x0000016c7eb9e4d0, 0x0000016c7eb9ff10, 0x0000016c7eba05a0, 0x0000016c7eb9d7b0,
0x0000016c7eba0c30, 0x0000016c7eb9de40, 0x0000016c7eb9eb60, 0x0000016c01505440,
0x0000016c01502ce0, 0x0000016c01505ad0, 0x0000016c01504db0, 0x0000016c01503370,
0x0000016c01503a00, 0x0000016c01506e80, 0x0000016c01507510, 0x0000016c01504090,
0x0000016c01507ba0, 0x0000016c01504720, 0x0000016c015095e0, 0x0000016c0117c8c0,
0x0000016c0117ae80, 0x0000016c0117b510, 0x0000016c0117a7f0, 0x0000016c0117bba0,
0x0000016c0117c230, 0x0000016c0117d5e0, 0x0000016c0117a160, 0x0000016c03241520,
0x0000016c03242240, 0x0000016c03240170, 0x0000016c03243c80, 0x0000016c03241bb0,
0x0000016c032428d0, 0x0000016c03242f60, 0x0000016c032435f0, 0x0000016c03240e90,
0x0000016c03240800, 0x0000016c03244310, 0x0000016c032463e0, 0x0000016c03245d50,
0x0000016c03245030, 0x0000016c01f8c590
}

Java Threads: ( => current thread )
  0x0000016c22578d70 JavaThread "main"                              [_thread_blocked, id=1672, stack(0x0000004c6a300000,0x0000004c6a400000) (1024K)]
  0x0000016c434cfe60 JavaThread "Reference Handler"          daemon [_thread_blocked, id=9476, stack(0x0000004c6ab00000,0x0000004c6ac00000) (1024K)]
  0x0000016c434d29d0 JavaThread "Finalizer"                  daemon [_thread_blocked, id=5092, stack(0x0000004c6ac00000,0x0000004c6ad00000) (1024K)]
  0x0000016c434df230 JavaThread "Signal Dispatcher"          daemon [_thread_blocked, id=12912, stack(0x0000004c6ad00000,0x0000004c6ae00000) (1024K)]
  0x0000016c434e68c0 JavaThread "Attach Listener"            daemon [_thread_blocked, id=14908, stack(0x0000004c6ae00000,0x0000004c6af00000) (1024K)]
  0x0000016c434e5510 JavaThread "Service Thread"             daemon [_thread_blocked, id=1560, stack(0x0000004c6af00000,0x0000004c6b000000) (1024K)]
  0x0000016c434e4e80 JavaThread "Monitor Deflation Thread"   daemon [_thread_blocked, id=15252, stack(0x0000004c6b000000,0x0000004c6b100000) (1024K)]
=>0x0000016c434ed7b0 JavaThread "C2 CompilerThread0"         daemon [_thread_in_native, id=15744, stack(0x0000004c6b100000,0x0000004c6b200000) (1024K)]
  0x0000016c434f8480 JavaThread "C1 CompilerThread0"         daemon [_thread_blocked, id=17840, stack(0x0000004c6b200000,0x0000004c6b300000) (1024K)]
  0x0000016c434e5ba0 JavaThread "Common-Cleaner"             daemon [_thread_blocked, id=268, stack(0x0000004c6b300000,0x0000004c6b400000) (1024K)]
  0x0000016c434e6230 JavaThread "Notification Thread"        daemon [_thread_blocked, id=14604, stack(0x0000004c6b400000,0x0000004c6b500000) (1024K)]
  0x0000016c434e75e0 JavaThread "Daemon health stats"               [_thread_blocked, id=12788, stack(0x0000004c6ba00000,0x0000004c6bb00000) (1024K)]
  0x0000016c434e7c70 JavaThread "Incoming local TCP Connector on port 64080"        [_thread_in_native, id=8224, stack(0x0000004c6bb00000,0x0000004c6bc00000) (1024K)]
  0x0000016c434e6f50 JavaThread "Daemon periodic checks"            [_thread_blocked, id=17020, stack(0x0000004c6bc00000,0x0000004c6bd00000) (1024K)]
  0x0000016c7eb9bd70 JavaThread "Daemon"                            [_thread_blocked, id=10528, stack(0x0000004c6be00000,0x0000004c6bf00000) (1024K)]
  0x0000016c7eb99610 JavaThread "Handler for socket connection from /127.0.0.1:64080 to /127.0.0.1:64081"        [_thread_in_native, id=12548, stack(0x0000004c6bf00000,0x0000004c6c000000) (1024K)]
  0x0000016c7eb9b6e0 JavaThread "Cancel handler"                    [_thread_blocked, id=1652, stack(0x0000004c6c000000,0x0000004c6c100000) (1024K)]
  0x0000016c7eb9a330 JavaThread "Daemon worker"                     [_thread_in_vm, id=7640, stack(0x0000004c6c100000,0x0000004c6c200000) (1024K)]
  0x0000016c7eb9c400 JavaThread "Asynchronous log dispatcher for DefaultDaemonConnection: socket connection from /127.0.0.1:64080 to /127.0.0.1:64081"        [_thread_blocked, id=7224, stack(0x0000004c6c200000,0x0000004c6c300000) (1024K)]
  0x0000016c7eb9ca90 JavaThread "Stdin handler"                     [_thread_blocked, id=16004, stack(0x0000004c6c300000,0x0000004c6c400000) (1024K)]
  0x0000016c7eb9a9c0 JavaThread "Daemon client event forwarder"        [_thread_blocked, id=5872, stack(0x0000004c6c400000,0x0000004c6c500000) (1024K)]
  0x0000016c7eb9d120 JavaThread "Cache worker for journal cache (C:\Users\HARUN BERNA MUTLU\.gradle\caches\journal-1)"        [_thread_blocked, id=2260, stack(0x0000004c6c500000,0x0000004c6c600000) (1024K)]
  0x0000016c7eb99ca0 JavaThread "File lock request listener"        [_thread_in_native, id=8824, stack(0x0000004c6c600000,0x0000004c6c700000) (1024K)]
  0x0000016c7eb9b050 JavaThread "Cache worker for file hash cache (C:\Users\HARUN BERNA MUTLU\.gradle\caches\8.13\fileHashes)"        [_thread_blocked, id=9284, stack(0x0000004c6c700000,0x0000004c6c800000) (1024K)]
  0x0000016c7eb9e4d0 JavaThread "Cache worker for file hash cache (C:\Users\HARUN BERNA MUTLU\Desktop\bileklikk-main\android\.gradle\8.13\fileHashes)"        [_thread_blocked, id=4352, stack(0x0000004c6c900000,0x0000004c6ca00000) (1024K)]
  0x0000016c7eb9ff10 JavaThread "Cache worker for Build Output Cleanup Cache (C:\Users\HARUN BERNA MUTLU\Desktop\bileklikk-main\android\.gradle\buildOutputCleanup)"        [_thread_blocked, id=11216, stack(0x0000004c6ca00000,0x0000004c6cb00000) (1024K)]
  0x0000016c7eba05a0 JavaThread "File watcher server"        daemon [_thread_in_native, id=17836, stack(0x0000004c6cb00000,0x0000004c6cc00000) (1024K)]
  0x0000016c7eb9d7b0 JavaThread "File watcher consumer"      daemon [_thread_blocked, id=13088, stack(0x0000004c6cc00000,0x0000004c6cd00000) (1024K)]
  0x0000016c7eba0c30 JavaThread "jar transforms"                    [_thread_blocked, id=17824, stack(0x0000004c6cd00000,0x0000004c6ce00000) (1024K)]
  0x0000016c7eb9de40 JavaThread "jar transforms Thread 2"           [_thread_blocked, id=13564, stack(0x0000004c6ce00000,0x0000004c6cf00000) (1024K)]
  0x0000016c7eb9eb60 JavaThread "jar transforms Thread 3"           [_thread_blocked, id=17636, stack(0x0000004c6cf00000,0x0000004c6d000000) (1024K)]
  0x0000016c01505440 JavaThread "jar transforms Thread 4"           [_thread_blocked, id=14704, stack(0x0000004c6d000000,0x0000004c6d100000) (1024K)]
  0x0000016c01502ce0 JavaThread "jar transforms Thread 5"           [_thread_blocked, id=15740, stack(0x0000004c6d100000,0x0000004c6d200000) (1024K)]
  0x0000016c01505ad0 JavaThread "Cache worker for checksums cache (C:\Users\HARUN BERNA MUTLU\Desktop\bileklikk-main\android\.gradle\8.13\checksums)"        [_thread_blocked, id=12748, stack(0x0000004c6d200000,0x0000004c6d300000) (1024K)]
  0x0000016c01504db0 JavaThread "Cache worker for file content cache (C:\Users\HARUN BERNA MUTLU\.gradle\caches\8.13\fileContent)"        [_thread_blocked, id=16872, stack(0x0000004c6d300000,0x0000004c6d400000) (1024K)]
  0x0000016c01503370 JavaThread "jar transforms Thread 6"           [_thread_blocked, id=720, stack(0x0000004c6d400000,0x0000004c6d500000) (1024K)]
  0x0000016c01503a00 JavaThread "Exec process"                      [_thread_blocked, id=396, stack(0x0000004c6d500000,0x0000004c6d600000) (1024K)]
  0x0000016c01506e80 JavaThread "Exec process Thread 2"             [_thread_blocked, id=8808, stack(0x0000004c6d600000,0x0000004c6d700000) (1024K)]
  0x0000016c01507510 JavaThread "Exec process Thread 3"             [_thread_blocked, id=8980, stack(0x0000004c6d700000,0x0000004c6d800000) (1024K)]
  0x0000016c01504090 JavaThread "Cache worker for cache directory md-supplier (C:\Users\HARUN BERNA MUTLU\.gradle\caches\8.13\md-supplier)"        [_thread_blocked, id=9180, stack(0x0000004c6d800000,0x0000004c6d900000) (1024K)]
  0x0000016c01507ba0 JavaThread "Cache worker for cache directory md-rule (C:\Users\HARUN BERNA MUTLU\.gradle\caches\8.13\md-rule)"        [_thread_blocked, id=14456, stack(0x0000004c6d900000,0x0000004c6da00000) (1024K)]
  0x0000016c01504720 JavaThread "Cache worker for Build Output Cleanup Cache (C:\Users\HARUN BERNA MUTLU\Desktop\bileklikk-main\node_modules\@react-native\gradle-plugin\.gradle\buildOutputCleanup)"        [_thread_blocked, id=3612, stack(0x0000004c6da00000,0x0000004c6db00000) (1024K)]
  0x0000016c015095e0 JavaThread "Unconstrained build operations"        [_thread_blocked, id=6112, stack(0x0000004c6db00000,0x0000004c6dc00000) (1024K)]
  0x0000016c0117c8c0 JavaThread "Unconstrained build operations Thread 2"        [_thread_blocked, id=1320, stack(0x0000004c6dc00000,0x0000004c6dd00000) (1024K)]
  0x0000016c0117ae80 JavaThread "Unconstrained build operations Thread 3"        [_thread_blocked, id=10472, stack(0x0000004c6dd00000,0x0000004c6de00000) (1024K)]
  0x0000016c0117b510 JavaThread "Unconstrained build operations Thread 4"        [_thread_blocked, id=14636, stack(0x0000004c6de00000,0x0000004c6df00000) (1024K)]
  0x0000016c0117a7f0 JavaThread "Unconstrained build operations Thread 5"        [_thread_blocked, id=8640, stack(0x0000004c6df00000,0x0000004c6e000000) (1024K)]
  0x0000016c0117bba0 JavaThread "Unconstrained build operations Thread 6"        [_thread_blocked, id=7072, stack(0x0000004c6e000000,0x0000004c6e100000) (1024K)]
  0x0000016c0117c230 JavaThread "Cache worker for Build Output Cleanup Cache (C:\Users\HARUN BERNA MUTLU\Desktop\bileklikk-main\node_modules\expo-modules-autolinking\android\expo-gradle-plugin\.gradle\buildOutputCleanup)"        [_thread_blocked, id=19220, stack(0x0000004c6e100000,0x0000004c6e200000) (1024K)]
  0x0000016c0117d5e0 JavaThread "Unconstrained build operations Thread 7"        [_thread_blocked, id=7580, stack(0x0000004c6e200000,0x0000004c6e300000) (1024K)]
  0x0000016c0117a160 JavaThread "Unconstrained build operations Thread 8"        [_thread_blocked, id=9056, stack(0x0000004c6e300000,0x0000004c6e400000) (1024K)]
  0x0000016c03241520 JavaThread "Unconstrained build operations Thread 9"        [_thread_blocked, id=3908, stack(0x0000004c6e400000,0x0000004c6e500000) (1024K)]
  0x0000016c03242240 JavaThread "Unconstrained build operations Thread 10"        [_thread_blocked, id=10200, stack(0x0000004c6e500000,0x0000004c6e600000) (1024K)]
  0x0000016c03240170 JavaThread "Unconstrained build operations Thread 11"        [_thread_blocked, id=2872, stack(0x0000004c6e600000,0x0000004c6e700000) (1024K)]
  0x0000016c03243c80 JavaThread "Unconstrained build operations Thread 12"        [_thread_blocked, id=18288, stack(0x0000004c6e700000,0x0000004c6e800000) (1024K)]
  0x0000016c03241bb0 JavaThread "Unconstrained build operations Thread 13"        [_thread_blocked, id=2564, stack(0x0000004c6e800000,0x0000004c6e900000) (1024K)]
  0x0000016c032428d0 JavaThread "Unconstrained build operations Thread 14"        [_thread_blocked, id=13160, stack(0x0000004c6e900000,0x0000004c6ea00000) (1024K)]
  0x0000016c03242f60 JavaThread "Unconstrained build operations Thread 15"        [_thread_blocked, id=15492, stack(0x0000004c6ea00000,0x0000004c6eb00000) (1024K)]
  0x0000016c032435f0 JavaThread "Unconstrained build operations Thread 16"        [_thread_blocked, id=1796, stack(0x0000004c6eb00000,0x0000004c6ec00000) (1024K)]
  0x0000016c03240e90 JavaThread "Unconstrained build operations Thread 17"        [_thread_blocked, id=11576, stack(0x0000004c6ec00000,0x0000004c6ed00000) (1024K)]
  0x0000016c03240800 JavaThread "Unconstrained build operations Thread 18"        [_thread_blocked, id=18716, stack(0x0000004c6ed00000,0x0000004c6ee00000) (1024K)]
  0x0000016c03244310 JavaThread "Unconstrained build operations Thread 19"        [_thread_blocked, id=11792, stack(0x0000004c6ee00000,0x0000004c6ef00000) (1024K)]
  0x0000016c032463e0 JavaThread "Unconstrained build operations Thread 20"        [_thread_blocked, id=7108, stack(0x0000004c6ef00000,0x0000004c6f000000) (1024K)]
  0x0000016c03245d50 JavaThread "Unconstrained build operations Thread 21"        [_thread_blocked, id=16092, stack(0x0000004c6f000000,0x0000004c6f100000) (1024K)]
  0x0000016c03245030 JavaThread "Kotlin DSL Writer"                 [_thread_blocked, id=13632, stack(0x0000004c6f100000,0x0000004c6f200000) (1024K)]
  0x0000016c01f8c590 JavaThread "C2 CompilerThread1"         daemon [_thread_blocked, id=2420, stack(0x0000004c6b500000,0x0000004c6b600000) (1024K)]
Total: 66

Other Threads:
  0x0000016c434b1440 VMThread "VM Thread"                           [id=13584, stack(0x0000004c6aa00000,0x0000004c6ab00000) (1024K)]
  0x0000016c43495c90 WatcherThread "VM Periodic Task Thread"        [id=1640, stack(0x0000004c6a900000,0x0000004c6aa00000) (1024K)]
  0x0000016c22a245a0 WorkerThread "GC Thread#0"                     [id=11996, stack(0x0000004c6a400000,0x0000004c6a500000) (1024K)]
  0x0000016c439cf350 WorkerThread "GC Thread#1"                     [id=3728, stack(0x0000004c6b600000,0x0000004c6b700000) (1024K)]
  0x0000016c4392be60 WorkerThread "GC Thread#2"                     [id=13032, stack(0x0000004c6b700000,0x0000004c6b800000) (1024K)]
  0x0000016c7db92ae0 WorkerThread "GC Thread#3"                     [id=1512, stack(0x0000004c6b800000,0x0000004c6b900000) (1024K)]
  0x0000016c7dba3600 WorkerThread "GC Thread#4"                     [id=6560, stack(0x0000004c6b900000,0x0000004c6ba00000) (1024K)]
  0x0000016c7dbdc570 WorkerThread "GC Thread#5"                     [id=5248, stack(0x0000004c6bd00000,0x0000004c6be00000) (1024K)]
  0x0000016c22a37320 ConcurrentGCThread "G1 Main Marker"            [id=17924, stack(0x0000004c6a500000,0x0000004c6a600000) (1024K)]
  0x0000016c22a384d0 WorkerThread "G1 Conc#0"                       [id=9560, stack(0x0000004c6a600000,0x0000004c6a700000) (1024K)]
  0x0000016c7f4ea8e0 WorkerThread "G1 Conc#1"                       [id=9268, stack(0x0000004c6c800000,0x0000004c6c900000) (1024K)]
  0x0000016c22a75b90 ConcurrentGCThread "G1 Refine#0"               [id=14280, stack(0x0000004c6a700000,0x0000004c6a800000) (1024K)]
  0x0000016c433725b0 ConcurrentGCThread "G1 Service"                [id=2296, stack(0x0000004c6a800000,0x0000004c6a900000) (1024K)]
Total: 13

Threads with active compile tasks:
C2 CompilerThread0    16788 13732       4       java.lang.invoke.MethodType::makeImpl (109 bytes)
Total: 1

VM state: not at safepoint (normal execution)

VM Mutex/Monitor currently owned by a thread: None

Heap address: 0x0000000700000000, size: 4096 MB, Compressed Oops mode: Zero based, Oop shift amount: 3

CDS archive(s) mapped at: [0x0000016c44000000-0x0000016c44c90000-0x0000016c44c90000), size 13172736, SharedBaseAddress: 0x0000016c44000000, ArchiveRelocationMode: 1.
Compressed class space mapped at: 0x0000016c45000000-0x0000016c79000000, reserved size: 872415232
Narrow klass base: 0x0000016c44000000, Narrow klass shift: 0, Narrow klass range: 0x100000000

GC Precious Log:
 CardTable entry size: 512
 Card Set container configuration: InlinePtr #cards 4 size 8 Array Of Cards #cards 16 size 48 Howl #buckets 8 coarsen threshold 3686 Howl Bitmap #cards 512 size 80 coarsen threshold 460 Card regions per heap region 1 cards per card region 4096
 CPUs: 6 total, 6 available
 Memory: 8049M
 Large Page Support: Disabled
 NUMA Support: Disabled
 Compressed Oops: Enabled (Zero based)
 Heap Region Size: 2M
 Heap Min Capacity: 8M
 Heap Initial Capacity: 126M
 Heap Max Capacity: 4G
 Pre-touch: Disabled
 Parallel Workers: 6
 Concurrent Workers: 2
 Concurrent Refinement Workers: 6
 Periodic GC: Disabled

Heap:
 garbage-first heap   total 270336K, used 146002K [0x0000000700000000, 0x0000000800000000)
  region size 2048K, 13 young (26624K), 5 survivors (10240K)
 Metaspace       used 123248K, committed 125760K, reserved 983040K
  class space    used 16328K, committed 17536K, reserved 851968K

Heap Regions: E=young(eden), S=young(survivor), O=old, HS=humongous(starts), HC=humongous(continues), CS=collection set, F=free, TAMS=top-at-mark-start, PB=parsable bottom
|   0|0x0000000700000000, 0x0000000700200000, 0x0000000700200000|100%|HS|  |TAMS 0x0000000700000000| PB 0x0000000700000000| Complete 
|   1|0x0000000700200000, 0x0000000700400000, 0x0000000700400000|100%|HC|  |TAMS 0x0000000700200000| PB 0x0000000700200000| Complete 
|   2|0x0000000700400000, 0x0000000700600000, 0x0000000700600000|100%| O|  |TAMS 0x0000000700400000| PB 0x0000000700400000| Untracked 
|   3|0x0000000700600000, 0x0000000700800000, 0x0000000700800000|100%| O|  |TAMS 0x0000000700600000| PB 0x0000000700600000| Untracked 
|   4|0x0000000700800000, 0x0000000700a00000, 0x0000000700a00000|100%| O|  |TAMS 0x0000000700800000| PB 0x0000000700800000| Untracked 
|   5|0x0000000700a00000, 0x0000000700c00000, 0x0000000700c00000|100%| O|  |TAMS 0x0000000700a00000| PB 0x0000000700a00000| Untracked 
|   6|0x0000000700c00000, 0x0000000700e00000, 0x0000000700e00000|100%| O|  |TAMS 0x0000000700c00000| PB 0x0000000700c00000| Untracked 
|   7|0x0000000700e00000, 0x0000000701000000, 0x0000000701000000|100%| O|  |TAMS 0x0000000700e00000| PB 0x0000000700e00000| Untracked 
|   8|0x0000000701000000, 0x0000000701200000, 0x0000000701200000|100%| O|  |TAMS 0x0000000701000000| PB 0x0000000701000000| Untracked 
|   9|0x0000000701200000, 0x0000000701400000, 0x0000000701400000|100%| O|  |TAMS 0x0000000701200000| PB 0x0000000701200000| Untracked 
|  10|0x0000000701400000, 0x0000000701600000, 0x0000000701600000|100%| O|  |TAMS 0x0000000701400000| PB 0x0000000701400000| Untracked 
|  11|0x0000000701600000, 0x0000000701800000, 0x0000000701800000|100%| O|  |TAMS 0x0000000701600000| PB 0x0000000701600000| Untracked 
|  12|0x0000000701800000, 0x0000000701a00000, 0x0000000701a00000|100%| O|  |TAMS 0x0000000701800000| PB 0x0000000701800000| Untracked 
|  13|0x0000000701a00000, 0x0000000701c00000, 0x0000000701c00000|100%| O|  |TAMS 0x0000000701a00000| PB 0x0000000701a00000| Untracked 
|  14|0x0000000701c00000, 0x0000000701e00000, 0x0000000701e00000|100%| O|  |TAMS 0x0000000701c00000| PB 0x0000000701c00000| Untracked 
|  15|0x0000000701e00000, 0x0000000702000000, 0x0000000702000000|100%| O|  |TAMS 0x0000000701e00000| PB 0x0000000701e00000| Untracked 
|  16|0x0000000702000000, 0x0000000702200000, 0x0000000702200000|100%| O|  |TAMS 0x0000000702000000| PB 0x0000000702000000| Untracked 
|  17|0x0000000702200000, 0x0000000702400000, 0x0000000702400000|100%| O|  |TAMS 0x0000000702200000| PB 0x0000000702200000| Untracked 
|  18|0x0000000702400000, 0x0000000702600000, 0x0000000702600000|100%| O|  |TAMS 0x0000000702400000| PB 0x0000000702400000| Untracked 
|  19|0x0000000702600000, 0x0000000702800000, 0x0000000702800000|100%| O|  |TAMS 0x0000000702600000| PB 0x0000000702600000| Untracked 
|  20|0x0000000702800000, 0x0000000702a00000, 0x0000000702a00000|100%| O|  |TAMS 0x0000000702800000| PB 0x0000000702800000| Untracked 
|  21|0x0000000702a00000, 0x0000000702c00000, 0x0000000702c00000|100%| O|  |TAMS 0x0000000702a00000| PB 0x0000000702a00000| Untracked 
|  22|0x0000000702c00000, 0x0000000702e00000, 0x0000000702e00000|100%| O|  |TAMS 0x0000000702c00000| PB 0x0000000702c00000| Untracked 
|  23|0x0000000702e00000, 0x0000000703000000, 0x0000000703000000|100%| O|  |TAMS 0x0000000702e00000| PB 0x0000000702e00000| Untracked 
|  24|0x0000000703000000, 0x0000000703200000, 0x0000000703200000|100%| O|  |TAMS 0x0000000703000000| PB 0x0000000703000000| Untracked 
|  25|0x0000000703200000, 0x0000000703400000, 0x0000000703400000|100%| O|  |TAMS 0x0000000703200000| PB 0x0000000703200000| Untracked 
|  26|0x0000000703400000, 0x0000000703600000, 0x0000000703600000|100%| O|  |TAMS 0x0000000703400000| PB 0x0000000703400000| Untracked 
|  27|0x0000000703600000, 0x0000000703800000, 0x0000000703800000|100%| O|  |TAMS 0x0000000703600000| PB 0x0000000703600000| Untracked 
|  28|0x0000000703800000, 0x0000000703a00000, 0x0000000703a00000|100%| O|  |TAMS 0x0000000703800000| PB 0x0000000703800000| Untracked 
|  29|0x0000000703a00000, 0x0000000703c00000, 0x0000000703c00000|100%| O|  |TAMS 0x0000000703a00000| PB 0x0000000703a00000| Untracked 
|  30|0x0000000703c00000, 0x0000000703e00000, 0x0000000703e00000|100%|HS|  |TAMS 0x0000000703c00000| PB 0x0000000703c00000| Complete 
|  31|0x0000000703e00000, 0x0000000704000000, 0x0000000704000000|100%|HC|  |TAMS 0x0000000703e00000| PB 0x0000000703e00000| Complete 
|  32|0x0000000704000000, 0x0000000704200000, 0x0000000704200000|100%| O|  |TAMS 0x0000000704000000| PB 0x0000000704000000| Untracked 
|  33|0x0000000704200000, 0x0000000704400000, 0x0000000704400000|100%| O|  |TAMS 0x0000000704200000| PB 0x0000000704200000| Untracked 
|  34|0x0000000704400000, 0x0000000704600000, 0x0000000704600000|100%| O|  |TAMS 0x0000000704400000| PB 0x0000000704400000| Untracked 
|  35|0x0000000704600000, 0x0000000704800000, 0x0000000704800000|100%| O|  |TAMS 0x0000000704600000| PB 0x0000000704600000| Untracked 
|  36|0x0000000704800000, 0x0000000704a00000, 0x0000000704a00000|100%|HS|  |TAMS 0x0000000704800000| PB 0x0000000704800000| Complete 
|  37|0x0000000704a00000, 0x0000000704c00000, 0x0000000704c00000|100%|HC|  |TAMS 0x0000000704a00000| PB 0x0000000704a00000| Complete 
|  38|0x0000000704c00000, 0x0000000704e00000, 0x0000000704e00000|100%|HS|  |TAMS 0x0000000704c00000| PB 0x0000000704c00000| Complete 
|  39|0x0000000704e00000, 0x0000000705000000, 0x0000000705000000|100%|HC|  |TAMS 0x0000000704e00000| PB 0x0000000704e00000| Complete 
|  40|0x0000000705000000, 0x0000000705200000, 0x0000000705200000|100%|HC|  |TAMS 0x0000000705000000| PB 0x0000000705000000| Complete 
|  41|0x0000000705200000, 0x0000000705400000, 0x0000000705400000|100%| O|  |TAMS 0x0000000705200000| PB 0x0000000705200000| Untracked 
|  42|0x0000000705400000, 0x0000000705600000, 0x0000000705600000|100%| O|  |TAMS 0x0000000705400000| PB 0x0000000705400000| Untracked 
|  43|0x0000000705600000, 0x0000000705800000, 0x0000000705800000|100%| O|  |TAMS 0x0000000705600000| PB 0x0000000705600000| Untracked 
|  44|0x0000000705800000, 0x0000000705a00000, 0x0000000705a00000|100%| O|  |TAMS 0x0000000705800000| PB 0x0000000705800000| Untracked 
|  45|0x0000000705a00000, 0x0000000705c00000, 0x0000000705c00000|100%| O|  |TAMS 0x0000000705a00000| PB 0x0000000705a00000| Untracked 
|  46|0x0000000705c00000, 0x0000000705e00000, 0x0000000705e00000|100%| O|  |TAMS 0x0000000705c00000| PB 0x0000000705c00000| Untracked 
|  47|0x0000000705e00000, 0x0000000706000000, 0x0000000706000000|100%| O|  |TAMS 0x0000000705e00000| PB 0x0000000705e00000| Untracked 
|  48|0x0000000706000000, 0x0000000706200000, 0x0000000706200000|100%| O|  |TAMS 0x0000000706000000| PB 0x0000000706000000| Untracked 
|  49|0x0000000706200000, 0x0000000706400000, 0x0000000706400000|100%| O|  |TAMS 0x0000000706200000| PB 0x0000000706200000| Untracked 
|  50|0x0000000706400000, 0x0000000706600000, 0x0000000706600000|100%| O|  |TAMS 0x0000000706400000| PB 0x0000000706400000| Untracked 
|  51|0x0000000706600000, 0x0000000706800000, 0x0000000706800000|100%| O|  |TAMS 0x0000000706600000| PB 0x0000000706600000| Untracked 
|  52|0x0000000706800000, 0x0000000706a00000, 0x0000000706a00000|100%| O|  |TAMS 0x0000000706800000| PB 0x0000000706800000| Untracked 
|  53|0x0000000706a00000, 0x0000000706c00000, 0x0000000706c00000|100%| O|  |TAMS 0x0000000706a00000| PB 0x0000000706a00000| Untracked 
|  54|0x0000000706c00000, 0x0000000706c00000, 0x0000000706e00000|  0%| F|  |TAMS 0x0000000706c00000| PB 0x0000000706c00000| Untracked 
|  55|0x0000000706e00000, 0x0000000707000000, 0x0000000707000000|100%| O|  |TAMS 0x0000000706e00000| PB 0x0000000706e00000| Untracked 
|  56|0x0000000707000000, 0x0000000707200000, 0x0000000707200000|100%| O|  |TAMS 0x0000000707000000| PB 0x0000000707000000| Untracked 
|  57|0x0000000707200000, 0x0000000707358e20, 0x0000000707400000| 67%| O|  |TAMS 0x0000000707200000| PB 0x0000000707200000| Untracked 
|  58|0x0000000707400000, 0x0000000707400000, 0x0000000707600000|  0%| F|  |TAMS 0x0000000707400000| PB 0x0000000707400000| Untracked 
|  59|0x0000000707600000, 0x0000000707600000, 0x0000000707800000|  0%| F|  |TAMS 0x0000000707600000| PB 0x0000000707600000| Untracked 
|  60|0x0000000707800000, 0x0000000707800000, 0x0000000707a00000|  0%| F|  |TAMS 0x0000000707800000| PB 0x0000000707800000| Untracked 
|  61|0x0000000707a00000, 0x0000000707b3bca8, 0x0000000707c00000| 61%| S|CS|TAMS 0x0000000707a00000| PB 0x0000000707a00000| Complete 
|  62|0x0000000707c00000, 0x0000000707e00000, 0x0000000707e00000|100%| S|CS|TAMS 0x0000000707c00000| PB 0x0000000707c00000| Complete 
|  63|0x0000000707e00000, 0x0000000708000000, 0x0000000708000000|100%| S|CS|TAMS 0x0000000707e00000| PB 0x0000000707e00000| Complete 
|  64|0x0000000708000000, 0x0000000708200000, 0x0000000708200000|100%| S|CS|TAMS 0x0000000708000000| PB 0x0000000708000000| Complete 
|  65|0x0000000708200000, 0x0000000708400000, 0x0000000708400000|100%| S|CS|TAMS 0x0000000708200000| PB 0x0000000708200000| Complete 
|  66|0x0000000708400000, 0x0000000708400000, 0x0000000708600000|  0%| F|  |TAMS 0x0000000708400000| PB 0x0000000708400000| Untracked 
|  67|0x0000000708600000, 0x0000000708600000, 0x0000000708800000|  0%| F|  |TAMS 0x0000000708600000| PB 0x0000000708600000| Untracked 
|  68|0x0000000708800000, 0x0000000708800000, 0x0000000708a00000|  0%| F|  |TAMS 0x0000000708800000| PB 0x0000000708800000| Untracked 
|  69|0x0000000708a00000, 0x0000000708a00000, 0x0000000708c00000|  0%| F|  |TAMS 0x0000000708a00000| PB 0x0000000708a00000| Untracked 
|  70|0x0000000708c00000, 0x0000000708c00000, 0x0000000708e00000|  0%| F|  |TAMS 0x0000000708c00000| PB 0x0000000708c00000| Untracked 
|  71|0x0000000708e00000, 0x0000000708e00000, 0x0000000709000000|  0%| F|  |TAMS 0x0000000708e00000| PB 0x0000000708e00000| Untracked 
|  72|0x0000000709000000, 0x0000000709000000, 0x0000000709200000|  0%| F|  |TAMS 0x0000000709000000| PB 0x0000000709000000| Untracked 
|  73|0x0000000709200000, 0x0000000709200000, 0x0000000709400000|  0%| F|  |TAMS 0x0000000709200000| PB 0x0000000709200000| Untracked 
|  74|0x0000000709400000, 0x0000000709400000, 0x0000000709600000|  0%| F|  |TAMS 0x0000000709400000| PB 0x0000000709400000| Untracked 
|  75|0x0000000709600000, 0x0000000709600000, 0x0000000709800000|  0%| F|  |TAMS 0x0000000709600000| PB 0x0000000709600000| Untracked 
|  76|0x0000000709800000, 0x0000000709800000, 0x0000000709a00000|  0%| F|  |TAMS 0x0000000709800000| PB 0x0000000709800000| Untracked 
|  77|0x0000000709a00000, 0x0000000709a00000, 0x0000000709c00000|  0%| F|  |TAMS 0x0000000709a00000| PB 0x0000000709a00000| Untracked 
|  78|0x0000000709c00000, 0x0000000709c00000, 0x0000000709e00000|  0%| F|  |TAMS 0x0000000709c00000| PB 0x0000000709c00000| Untracked 
|  79|0x0000000709e00000, 0x0000000709e00000, 0x000000070a000000|  0%| F|  |TAMS 0x0000000709e00000| PB 0x0000000709e00000| Untracked 
|  80|0x000000070a000000, 0x000000070a000000, 0x000000070a200000|  0%| F|  |TAMS 0x000000070a000000| PB 0x000000070a000000| Untracked 
|  81|0x000000070a200000, 0x000000070a200000, 0x000000070a400000|  0%| F|  |TAMS 0x000000070a200000| PB 0x000000070a200000| Untracked 
|  82|0x000000070a400000, 0x000000070a400000, 0x000000070a600000|  0%| F|  |TAMS 0x000000070a400000| PB 0x000000070a400000| Untracked 
|  83|0x000000070a600000, 0x000000070a600000, 0x000000070a800000|  0%| F|  |TAMS 0x000000070a600000| PB 0x000000070a600000| Untracked 
|  84|0x000000070a800000, 0x000000070a800000, 0x000000070aa00000|  0%| F|  |TAMS 0x000000070a800000| PB 0x000000070a800000| Untracked 
|  85|0x000000070aa00000, 0x000000070aa00000, 0x000000070ac00000|  0%| F|  |TAMS 0x000000070aa00000| PB 0x000000070aa00000| Untracked 
|  86|0x000000070ac00000, 0x000000070ac00000, 0x000000070ae00000|  0%| F|  |TAMS 0x000000070ac00000| PB 0x000000070ac00000| Untracked 
|  87|0x000000070ae00000, 0x000000070ae00000, 0x000000070b000000|  0%| F|  |TAMS 0x000000070ae00000| PB 0x000000070ae00000| Untracked 
|  88|0x000000070b000000, 0x000000070b000000, 0x000000070b200000|  0%| F|  |TAMS 0x000000070b000000| PB 0x000000070b000000| Untracked 
|  89|0x000000070b200000, 0x000000070b200000, 0x000000070b400000|  0%| F|  |TAMS 0x000000070b200000| PB 0x000000070b200000| Untracked 
|  90|0x000000070b400000, 0x000000070b400000, 0x000000070b600000|  0%| F|  |TAMS 0x000000070b400000| PB 0x000000070b400000| Untracked 
|  91|0x000000070b600000, 0x000000070b600000, 0x000000070b800000|  0%| F|  |TAMS 0x000000070b600000| PB 0x000000070b600000| Untracked 
|  92|0x000000070b800000, 0x000000070b800000, 0x000000070ba00000|  0%| F|  |TAMS 0x000000070b800000| PB 0x000000070b800000| Untracked 
|  93|0x000000070ba00000, 0x000000070ba00000, 0x000000070bc00000|  0%| F|  |TAMS 0x000000070ba00000| PB 0x000000070ba00000| Untracked 
|  94|0x000000070bc00000, 0x000000070bc00000, 0x000000070be00000|  0%| F|  |TAMS 0x000000070bc00000| PB 0x000000070bc00000| Untracked 
|  95|0x000000070be00000, 0x000000070be00000, 0x000000070c000000|  0%| F|  |TAMS 0x000000070be00000| PB 0x000000070be00000| Untracked 
|  96|0x000000070c000000, 0x000000070c000000, 0x000000070c200000|  0%| F|  |TAMS 0x000000070c000000| PB 0x000000070c000000| Untracked 
|  97|0x000000070c200000, 0x000000070c200000, 0x000000070c400000|  0%| F|  |TAMS 0x000000070c200000| PB 0x000000070c200000| Untracked 
|  98|0x000000070c400000, 0x000000070c400000, 0x000000070c600000|  0%| F|  |TAMS 0x000000070c400000| PB 0x000000070c400000| Untracked 
|  99|0x000000070c600000, 0x000000070c600000, 0x000000070c800000|  0%| F|  |TAMS 0x000000070c600000| PB 0x000000070c600000| Untracked 
| 100|0x000000070c800000, 0x000000070c800000, 0x000000070ca00000|  0%| F|  |TAMS 0x000000070c800000| PB 0x000000070c800000| Untracked 
| 101|0x000000070ca00000, 0x000000070ca00000, 0x000000070cc00000|  0%| F|  |TAMS 0x000000070ca00000| PB 0x000000070ca00000| Untracked 
| 102|0x000000070cc00000, 0x000000070cc00000, 0x000000070ce00000|  0%| F|  |TAMS 0x000000070cc00000| PB 0x000000070cc00000| Untracked 
| 103|0x000000070ce00000, 0x000000070ce00000, 0x000000070d000000|  0%| F|  |TAMS 0x000000070ce00000| PB 0x000000070ce00000| Untracked 
| 104|0x000000070d000000, 0x000000070d000000, 0x000000070d200000|  0%| F|  |TAMS 0x000000070d000000| PB 0x000000070d000000| Untracked 
| 105|0x000000070d200000, 0x000000070d200000, 0x000000070d400000|  0%| F|  |TAMS 0x000000070d200000| PB 0x000000070d200000| Untracked 
| 106|0x000000070d400000, 0x000000070d400000, 0x000000070d600000|  0%| F|  |TAMS 0x000000070d400000| PB 0x000000070d400000| Untracked 
| 107|0x000000070d600000, 0x000000070d600000, 0x000000070d800000|  0%| F|  |TAMS 0x000000070d600000| PB 0x000000070d600000| Untracked 
| 108|0x000000070d800000, 0x000000070d800000, 0x000000070da00000|  0%| F|  |TAMS 0x000000070d800000| PB 0x000000070d800000| Untracked 
| 109|0x000000070da00000, 0x000000070da00000, 0x000000070dc00000|  0%| F|  |TAMS 0x000000070da00000| PB 0x000000070da00000| Untracked 
| 110|0x000000070dc00000, 0x000000070dc00000, 0x000000070de00000|  0%| F|  |TAMS 0x000000070dc00000| PB 0x000000070dc00000| Untracked 
| 111|0x000000070de00000, 0x000000070de00000, 0x000000070e000000|  0%| F|  |TAMS 0x000000070de00000| PB 0x000000070de00000| Untracked 
| 112|0x000000070e000000, 0x000000070e000000, 0x000000070e200000|  0%| F|  |TAMS 0x000000070e000000| PB 0x000000070e000000| Untracked 
| 113|0x000000070e200000, 0x000000070e200000, 0x000000070e400000|  0%| F|  |TAMS 0x000000070e200000| PB 0x000000070e200000| Untracked 
| 114|0x000000070e400000, 0x000000070e400000, 0x000000070e600000|  0%| F|  |TAMS 0x000000070e400000| PB 0x000000070e400000| Untracked 
| 115|0x000000070e600000, 0x000000070e600000, 0x000000070e800000|  0%| F|  |TAMS 0x000000070e600000| PB 0x000000070e600000| Untracked 
| 116|0x000000070e800000, 0x000000070e800000, 0x000000070ea00000|  0%| F|  |TAMS 0x000000070e800000| PB 0x000000070e800000| Untracked 
| 117|0x000000070ea00000, 0x000000070ea00000, 0x000000070ec00000|  0%| F|  |TAMS 0x000000070ea00000| PB 0x000000070ea00000| Untracked 
| 118|0x000000070ec00000, 0x000000070ec00000, 0x000000070ee00000|  0%| F|  |TAMS 0x000000070ec00000| PB 0x000000070ec00000| Untracked 
| 119|0x000000070ee00000, 0x000000070ee00000, 0x000000070f000000|  0%| F|  |TAMS 0x000000070ee00000| PB 0x000000070ee00000| Untracked 
| 120|0x000000070f000000, 0x000000070f1015b0, 0x000000070f200000| 50%| E|  |TAMS 0x000000070f000000| PB 0x000000070f000000| Complete 
| 121|0x000000070f200000, 0x000000070f400000, 0x000000070f400000|100%| E|CS|TAMS 0x000000070f200000| PB 0x000000070f200000| Complete 
| 122|0x000000070f400000, 0x000000070f600000, 0x000000070f600000|100%| E|CS|TAMS 0x000000070f400000| PB 0x000000070f400000| Complete 
| 123|0x000000070f600000, 0x000000070f800000, 0x000000070f800000|100%| E|CS|TAMS 0x000000070f600000| PB 0x000000070f600000| Complete 
| 124|0x000000070f800000, 0x000000070fa00000, 0x000000070fa00000|100%| E|CS|TAMS 0x000000070f800000| PB 0x000000070f800000| Complete 
| 125|0x000000070fa00000, 0x000000070fc00000, 0x000000070fc00000|100%| E|CS|TAMS 0x000000070fa00000| PB 0x000000070fa00000| Complete 
| 126|0x000000070fc00000, 0x000000070fe00000, 0x000000070fe00000|100%| E|CS|TAMS 0x000000070fc00000| PB 0x000000070fc00000| Complete 
|2043|0x00000007ff600000, 0x00000007ff800000, 0x00000007ff800000|100%| E|CS|TAMS 0x00000007ff600000| PB 0x00000007ff600000| Complete 
|2044|0x00000007ff800000, 0x00000007ffa00000, 0x00000007ffa00000|100%| O|  |TAMS 0x00000007ff800000| PB 0x00000007ff800000| Untracked 
|2045|0x00000007ffa00000, 0x00000007ffc00000, 0x00000007ffc00000|100%| O|  |TAMS 0x00000007ffa00000| PB 0x00000007ffa00000| Untracked 
|2046|0x00000007ffc00000, 0x00000007ffe00000, 0x00000007ffe00000|100%| E|CS|TAMS 0x00000007ffc00000| PB 0x00000007ffc00000| Complete 
|2047|0x00000007ffe00000, 0x0000000800000000, 0x0000000800000000|100%| O|  |TAMS 0x00000007ffe00000| PB 0x00000007ffe00000| Untracked 

Card table byte_map: [0x0000016c3c460000,0x0000016c3cc60000] _byte_map_base: 0x0000016c38c60000

Marking Bits: (CMBitMap*) 0x0000016c22a25bc0
 Bits: [0x0000016c3cc60000, 0x0000016c40c60000)

Polling page: 0x0000016c22a80000

Metaspace:

Usage:
  Non-class:    104.43 MB used.
      Class:     15.95 MB used.
       Both:    120.38 MB used.

Virtual space:
  Non-class space:      128.00 MB reserved,     105.69 MB ( 83%) committed,  2 nodes.
      Class space:      832.00 MB reserved,      17.12 MB (  2%) committed,  1 nodes.
             Both:      960.00 MB reserved,     122.81 MB ( 13%) committed. 

Chunk freelists:
   Non-Class:  5.58 MB
       Class:  14.84 MB
        Both:  20.42 MB

MaxMetaspaceSize: 1.00 GB
CompressedClassSpaceSize: 832.00 MB
Initial GC threshold: 21.00 MB
Current GC threshold: 180.31 MB
CDS: on
 - commit_granule_bytes: 65536.
 - commit_granule_words: 8192.
 - virtual_space_node_default_size: 8388608.
 - enlarge_chunks_in_place: 1.
 - use_allocation_guard: 0.


Internal statistics:

num_allocs_failed_limit: 9.
num_arena_births: 4346.
num_arena_deaths: 14.
num_vsnodes_births: 3.
num_vsnodes_deaths: 0.
num_space_committed: 1963.
num_space_uncommitted: 0.
num_chunks_returned_to_freelist: 42.
num_chunks_taken_from_freelist: 9650.
num_chunk_merges: 11.
num_chunk_splits: 6690.
num_chunks_enlarged: 4591.
num_inconsistent_stats: 0.

CodeHeap 'non-profiled nmethods': size=120000Kb used=6696Kb max_used=6696Kb free=113303Kb
 bounds [0x0000016c33ed0000, 0x0000016c34560000, 0x0000016c3b400000]
CodeHeap 'profiled nmethods': size=120000Kb used=23018Kb max_used=23018Kb free=96981Kb
 bounds [0x0000016c2c400000, 0x0000016c2da80000, 0x0000016c33930000]
CodeHeap 'non-nmethods': size=5760Kb used=3082Kb max_used=3125Kb free=2677Kb
 bounds [0x0000016c33930000, 0x0000016c33c50000, 0x0000016c33ed0000]
 total_blobs=12792 nmethods=11662 adapters=1033
 compilation: enabled
              stopped_count=0, restarted_count=0
 full_count=0

Compilation events (20 events):
Event: 16.583 Thread 0x0000016c434f8480 13738       1       org.jetbrains.kotlin.com.intellij.mock.MockComponentManager::isDisposed (5 bytes)
Event: 16.583 Thread 0x0000016c434f8480 nmethod 13738 0x0000016c3454f010 code [0x0000016c3454f1a0, 0x0000016c3454f270]
Event: 16.583 Thread 0x0000016c434f8480 13739       3       org.jetbrains.kotlin.com.intellij.psi.stubs.MaterialStubList::size (8 bytes)
Event: 16.583 Thread 0x0000016c434f8480 nmethod 13739 0x0000016c2da73f90 code [0x0000016c2da74120, 0x0000016c2da742d0]
Event: 16.583 Thread 0x0000016c434f8480 13741       3       org.jetbrains.kotlin.load.java.lazy.descriptors.LazyJavaPackageScope$FindClassRequest::equals (30 bytes)
Event: 16.583 Thread 0x0000016c434f8480 nmethod 13741 0x0000016c2da74390 code [0x0000016c2da74560, 0x0000016c2da74a28]
Event: 16.583 Thread 0x0000016c434f8480 13740       1       java.util.AbstractList$ListItr::nextIndex (5 bytes)
Event: 16.583 Thread 0x0000016c434f8480 nmethod 13740 0x0000016c3454f310 code [0x0000016c3454f4a0, 0x0000016c3454f568]
Event: 16.584 Thread 0x0000016c434f8480 13742       1       org.jetbrains.kotlin.ir.declarations.impl.IrValueParameterImpl::setDefaultValue (6 bytes)
Event: 16.584 Thread 0x0000016c434f8480 nmethod 13742 0x0000016c3454f610 code [0x0000016c3454f7a0, 0x0000016c3454f8b8]
Event: 16.584 Thread 0x0000016c434f8480 13745       3       org.jetbrains.kotlin.ir.declarations.impl.IrFunctionImpl::setValueParameters (12 bytes)
Event: 16.585 Thread 0x0000016c434f8480 nmethod 13745 0x0000016c2da74b90 code [0x0000016c2da74dc0, 0x0000016c2da753d8]
Event: 16.585 Thread 0x0000016c434f8480 13744       1       org.jetbrains.kotlin.ir.declarations.impl.IrFunctionImpl::setDispatchReceiverParameter (6 bytes)
Event: 16.585 Thread 0x0000016c434f8480 nmethod 13744 0x0000016c3454f910 code [0x0000016c3454faa0, 0x0000016c3454fbb8]
Event: 16.586 Thread 0x0000016c434f8480 13746       3       java.lang.ClassLoader::definePackage (85 bytes)
Event: 16.587 Thread 0x0000016c434f8480 nmethod 13746 0x0000016c2da75610 code [0x0000016c2da75940, 0x0000016c2da76d40]
Event: 16.594 Thread 0x0000016c434f8480 13747       3       org.jetbrains.kotlin.ir.symbols.impl.IrSimpleFunctionSymbolImpl::getOwner (8 bytes)
Event: 16.594 Thread 0x0000016c434f8480 nmethod 13747 0x0000016c2da77310 code [0x0000016c2da774c0, 0x0000016c2da776e8]
Event: 16.601 Thread 0x0000016c434f8480 13748       1       org.jetbrains.kotlin.ir.types.impl.IrSimpleTypeImpl::getArguments (5 bytes)
Event: 16.601 Thread 0x0000016c434f8480 nmethod 13748 0x0000016c3454fc10 code [0x0000016c3454fda0, 0x0000016c3454fe70]

GC Heap History (20 events):
Event: 9.661 GC heap before
{Heap before GC invocations=20 (full 0):
 garbage-first heap   total 178176K, used 159645K [0x0000000700000000, 0x0000000800000000)
  region size 2048K, 51 young (104448K), 4 survivors (8192K)
 Metaspace       used 66252K, committed 68224K, reserved 917504K
  class space    used 9317K, committed 10304K, reserved 851968K
}
Event: 9.669 GC heap after
{Heap after GC invocations=21 (full 0):
 garbage-first heap   total 178176K, used 67893K [0x0000000700000000, 0x0000000800000000)
  region size 2048K, 4 young (8192K), 4 survivors (8192K)
 Metaspace       used 66252K, committed 68224K, reserved 917504K
  class space    used 9317K, committed 10304K, reserved 851968K
}
Event: 11.163 GC heap before
{Heap before GC invocations=21 (full 0):
 garbage-first heap   total 178176K, used 170293K [0x0000000700000000, 0x0000000800000000)
  region size 2048K, 48 young (98304K), 4 survivors (8192K)
 Metaspace       used 73917K, committed 75904K, reserved 917504K
  class space    used 10713K, committed 11712K, reserved 851968K
}
Event: 11.172 GC heap after
{Heap after GC invocations=22 (full 0):
 garbage-first heap   total 190464K, used 82685K [0x0000000700000000, 0x0000000800000000)
  region size 2048K, 6 young (12288K), 6 survivors (12288K)
 Metaspace       used 73917K, committed 75904K, reserved 917504K
  class space    used 10713K, committed 11712K, reserved 851968K
}
Event: 12.142 GC heap before
{Heap before GC invocations=22 (full 0):
 garbage-first heap   total 190464K, used 164605K [0x0000000700000000, 0x0000000800000000)
  region size 2048K, 46 young (94208K), 6 survivors (12288K)
 Metaspace       used 84559K, committed 86656K, reserved 983040K
  class space    used 11995K, committed 12992K, reserved 851968K
}
Event: 12.151 GC heap after
{Heap after GC invocations=23 (full 0):
 garbage-first heap   total 190464K, used 85823K [0x0000000700000000, 0x0000000800000000)
  region size 2048K, 2 young (4096K), 2 survivors (4096K)
 Metaspace       used 84559K, committed 86656K, reserved 983040K
  class space    used 11995K, committed 12992K, reserved 851968K
}
Event: 12.486 GC heap before
{Heap before GC invocations=23 (full 0):
 garbage-first heap   total 190464K, used 110399K [0x0000000700000000, 0x0000000800000000)
  region size 2048K, 15 young (30720K), 2 survivors (4096K)
 Metaspace       used 87952K, committed 90048K, reserved 983040K
  class space    used 12397K, committed 13376K, reserved 851968K
}
Event: 12.490 GC heap after
{Heap after GC invocations=24 (full 0):
 garbage-first heap   total 190464K, used 85989K [0x0000000700000000, 0x0000000800000000)
  region size 2048K, 2 young (4096K), 2 survivors (4096K)
 Metaspace       used 87952K, committed 90048K, reserved 983040K
  class space    used 12397K, committed 13376K, reserved 851968K
}
Event: 13.125 GC heap before
{Heap before GC invocations=24 (full 0):
 garbage-first heap   total 190464K, used 172005K [0x0000000700000000, 0x0000000800000000)
  region size 2048K, 42 young (86016K), 2 survivors (4096K)
 Metaspace       used 91530K, committed 93568K, reserved 983040K
  class space    used 12790K, committed 13760K, reserved 851968K
}
Event: 13.140 GC heap after
{Heap after GC invocations=25 (full 0):
 garbage-first heap   total 194560K, used 102128K [0x0000000700000000, 0x0000000800000000)
  region size 2048K, 6 young (12288K), 6 survivors (12288K)
 Metaspace       used 91530K, committed 93568K, reserved 983040K
  class space    used 12790K, committed 13760K, reserved 851968K
}
Event: 13.831 GC heap before
{Heap before GC invocations=26 (full 0):
 garbage-first heap   total 194560K, used 175856K [0x0000000700000000, 0x0000000800000000)
  region size 2048K, 39 young (79872K), 6 survivors (12288K)
 Metaspace       used 98313K, committed 100608K, reserved 983040K
  class space    used 13467K, committed 14592K, reserved 851968K
}
Event: 13.841 GC heap after
{Heap after GC invocations=27 (full 0):
 garbage-first heap   total 198656K, used 116286K [0x0000000700000000, 0x0000000800000000)
  region size 2048K, 4 young (8192K), 4 survivors (8192K)
 Metaspace       used 98313K, committed 100608K, reserved 983040K
  class space    used 13467K, committed 14592K, reserved 851968K
}
Event: 14.500 GC heap before
{Heap before GC invocations=27 (full 0):
 garbage-first heap   total 198656K, used 175678K [0x0000000700000000, 0x0000000800000000)
  region size 2048K, 33 young (67584K), 4 survivors (8192K)
 Metaspace       used 105677K, committed 108096K, reserved 983040K
  class space    used 14466K, committed 15680K, reserved 851968K
}
Event: 14.508 GC heap after
{Heap after GC invocations=28 (full 0):
 garbage-first heap   total 198656K, used 118760K [0x0000000700000000, 0x0000000800000000)
  region size 2048K, 5 young (10240K), 5 survivors (10240K)
 Metaspace       used 105677K, committed 108096K, reserved 983040K
  class space    used 14466K, committed 15680K, reserved 851968K
}
Event: 14.946 GC heap before
{Heap before GC invocations=28 (full 0):
 garbage-first heap   total 198656K, used 174056K [0x0000000700000000, 0x0000000800000000)
  region size 2048K, 32 young (65536K), 5 survivors (10240K)
 Metaspace       used 108225K, committed 110656K, reserved 983040K
  class space    used 14732K, committed 15936K, reserved 851968K
}
Event: 14.953 GC heap after
{Heap after GC invocations=29 (full 0):
 garbage-first heap   total 198656K, used 123162K [0x0000000700000000, 0x0000000800000000)
  region size 2048K, 4 young (8192K), 4 survivors (8192K)
 Metaspace       used 108225K, committed 110656K, reserved 983040K
  class space    used 14732K, committed 15936K, reserved 851968K
}
Event: 15.640 GC heap before
{Heap before GC invocations=30 (full 0):
 garbage-first heap   total 225280K, used 176410K [0x0000000700000000, 0x0000000800000000)
  region size 2048K, 30 young (61440K), 4 survivors (8192K)
 Metaspace       used 111926K, committed 114368K, reserved 983040K
  class space    used 15115K, committed 16320K, reserved 851968K
}
Event: 15.651 GC heap after
{Heap after GC invocations=31 (full 0):
 garbage-first heap   total 225280K, used 128433K [0x0000000700000000, 0x0000000800000000)
  region size 2048K, 4 young (8192K), 4 survivors (8192K)
 Metaspace       used 111926K, committed 114368K, reserved 983040K
  class space    used 15115K, committed 16320K, reserved 851968K
}
Event: 16.429 GC heap before
{Heap before GC invocations=31 (full 0):
 garbage-first heap   total 225280K, used 202161K [0x0000000700000000, 0x0000000800000000)
  region size 2048K, 40 young (81920K), 4 survivors (8192K)
 Metaspace       used 120828K, committed 123328K, reserved 983040K
  class space    used 16134K, committed 17344K, reserved 851968K
}
Event: 16.440 GC heap after
{Heap after GC invocations=32 (full 0):
 garbage-first heap   total 270336K, used 131666K [0x0000000700000000, 0x0000000800000000)
  region size 2048K, 5 young (10240K), 5 survivors (10240K)
 Metaspace       used 120828K, committed 123328K, reserved 983040K
  class space    used 16134K, committed 17344K, reserved 851968K
}

Dll operation events (15 events):
Event: 0.008 Loaded shared library C:\Program Files\Java\jdk-21\bin\java.dll
Event: 0.032 Loaded shared library C:\Program Files\Java\jdk-21\bin\jsvml.dll
Event: 0.065 Loaded shared library C:\Program Files\Java\jdk-21\bin\zip.dll
Event: 0.067 Loaded shared library C:\Program Files\Java\jdk-21\bin\instrument.dll
Event: 0.071 Loaded shared library C:\Program Files\Java\jdk-21\bin\net.dll
Event: 0.073 Loaded shared library C:\Program Files\Java\jdk-21\bin\nio.dll
Event: 0.075 Loaded shared library C:\Program Files\Java\jdk-21\bin\zip.dll
Event: 0.265 Loaded shared library C:\Program Files\Java\jdk-21\bin\jimage.dll
Event: 0.404 Loaded shared library C:\Program Files\Java\jdk-21\bin\verify.dll
Event: 0.513 Loaded shared library C:\Users\HARUN BERNA MUTLU\.gradle\native\1def1411415f61bf3af743bc5b6707747c0891f09f0c88961ee8f79bc544acac\windows-amd64\native-platform.dll
Event: 0.525 Loaded shared library C:\Users\HARUN BERNA MUTLU\.gradle\native\0.2.7\x86_64-windows-gnu\gradle-fileevents.dll
Event: 1.371 Loaded shared library C:\Program Files\Java\jdk-21\bin\management.dll
Event: 1.373 Loaded shared library C:\Program Files\Java\jdk-21\bin\management_ext.dll
Event: 1.475 Loaded shared library C:\Program Files\Java\jdk-21\bin\extnet.dll
Event: 1.667 Loaded shared library C:\Program Files\Java\jdk-21\bin\sunmscapi.dll

Deoptimization events (20 events):
Event: 16.121 Thread 0x0000016c7eb9a330 Uncommon trap: trap_request=0xffffffde fr.pc=0x0000016c340fa208 relative=0x00000000000003c8
Event: 16.121 Thread 0x0000016c7eb9a330 Uncommon trap: reason=class_check action=maybe_recompile pc=0x0000016c340fa208 method=org.jetbrains.kotlin.types.TypeConstructorSubstitution$Companion$createByConstructorsMap$1.get(Lorg/jetbrains/kotlin/types/TypeConstructor;)Lorg/jetbrains/kotlin/types/T
Event: 16.121 Thread 0x0000016c7eb9a330 DEOPT PACKING pc=0x0000016c340fa208 sp=0x0000004c6c1f0d60
Event: 16.121 Thread 0x0000016c7eb9a330 DEOPT UNPACKING pc=0x0000016c339846a2 sp=0x0000004c6c1f0ca0 mode 2
Event: 16.121 Thread 0x0000016c7eb9a330 Uncommon trap: trap_request=0xffffffde fr.pc=0x0000016c340fa208 relative=0x00000000000003c8
Event: 16.121 Thread 0x0000016c7eb9a330 Uncommon trap: reason=class_check action=maybe_recompile pc=0x0000016c340fa208 method=org.jetbrains.kotlin.types.TypeConstructorSubstitution$Companion$createByConstructorsMap$1.get(Lorg/jetbrains/kotlin/types/TypeConstructor;)Lorg/jetbrains/kotlin/types/T
Event: 16.121 Thread 0x0000016c7eb9a330 DEOPT PACKING pc=0x0000016c340fa208 sp=0x0000004c6c1f0ed0
Event: 16.121 Thread 0x0000016c7eb9a330 DEOPT UNPACKING pc=0x0000016c339846a2 sp=0x0000004c6c1f0e00 mode 2
Event: 16.121 Thread 0x0000016c7eb9a330 Uncommon trap: trap_request=0xffffffde fr.pc=0x0000016c34201e4c relative=0x000000000000026c
Event: 16.121 Thread 0x0000016c7eb9a330 Uncommon trap: reason=class_check action=maybe_recompile pc=0x0000016c34201e4c method=org.jetbrains.kotlin.types.TypeConstructorSubstitution$Companion$createByConstructorsMap$1.get(Lorg/jetbrains/kotlin/types/TypeConstructor;)Lorg/jetbrains/kotlin/types/T
Event: 16.121 Thread 0x0000016c7eb9a330 DEOPT PACKING pc=0x0000016c34201e4c sp=0x0000004c6c1f0ac0
Event: 16.121 Thread 0x0000016c7eb9a330 DEOPT UNPACKING pc=0x0000016c339846a2 sp=0x0000004c6c1f0a68 mode 2
Event: 16.154 Thread 0x0000016c7eb9a330 Uncommon trap: trap_request=0xffffffc6 fr.pc=0x0000016c3403d9fc relative=0x00000000000000bc
Event: 16.154 Thread 0x0000016c7eb9a330 Uncommon trap: reason=bimorphic_or_optimized_type_check action=maybe_recompile pc=0x0000016c3403d9fc method=org.jetbrains.kotlin.types.FlexibleType.isMarkedNullable()Z @ 4 c2
Event: 16.154 Thread 0x0000016c7eb9a330 DEOPT PACKING pc=0x0000016c3403d9fc sp=0x0000004c6c1efd60
Event: 16.154 Thread 0x0000016c7eb9a330 DEOPT UNPACKING pc=0x0000016c339846a2 sp=0x0000004c6c1efce8 mode 2
Event: 16.156 Thread 0x0000016c7eb9a330 Uncommon trap: trap_request=0xffffffc6 fr.pc=0x0000016c3403d9fc relative=0x00000000000000bc
Event: 16.156 Thread 0x0000016c7eb9a330 Uncommon trap: reason=bimorphic_or_optimized_type_check action=maybe_recompile pc=0x0000016c3403d9fc method=org.jetbrains.kotlin.types.FlexibleType.isMarkedNullable()Z @ 4 c2
Event: 16.156 Thread 0x0000016c7eb9a330 DEOPT PACKING pc=0x0000016c3403d9fc sp=0x0000004c6c1efd60
Event: 16.156 Thread 0x0000016c7eb9a330 DEOPT UNPACKING pc=0x0000016c339846a2 sp=0x0000004c6c1efce8 mode 2

Classes loaded (20 events):
Event: 14.058 Loading class java/text/StringCharacterIterator
Event: 14.058 Loading class java/text/CharacterIterator
Event: 14.059 Loading class java/text/CharacterIterator done
Event: 14.059 Loading class java/text/StringCharacterIterator done
Event: 14.077 Loading class java/io/NotSerializableException
Event: 14.077 Loading class java/io/NotSerializableException done
Event: 14.349 Loading class java/util/AbstractList$SubList
Event: 14.350 Loading class java/util/AbstractList$SubList done
Event: 14.350 Loading class java/util/AbstractList$SubList$1
Event: 14.350 Loading class java/util/AbstractList$SubList$1 done
Event: 14.437 Loading class java/util/EnumMap$EntrySet
Event: 14.438 Loading class java/util/EnumMap$EntrySet done
Event: 14.438 Loading class java/util/EnumMap$EntryIterator
Event: 14.438 Loading class java/util/EnumMap$EnumMapIterator
Event: 14.438 Loading class java/util/EnumMap$EnumMapIterator done
Event: 14.438 Loading class java/util/EnumMap$EntryIterator done
Event: 14.438 Loading class java/util/EnumMap$EntryIterator$Entry
Event: 14.438 Loading class java/util/EnumMap$EntryIterator$Entry done
Event: 15.117 Loading class java/util/AbstractList$RandomAccessSubList
Event: 15.117 Loading class java/util/AbstractList$RandomAccessSubList done

Classes unloaded (20 events):
Event: 13.199 Thread 0x0000016c434b1440 Unloading class 0x0000016c456c5800 '_BuildScript_'
Event: 13.199 Thread 0x0000016c434b1440 Unloading class 0x0000016c456be3e8 '_BuildScript_$_run_closure1$_closure2'
Event: 13.199 Thread 0x0000016c434b1440 Unloading class 0x0000016c456be000 '_BuildScript_$_run_closure1'
Event: 13.199 Thread 0x0000016c434b1440 Unloading class 0x0000016c456bd800 '_BuildScript_'
Event: 13.199 Thread 0x0000016c434b1440 Unloading class 0x0000016c456bc3e8 '_BuildScript_$_run_closure1$_closure2$_closure3$_closure4'
Event: 13.199 Thread 0x0000016c434b1440 Unloading class 0x0000016c456bc000 '_BuildScript_$_run_closure1$_closure2$_closure3'
Event: 13.199 Thread 0x0000016c434b1440 Unloading class 0x0000016c456bb918 '_BuildScript_$_run_closure1$_closure2'
Event: 13.199 Thread 0x0000016c434b1440 Unloading class 0x0000016c456bb530 '_BuildScript_$_run_closure1'
Event: 13.199 Thread 0x0000016c434b1440 Unloading class 0x0000016c456bb000 '_BuildScript_'
Event: 13.199 Thread 0x0000016c434b1440 Unloading class 0x0000016c456b93e8 '_BuildScript_$_run_closure1$_closure2$_closure4$_closure5'
Event: 13.199 Thread 0x0000016c434b1440 Unloading class 0x0000016c456b9000 '_BuildScript_$_run_closure1$_closure2$_closure4'
Event: 13.199 Thread 0x0000016c434b1440 Unloading class 0x0000016c456b5c00 '_BuildScript_$_run_closure1$_closure2$_closure3'
Event: 13.199 Thread 0x0000016c434b1440 Unloading class 0x0000016c456b8918 '_BuildScript_$_run_closure1$_closure2'
Event: 13.199 Thread 0x0000016c434b1440 Unloading class 0x0000016c456b8530 '_BuildScript_$_run_closure1'
Event: 13.199 Thread 0x0000016c434b1440 Unloading class 0x0000016c456b8000 '_BuildScript_'
Event: 13.199 Thread 0x0000016c434b1440 Unloading class 0x0000016c456b13e8 '_BuildScript_$_run_closure1$_closure2$_closure3$_closure4'
Event: 13.199 Thread 0x0000016c434b1440 Unloading class 0x0000016c456b1000 '_BuildScript_$_run_closure1$_closure2$_closure3'
Event: 13.199 Thread 0x0000016c434b1440 Unloading class 0x0000016c456b0918 '_BuildScript_$_run_closure1$_closure2'
Event: 13.199 Thread 0x0000016c434b1440 Unloading class 0x0000016c456b0530 '_BuildScript_$_run_closure1'
Event: 13.199 Thread 0x0000016c434b1440 Unloading class 0x0000016c456b0000 '_BuildScript_'

Classes redefined (0 events):
No events

Internal exceptions (20 events):
Event: 14.492 Thread 0x0000016c7eb9a330 Exception <a 'java/lang/NoSuchMethodError'{0x0000000707d66c08}: 'java.lang.Object java.lang.invoke.Invokers$Holder.linkToTargetMethod(java.lang.Object, java.lang.Object, java.lang.Object, java.lang.Object, int, java.lang.Object, java.lang.Object)'> (0x0000000707d66c08) 
thrown [s\open\src\hotspot\share\interpreter\linkResolver.cpp, line 773]
Event: 14.604 Thread 0x0000016c7eb9a330 Exception <a 'java/lang/NoSuchMethodError'{0x000000070a084128}: 'java.lang.Object java.lang.invoke.DirectMethodHandle$Holder.invokeStatic(java.lang.Object, java.lang.Object, java.lang.Object, java.lang.Object, int, java.lang.Object, java.lang.Object)'> (0x000000070a084128) 
thrown [s\open\src\hotspot\share\interpreter\linkResolver.cpp, line 773]
Event: 15.144 Thread 0x0000016c7eb9a330 Exception <a 'java/lang/NoSuchMethodError'{0x000000070c705b60}: 'java.lang.Object java.lang.invoke.DirectMethodHandle$Holder.invokeStatic(java.lang.Object, int, java.lang.Object, java.lang.Object, java.lang.Object, java.lang.Object, java.lang.Object, java.lang.Object)'> (0x000000070c705b60) 
thrown [s\open\src\hotspot\share\interpreter\linkResolver.cpp, line 773]
Event: 15.145 Thread 0x0000016c7eb9a330 Exception <a 'java/lang/NoSuchMethodError'{0x000000070c711378}: 'java.lang.Object java.lang.invoke.DirectMethodHandle$Holder.newInvokeSpecial(java.lang.Object, int, java.lang.Object, java.lang.Object, java.lang.Object, java.lang.Object, java.lang.Object)'> (0x000000070c711378) 
thrown [s\open\src\hotspot\share\interpreter\linkResolver.cpp, line 773]
Event: 15.145 Thread 0x0000016c7eb9a330 Exception <a 'java/lang/NoSuchMethodError'{0x000000070c717470}: 'java.lang.Object java.lang.invoke.DirectMethodHandle$Holder.invokeSpecial(java.lang.Object, java.lang.Object, int, java.lang.Object, java.lang.Object, java.lang.Object, java.lang.Object, java.lang.Object)'> (0x000000070c717470) 
thrown [s\open\src\hotspot\share\interpreter\linkResolver.cpp, line 773]
Event: 15.164 Thread 0x0000016c7eb9a330 Exception <a 'java/lang/NoSuchMethodError'{0x000000070c49c758}: 'java.lang.Object java.lang.invoke.DirectMethodHandle$Holder.invokeStatic(java.lang.Object, int, java.lang.Object)'> (0x000000070c49c758) 
thrown [s\open\src\hotspot\share\interpreter\linkResolver.cpp, line 773]
Event: 15.706 Thread 0x0000016c7eb9a330 Exception <a 'java/lang/NoSuchMethodError'{0x000000070ce09220}: 'java.lang.Object java.lang.invoke.DirectMethodHandle$Holder.newInvokeSpecial(java.lang.Object, java.lang.Object, java.lang.Object, java.lang.Object, java.lang.Object, java.lang.Object, java.lang.Object, int)'> (0x000000070ce09220) 
thrown [s\open\src\hotspot\share\interpreter\linkResolver.cpp, line 773]
Event: 15.706 Thread 0x0000016c7eb9a330 Exception <a 'java/lang/NoSuchMethodError'{0x000000070ce0f7b0}: 'java.lang.Object java.lang.invoke.DirectMethodHandle$Holder.invokeSpecial(java.lang.Object, java.lang.Object, java.lang.Object, java.lang.Object, java.lang.Object, java.lang.Object, java.lang.Object, java.lang.Object, int)'> (0x000000070ce0f7b0) 
thrown [s\open\src\hotspot\share\interpreter\linkResolver.cpp, line 773]
Event: 15.707 Thread 0x0000016c7eb9a330 Exception <a 'java/lang/NoSuchMethodError'{0x000000070ce154a0}: 'java.lang.Object java.lang.invoke.Invokers$Holder.linkToTargetMethod(java.lang.Object, java.lang.Object, java.lang.Object, java.lang.Object, java.lang.Object, java.lang.Object, int, java.lang.Object)'> (0x000000070ce154a0) 
thrown [s\open\src\hotspot\share\interpreter\linkResolver.cpp, line 773]
Event: 16.063 Thread 0x0000016c7eb9a330 Exception <a 'java/lang/NoSuchMethodError'{0x000000070ac529a0}: 'java.lang.Object java.lang.invoke.DirectMethodHandle$Holder.invokeStatic(java.lang.Object, java.lang.Object, int, int, java.lang.Object, java.lang.Object)'> (0x000000070ac529a0) 
thrown [s\open\src\hotspot\share\interpreter\linkResolver.cpp, line 773]
Event: 16.063 Thread 0x0000016c7eb9a330 Exception <a 'java/lang/NoSuchMethodError'{0x000000070ac5f0a0}: 'java.lang.Object java.lang.invoke.DirectMethodHandle$Holder.invokeSpecial(java.lang.Object, java.lang.Object, java.lang.Object, int, int, java.lang.Object)'> (0x000000070ac5f0a0) 
thrown [s\open\src\hotspot\share\interpreter\linkResolver.cpp, line 773]
Event: 16.064 Thread 0x0000016c7eb9a330 Exception <a 'java/lang/NoSuchMethodError'{0x000000070ac64540}: 'java.lang.Object java.lang.invoke.Invokers$Holder.linkToTargetMethod(java.lang.Object, int, int, java.lang.Object, java.lang.Object)'> (0x000000070ac64540) 
thrown [s\open\src\hotspot\share\interpreter\linkResolver.cpp, line 773]
Event: 16.096 Thread 0x0000016c7eb9a330 Exception <a 'java/lang/NoSuchMethodError'{0x000000070abacc48}: 'java.lang.Object java.lang.invoke.DirectMethodHandle$Holder.invokeStatic(java.lang.Object, java.lang.Object, java.lang.Object, int, int, java.lang.Object, java.lang.Object)'> (0x000000070abacc48) 
thrown [s\open\src\hotspot\share\interpreter\linkResolver.cpp, line 773]
Event: 16.096 Thread 0x0000016c7eb9a330 Exception <a 'java/lang/NoSuchMethodError'{0x000000070abb6bf8}: 'java.lang.Object java.lang.invoke.DirectMethodHandle$Holder.newInvokeSpecial(java.lang.Object, java.lang.Object, java.lang.Object, int, int, java.lang.Object)'> (0x000000070abb6bf8) 
thrown [s\open\src\hotspot\share\interpreter\linkResolver.cpp, line 773]
Event: 16.096 Thread 0x0000016c7eb9a330 Exception <a 'java/lang/NoSuchMethodError'{0x000000070abbff50}: 'java.lang.Object java.lang.invoke.Invokers$Holder.linkToTargetMethod(java.lang.Object, java.lang.Object, int, int, java.lang.Object, java.lang.Object)'> (0x000000070abbff50) 
thrown [s\open\src\hotspot\share\interpreter\linkResolver.cpp, line 773]
Event: 16.097 Thread 0x0000016c7eb9a330 Exception <a 'java/lang/NoSuchMethodError'{0x000000070abcda80}: 'java.lang.Object java.lang.invoke.DirectMethodHandle$Holder.invokeStatic(java.lang.Object, java.lang.Object, int, int, java.lang.Object)'> (0x000000070abcda80) 
thrown [s\open\src\hotspot\share\interpreter\linkResolver.cpp, line 773]
Event: 16.105 Thread 0x0000016c7eb9a330 Exception <a 'java/lang/NoSuchMethodError'{0x000000070a895ff0}: 'java.lang.Object java.lang.invoke.DirectMethodHandle$Holder.newInvokeSpecial(java.lang.Object, java.lang.Object, java.lang.Object, int, int, java.lang.Object, java.lang.Object)'> (0x000000070a895ff0) 
thrown [s\open\src\hotspot\share\interpreter\linkResolver.cpp, line 773]
Event: 16.105 Thread 0x0000016c7eb9a330 Exception <a 'java/lang/NoSuchMethodError'{0x000000070a89f688}: 'java.lang.Object java.lang.invoke.Invokers$Holder.linkToTargetMethod(java.lang.Object, java.lang.Object, int, int, java.lang.Object, java.lang.Object, java.lang.Object)'> (0x000000070a89f688) 
thrown [s\open\src\hotspot\share\interpreter\linkResolver.cpp, line 773]
Event: 16.248 Thread 0x0000016c7eb9a330 Exception <a 'java/lang/NoSuchMethodError'{0x0000000709764668}: 'java.lang.Object java.lang.invoke.DirectMethodHandle$Holder.invokeStaticInit(java.lang.Object, int, java.lang.Object, java.lang.Object, java.lang.Object)'> (0x0000000709764668) 
thrown [s\open\src\hotspot\share\interpreter\linkResolver.cpp, line 773]
Event: 16.489 Thread 0x0000016c7eb9a330 Exception <a 'java/lang/NoSuchMethodError'{0x00000007ff76fe60}: 'java.lang.Object java.lang.invoke.DirectMethodHandle$Holder.invokeSpecial(java.lang.Object, java.lang.Object, int, java.lang.Object, int)'> (0x00000007ff76fe60) 
thrown [s\open\src\hotspot\share\interpreter\linkResolver.cpp, line 773]

ZGC Phase Switch (0 events):
No events

VM Operations (20 events):
Event: 15.860 Executing VM operation: HandshakeAllThreads (Deoptimize)
Event: 15.860 Executing VM operation: HandshakeAllThreads (Deoptimize) done
Event: 15.865 Executing VM operation: HandshakeAllThreads (Deoptimize)
Event: 15.865 Executing VM operation: HandshakeAllThreads (Deoptimize) done
Event: 15.935 Executing VM operation: HandshakeAllThreads (Deoptimize)
Event: 15.935 Executing VM operation: HandshakeAllThreads (Deoptimize) done
Event: 15.956 Executing VM operation: ICBufferFull
Event: 15.956 Executing VM operation: ICBufferFull done
Event: 16.140 Executing VM operation: HandshakeAllThreads (Deoptimize)
Event: 16.140 Executing VM operation: HandshakeAllThreads (Deoptimize) done
Event: 16.250 Executing VM operation: HandshakeAllThreads (Deoptimize)
Event: 16.250 Executing VM operation: HandshakeAllThreads (Deoptimize) done
Event: 16.429 Executing VM operation: G1CollectForAllocation (G1 Evacuation Pause)
Event: 16.440 Executing VM operation: G1CollectForAllocation (G1 Evacuation Pause) done
Event: 16.460 Executing VM operation: HandshakeAllThreads (Deoptimize)
Event: 16.460 Executing VM operation: HandshakeAllThreads (Deoptimize) done
Event: 16.514 Executing VM operation: HandshakeAllThreads (Deoptimize)
Event: 16.514 Executing VM operation: HandshakeAllThreads (Deoptimize) done
Event: 16.515 Executing VM operation: HandshakeAllThreads (Deoptimize)
Event: 16.516 Executing VM operation: HandshakeAllThreads (Deoptimize) done

Events (20 events):
Event: 15.041 Thread 0x0000016c434b1440 flushing nmethod 0x0000016c34009790
Event: 15.041 Thread 0x0000016c434b1440 flushing nmethod 0x0000016c34001010
Event: 15.041 Thread 0x0000016c434b1440 flushing nmethod 0x0000016c34000690
Event: 15.041 Thread 0x0000016c434b1440 flushing nmethod 0x0000016c33ffb490
Event: 15.041 Thread 0x0000016c434b1440 flushing nmethod 0x0000016c33fed790
Event: 15.041 Thread 0x0000016c434b1440 flushing nmethod 0x0000016c33fde810
Event: 15.042 Thread 0x0000016c434b1440 flushing nmethod 0x0000016c33fcc910
Event: 15.042 Thread 0x0000016c434b1440 flushing nmethod 0x0000016c33faaf90
Event: 15.042 Thread 0x0000016c434b1440 flushing nmethod 0x0000016c33fa7410
Event: 15.042 Thread 0x0000016c434b1440 flushing nmethod 0x0000016c33f64a90
Event: 15.042 Thread 0x0000016c434b1440 flushing nmethod 0x0000016c33f74590
Event: 15.042 Thread 0x0000016c434b1440 flushing nmethod 0x0000016c33f72790
Event: 15.042 Thread 0x0000016c434b1440 flushing nmethod 0x0000016c33f72490
Event: 15.042 Thread 0x0000016c434b1440 flushing nmethod 0x0000016c33f31890
Event: 15.042 Thread 0x0000016c434b1440 flushing nmethod 0x0000016c33f6be10
Event: 15.042 Thread 0x0000016c434b1440 flushing nmethod 0x0000016c33f31310
Event: 15.042 Thread 0x0000016c434b1440 flushing nmethod 0x0000016c33f53110
Event: 15.042 Thread 0x0000016c434b1440 flushing nmethod 0x0000016c33f2db10
Event: 15.042 Thread 0x0000016c434b1440 flushing nmethod 0x0000016c33ef8e10
Event: 15.042 Thread 0x0000016c434b1440 flushing nmethod 0x0000016c33eec110


Dynamic libraries:
0x00007ff64cce0000 - 0x00007ff64ccf0000 	C:\Program Files\Java\jdk-21\bin\java.exe
0x00007ff875760000 - 0x00007ff8759c7000 	C:\WINDOWS\SYSTEM32\ntdll.dll
0x00007ff874190000 - 0x00007ff874259000 	C:\WINDOWS\System32\KERNEL32.DLL
0x00007ff8725d0000 - 0x00007ff8729c5000 	C:\WINDOWS\System32\KERNELBASE.dll
0x00007ff873270000 - 0x00007ff8733bb000 	C:\WINDOWS\System32\ucrtbase.dll
0x00007ff85df40000 - 0x00007ff85df59000 	C:\Program Files\Java\jdk-21\bin\jli.dll
0x00007ff85d230000 - 0x00007ff85d24b000 	C:\Program Files\Java\jdk-21\bin\VCRUNTIME140.dll
0x00007ff873ea0000 - 0x00007ff873f56000 	C:\WINDOWS\System32\ADVAPI32.dll
0x00007ff874710000 - 0x00007ff8747b9000 	C:\WINDOWS\System32\msvcrt.dll
0x00007ff874580000 - 0x00007ff874627000 	C:\WINDOWS\System32\sechost.dll
0x00007ff874df0000 - 0x00007ff874f08000 	C:\WINDOWS\System32\RPCRT4.dll
0x00007ff873f60000 - 0x00007ff874126000 	C:\WINDOWS\System32\USER32.dll
0x00007ff860910000 - 0x00007ff860ba2000 	C:\WINDOWS\WinSxS\amd64_microsoft.windows.common-controls_6595b64144ccf1df_6.0.26100.8155_none_3e0b5daae331b4f8\COMCTL32.dll
0x00007ff873240000 - 0x00007ff873267000 	C:\WINDOWS\System32\win32u.dll
0x00007ff8756f0000 - 0x00007ff87571b000 	C:\WINDOWS\System32\GDI32.dll
0x00007ff8733c0000 - 0x00007ff8734ea000 	C:\WINDOWS\System32\gdi32full.dll
0x00007ff872520000 - 0x00007ff8725c3000 	C:\WINDOWS\System32\msvcp_win.dll
0x00007ff865dc0000 - 0x00007ff865dcb000 	C:\WINDOWS\SYSTEM32\VERSION.dll
0x00007ff8736e0000 - 0x00007ff873712000 	C:\WINDOWS\System32\IMM32.DLL
0x00007ff861890000 - 0x00007ff86189c000 	C:\Program Files\Java\jdk-21\bin\vcruntime140_1.dll
0x00007ff856810000 - 0x00007ff85689e000 	C:\Program Files\Java\jdk-21\bin\msvcp140.dll
0x00007fffd0f40000 - 0x00007fffd1c57000 	C:\Program Files\Java\jdk-21\bin\server\jvm.dll
0x00007ff874360000 - 0x00007ff8743e0000 	C:\WINDOWS\System32\WS2_32.dll
0x00007ff8720b0000 - 0x00007ff87210e000 	C:\WINDOWS\SYSTEM32\POWRPROF.dll
0x00007ff861810000 - 0x00007ff861846000 	C:\WINDOWS\SYSTEM32\WINMM.dll
0x00007ff872090000 - 0x00007ff8720a4000 	C:\WINDOWS\SYSTEM32\UMPDC.dll
0x00007ff870f20000 - 0x00007ff870f3b000 	C:\WINDOWS\SYSTEM32\kernel.appcore.dll
0x00007ff85ff90000 - 0x00007ff85ff9a000 	C:\Program Files\Java\jdk-21\bin\jimage.dll
0x00007ff860440000 - 0x00007ff860682000 	C:\WINDOWS\SYSTEM32\DBGHELP.DLL
0x00007ff874a60000 - 0x00007ff874de2000 	C:\WINDOWS\System32\combase.dll
0x00007ff874630000 - 0x00007ff874707000 	C:\WINDOWS\System32\OLEAUT32.dll
0x00007ff857a00000 - 0x00007ff857a3b000 	C:\WINDOWS\SYSTEM32\dbgcore.DLL
0x00007ff871fe0000 - 0x00007ff872085000 	C:\WINDOWS\SYSTEM32\bcryptprimitives.dll
0x00007ff85f840000 - 0x00007ff85f84f000 	C:\Program Files\Java\jdk-21\bin\instrument.dll
0x00007ff85b600000 - 0x00007ff85b61f000 	C:\Program Files\Java\jdk-21\bin\java.dll
0x00007ff873730000 - 0x00007ff873e99000 	C:\WINDOWS\System32\SHELL32.dll
0x00007ff8729d0000 - 0x00007ff873239000 	C:\WINDOWS\System32\windows.storage.dll
0x00007ff8743f0000 - 0x00007ff8744e9000 	C:\WINDOWS\System32\SHCORE.dll
0x00007ff874260000 - 0x00007ff8742c6000 	C:\WINDOWS\System32\shlwapi.dll
0x00007ff872170000 - 0x00007ff872199000 	C:\WINDOWS\SYSTEM32\profapi.dll
0x00007ff854f70000 - 0x00007ff855047000 	C:\Program Files\Java\jdk-21\bin\jsvml.dll
0x00007ff857d50000 - 0x00007ff857d68000 	C:\Program Files\Java\jdk-21\bin\zip.dll
0x00007ff85df00000 - 0x00007ff85df10000 	C:\Program Files\Java\jdk-21\bin\net.dll
0x00007ff86bda0000 - 0x00007ff86becd000 	C:\WINDOWS\SYSTEM32\WINHTTP.dll
0x00007ff871490000 - 0x00007ff8714fc000 	C:\WINDOWS\system32\mswsock.dll
0x00007ff857be0000 - 0x00007ff857bf6000 	C:\Program Files\Java\jdk-21\bin\nio.dll
0x00007ff85d220000 - 0x00007ff85d230000 	C:\Program Files\Java\jdk-21\bin\verify.dll
0x00007ff861f70000 - 0x00007ff861f97000 	C:\Users\HARUN BERNA MUTLU\.gradle\native\1def1411415f61bf3af743bc5b6707747c0891f09f0c88961ee8f79bc544acac\windows-amd64\native-platform.dll
0x00007ff856790000 - 0x00007ff856808000 	C:\Users\HARUN BERNA MUTLU\.gradle\native\0.2.7\x86_64-windows-gnu\gradle-fileevents.dll
0x00007ff85b5f0000 - 0x00007ff85b5fa000 	C:\Program Files\Java\jdk-21\bin\management.dll
0x00007ff85b2d0000 - 0x00007ff85b2db000 	C:\Program Files\Java\jdk-21\bin\management_ext.dll
0x00007ff875420000 - 0x00007ff875428000 	C:\WINDOWS\System32\PSAPI.DLL
0x00007ff870840000 - 0x00007ff870872000 	C:\WINDOWS\SYSTEM32\IPHLPAPI.DLL
0x00007ff8736d0000 - 0x00007ff8736da000 	C:\WINDOWS\System32\NSI.dll
0x00007ff85b1e0000 - 0x00007ff85b1e9000 	C:\Program Files\Java\jdk-21\bin\extnet.dll
0x00007ff871770000 - 0x00007ff87178b000 	C:\WINDOWS\SYSTEM32\CRYPTSP.dll
0x00007ff870e80000 - 0x00007ff870eb9000 	C:\WINDOWS\system32\rsaenh.dll
0x00007ff871540000 - 0x00007ff871573000 	C:\WINDOWS\SYSTEM32\USERENV.dll
0x00007ff872140000 - 0x00007ff87216a000 	C:\WINDOWS\SYSTEM32\bcrypt.dll
0x00007ff871790000 - 0x00007ff87179c000 	C:\WINDOWS\SYSTEM32\CRYPTBASE.dll
0x00007ff857270000 - 0x00007ff85727e000 	C:\Program Files\Java\jdk-21\bin\sunmscapi.dll
0x00007ff8723a0000 - 0x00007ff872517000 	C:\WINDOWS\System32\CRYPT32.dll
0x00007ff871990000 - 0x00007ff8719c0000 	C:\WINDOWS\SYSTEM32\ncrypt.dll
0x00007ff871940000 - 0x00007ff87197f000 	C:\WINDOWS\SYSTEM32\NTASN1.dll
0x00007ff862820000 - 0x00007ff862828000 	C:\WINDOWS\system32\wshunix.dll

dbghelp: loaded successfully - version: 4.0.5 - missing functions: none
symbol engine: initialized successfully - sym options: 0x614 - pdb path: .;C:\Program Files\Java\jdk-21\bin;C:\WINDOWS\SYSTEM32;C:\WINDOWS\WinSxS\amd64_microsoft.windows.common-controls_6595b64144ccf1df_6.0.26100.8155_none_3e0b5daae331b4f8;C:\Program Files\Java\jdk-21\bin\server;C:\Users\HARUN BERNA MUTLU\.gradle\native\1def1411415f61bf3af743bc5b6707747c0891f09f0c88961ee8f79bc544acac\windows-amd64;C:\Users\HARUN BERNA MUTLU\.gradle\native\0.2.7\x86_64-windows-gnu

VM Arguments:
jvm_args: --add-opens=java.base/java.lang=ALL-UNNAMED --add-opens=java.base/java.lang.invoke=ALL-UNNAMED --add-opens=java.base/java.util=ALL-UNNAMED --add-opens=java.prefs/java.util.prefs=ALL-UNNAMED --add-exports=jdk.compiler/com.sun.tools.javac.api=ALL-UNNAMED --add-exports=jdk.compiler/com.sun.tools.javac.util=ALL-UNNAMED --add-opens=java.base/java.util=ALL-UNNAMED --add-opens=java.prefs/java.util.prefs=ALL-UNNAMED --add-opens=java.base/java.nio.charset=ALL-UNNAMED --add-opens=java.base/java.net=ALL-UNNAMED --add-opens=java.base/java.util.concurrent.atomic=ALL-UNNAMED --add-opens=java.xml/javax.xml.namespace=ALL-UNNAMED -XX:MaxMetaspaceSize=1024m -XX:+HeapDumpOnOutOfMemoryError -Xmx4096m -Dfile.encoding=UTF-8 -Duser.country=TR -Duser.language=tr -Duser.variant -javaagent:C:\Users\HARUN BERNA MUTLU\.gradle\wrapper\dists\gradle-8.13-bin\5xuhj0ry160q40clulazy9h7d\gradle-8.13\lib\agents\gradle-instrumentation-agent-8.13.jar 
java_command: org.gradle.launcher.daemon.bootstrap.GradleDaemon 8.13
java_class_path (initial): C:\Users\HARUN BERNA MUTLU\.gradle\wrapper\dists\gradle-8.13-bin\5xuhj0ry160q40clulazy9h7d\gradle-8.13\lib\gradle-daemon-main-8.13.jar
Launcher Type: SUN_STANDARD

[Global flags]
     intx CICompilerCount                          = 3                                         {product} {ergonomic}
   size_t CompressedClassSpaceSize                 = 872415232                                 {product} {ergonomic}
     uint ConcGCThreads                            = 2                                         {product} {ergonomic}
     uint G1ConcRefinementThreads                  = 6                                         {product} {ergonomic}
   size_t G1HeapRegionSize                         = 2097152                                   {product} {ergonomic}
    uintx GCDrainStackTargetSize                   = 64                                        {product} {ergonomic}
     bool HeapDumpOnOutOfMemoryError               = true                                   {manageable} {command line}
   size_t InitialHeapSize                          = 132120576                                 {product} {ergonomic}
   size_t MarkStackSize                            = 4194304                                   {product} {ergonomic}
   size_t MaxHeapSize                              = 4294967296                                {product} {command line}
   size_t MaxMetaspaceSize                         = 1073741824                                {product} {command line}
   size_t MaxNewSize                               = 2575302656                                {product} {ergonomic}
   size_t MinHeapDeltaBytes                        = 2097152                                   {product} {ergonomic}
   size_t MinHeapSize                              = 8388608                                   {product} {ergonomic}
    uintx NonNMethodCodeHeapSize                   = 5832780                                {pd product} {ergonomic}
    uintx NonProfiledCodeHeapSize                  = 122912730                              {pd product} {ergonomic}
    uintx ProfiledCodeHeapSize                     = 122912730                              {pd product} {ergonomic}
    uintx ReservedCodeCacheSize                    = 251658240                              {pd product} {ergonomic}
     bool SegmentedCodeCache                       = true                                      {product} {ergonomic}
   size_t SoftMaxHeapSize                          = 4294967296                             {manageable} {ergonomic}
     bool UseCompressedOops                        = true                           {product lp64_product} {ergonomic}
     bool UseG1GC                                  = true                                      {product} {ergonomic}
     bool UseLargePagesIndividualAllocation        = false                                  {pd product} {ergonomic}

Logging:
Log output configuration:
 #0: stdout all=warning uptime,level,tags foldmultilines=false
 #1: stderr all=off uptime,level,tags foldmultilines=false

Environment Variables:
PATH=c:\Users\HARUN BERNA MUTLU\AppData\Local\Programs\cursor\resources\app\bin;C:\Program Files\Google\Chrome\Application;C:\Program Files\Common Files\Oracle\Java\javapath;C:\Program Files (x86)\Common Files\Oracle\Java\java8path;C:\Program Files (x86)\Common Files\Oracle\Java\javapath;C:\WINDOWS\system32;C:\WINDOWS;C:\WINDOWS\System32\Wbem;C:\WINDOWS\System32\WindowsPowerShell\v1.0\;C:\WINDOWS\System32\OpenSSH\;C:\Users\HARUN BERNA MUTLU\AppData\Local\Programs\Python\Python313\Scripts\;C:\Users\HARUN BERNA MUTLU\AppData\Local\Programs\Python\Python313\;C:\Users\HARUN BERNA MUTLU\AppData\Local\Programs\Python\Launcher\;C:\Users\HARUN BERNA MUTLU\AppData\Local\Microsoft\WindowsApps;C:\Users\HARUN BERNA MUTLU\Desktop\dart_sdk\dart-sdk\bin;C:\WINDOWS\system32;C:\WINDOWS;C:\WINDOWS\System32\Wbem;C:\WINDOWS\System32\WindowsPowerShell\v1.0\;C:\WINDOWS\System32\OpenSSH\;C:\Program Files\nodejs\;D:\flutter\bin;C:\Program Files\Git\cmd;C:\Users\HARUN BERNA MUTLU\AppData\Local\Programs\Python\Python314\Scripts\;C:\Users\HARUN BERNA MUTLU\AppData\Local\Programs\Python\Python314\;C:\Users\HARUN BERNA MUTLU\AppData\Local\Programs\Python\Python312\Scripts\;C:\Users\HARUN BERNA MUTLU\AppData\Local\Programs\Python\Python312\;C:\Users\HARUN BERNA MUTLU\AppData\Local\Microsoft\WindowsApps;C:\Users\HARUN BERNA MUTLU\Desktop\dart_sdk\dart-sdk\bin;C:\Users\HARUN BERNA MUTLU\AppData\Roaming\npm;C:\Users\HARUN BERNA MUTLU\AppData\Local\Programs\Antigravity\bin;C:\Users\HARUN BERNA MUTLU\AppData\Local\GitHubDesktop\bin;
USERNAME=HARUN MUTLU
OS=Windows_NT
PROCESSOR_IDENTIFIER=Intel64 Family 6 Model 158 Stepping 12, GenuineIntel
TMP=C:\Users\HARUNB~1\AppData\Local\Temp
TEMP=C:\Users\HARUNB~1\AppData\Local\Temp




Periodic native trim disabled

---------------  S Y S T E M  ---------------

OS:
 Windows 11 , 64 bit Build 26100 (10.0.26100.8155)
OS uptime: 16 days 4:18 hours

CPU: total 6 (initial active 6) (6 cores per cpu, 1 threads per core) family 6 model 158 stepping 12 microcode 0xde, cx8, cmov, fxsr, mmx, 3dnowpref, sse, sse2, sse3, ssse3, sse4.1, sse4.2, popcnt, lzcnt, tsc, tscinvbit, avx, avx2, aes, erms, clmul, bmi1, bmi2, adx, fma, vzeroupper, clflush, clflushopt, rdtscp, f16c
Processor Information for all 6 processors :
  Max Mhz: 2904, Current Mhz: 2904, Mhz Limit: 2904

Memory: 4k page, system-wide physical 8049M (580M free)
TotalPageFile size 15476M (AvailPageFile size 7M)
current process WorkingSet (physical memory assigned to process): 555M, peak: 555M
current process commit charge ("private bytes"): 623M, peak: 624M

vm_info: Java HotSpot(TM) 64-Bit Server VM (21.0.2+13-LTS-58) for windows-amd64 JRE (21.0.2+13-LTS-58), built on 2024-01-05T18:32:24Z by "mach5one" with MS VC++ 17.1 (VS2022)

END.
