#
# There is insufficient memory for the Java Runtime Environment to continue.
# Native memory allocation (malloc) failed to allocate 621648 bytes. Error detail: Chunk::new
# Possible reasons:
#   The system is out of physical RAM or swap space
#   This process is running with CompressedOops enabled, and the Java Heap may be blocking the growth of the native heap
# Possible solutions:
#   Reduce memory load on the system
#   Increase physical memory or swap space
#   Check if swap backing store is full
#   Decrease Java heap size (-Xmx/-Xms)
#   Decrease number of Java threads
#   Decrease Java thread stack sizes (-Xss)
#   Set larger code cache with -XX:ReservedCodeCacheSize=
#   JVM is running with Unscaled Compressed Oops mode in which the Java heap is
#     placed in the first 4GB address space. The Java Heap base address is the
#     maximum limit for the native heap growth. Please use -XX:HeapBaseMinAddress
#     to set the Java Heap base and to place the Java Heap above 4GB virtual address.
# This output file may be truncated or incomplete.
#
#  Out of Memory Error (arena.cpp:168), pid=4564, tid=12764
#
# JRE version: OpenJDK Runtime Environment Temurin-21.0.10+7 (21.0.10+7) (build 21.0.10+7-LTS)
# Java VM: OpenJDK 64-Bit Server VM Temurin-21.0.10+7 (21.0.10+7-LTS, mixed mode, sharing, tiered, compressed oops, compressed class ptrs, parallel gc, windows-amd64)
# No core dump will be written. Minidumps are not enabled by default on client versions of Windows
#

---------------  S U M M A R Y ------------

Command Line: --add-modules=ALL-SYSTEM --add-opens=java.base/java.util=ALL-UNNAMED --add-opens=java.base/java.lang=ALL-UNNAMED --add-opens=java.base/sun.nio.fs=ALL-UNNAMED -Declipse.application=org.eclipse.jdt.ls.core.id1 -Dosgi.bundles.defaultStartLevel=4 -Declipse.product=org.eclipse.jdt.ls.core.product -Djava.import.generatesMetadataFilesAtProjectRoot=false -DDetectVMInstallationsJob.disabled=true -Dfile.encoding=utf8 -XX:+UseParallelGC -XX:GCTimeRatio=4 -XX:AdaptiveSizePolicyWeight=90 -Dsun.zip.disableMemoryMapping=true -Xmx2G -Xms100m -Xlog:disable -javaagent:c:\Users\HARUN BERNA MUTLU\.antigravity\extensions\redhat.java-1.54.0-win32-x64\lombok\lombok-1.18.39-4050.jar -XX:+HeapDumpOnOutOfMemoryError -XX:HeapDumpPath=c:\Users\HARUN BERNA MUTLU\AppData\Roaming\Antigravity\User\workspaceStorage\8ffbbaeb4f904444efb11037a2f4bb49\redhat.java -Daether.dependencyCollector.impl=bf c:\Users\HARUN BERNA MUTLU\.antigravity\extensions\redhat.java-1.54.0-win32-x64\server\plugins\org.eclipse.equinox.launcher_1.7.100.v20251111-0406.jar -configuration c:\Users\HARUN BERNA MUTLU\AppData\Roaming\Antigravity\User\globalStorage\redhat.java\1.54.0\config_win -data c:\Users\HARUN BERNA MUTLU\AppData\Roaming\Antigravity\User\workspaceStorage\8ffbbaeb4f904444efb11037a2f4bb49\redhat.java\jdt_ws --pipe=\\.\pipe\lsp-6e98ede7c8f718f5e41fe80fb32e085a-sock

Host: Intel(R) Core(TM) i5-9400 CPU @ 2.90GHz, 6 cores, 7G,  Windows 11 , 64 bit Build 26100 (10.0.26100.8155)
Time: Wed Apr 22 00:11:10 2026 Türkiye Standart Saati elapsed time: 50.643636 seconds (0d 0h 0m 50s)

---------------  T H R E A D  ---------------

Current thread (0x0000020ffe4dd760):  JavaThread "C2 CompilerThread1" daemon [_thread_in_native, id=12764, stack(0x000000fe4dd00000,0x000000fe4de00000) (1024K)]


Current CompileTask:
C2:50643 6583 %     4       java.util.zip.ZipFile$Source::initCEN @ 261 (612 bytes)

Stack: [0x000000fe4dd00000,0x000000fe4de00000]
Native frames: (J=compiled Java code, j=interpreted, Vv=VM code, C=native code)
V  [jvm.dll+0x6d7a39]
V  [jvm.dll+0x8b4b26]
V  [jvm.dll+0x8b70de]
V  [jvm.dll+0x8b77c3]
V  [jvm.dll+0x284346]
V  [jvm.dll+0xc66ed]
V  [jvm.dll+0xc6c31]
V  [jvm.dll+0x3bec3b]
V  [jvm.dll+0x1e3f69]
V  [jvm.dll+0x24c6b3]
V  [jvm.dll+0x24bb40]
V  [jvm.dll+0x1cb34e]
V  [jvm.dll+0x25b85d]
V  [jvm.dll+0x259dea]
V  [jvm.dll+0x3f857e]
V  [jvm.dll+0x85f59d]
V  [jvm.dll+0x6d626d]
C  [ucrtbase.dll+0x37b0]
C  [KERNEL32.DLL+0x2e957]
C  [ntdll.dll+0x421c]


---------------  P R O C E S S  ---------------

Threads class SMR info:
_java_thread_list=0x0000020f800b3110, length=41, elements={
0x0000020f9ee684b0, 0x0000020fa123c5c0, 0x0000020fa123d1d0, 0x0000020fa10be690,
0x0000020fa10c0590, 0x0000020fa10c7090, 0x0000020fa10c6a00, 0x0000020fa10c9ca0,
0x0000020fa10e0f40, 0x0000020fa10c7720, 0x0000020fa10c8ad0, 0x0000020fa10c7db0,
0x0000020fa10c9160, 0x0000020fa10c8440, 0x0000020fa10c5ce0, 0x0000020fa10c6370,
0x0000020ffe3d8a00, 0x0000020ffe4dd760, 0x0000020ffe3d7650, 0x0000020ffe3d5c10,
0x0000020ffe3d7ce0, 0x0000020ffe3d6fc0, 0x0000020ffe3d8370, 0x0000020ffe3d62a0,
0x0000020ffe3d9db0, 0x0000020ffe3d6930, 0x0000020ffe3da440, 0x0000020ffe3dc510,
0x0000020ffe3db7f0, 0x0000020ffe3db160, 0x0000020ffe3daad0, 0x0000020ffe3dbe80,
0x0000020ffe3dcba0, 0x0000020ffe3dd230, 0x0000020f8086ae50, 0x0000020f80869aa0,
0x0000020f8086c200, 0x0000020f8086b4e0, 0x0000020f8086bb70, 0x0000020f80868d80,
0x0000020f8086a130
}

Java Threads: ( => current thread )
  0x0000020f9ee684b0 JavaThread "main"                              [_thread_blocked, id=9176, stack(0x000000fe4c400000,0x000000fe4c500000) (1024K)]
  0x0000020fa123c5c0 JavaThread "Reference Handler"          daemon [_thread_blocked, id=18528, stack(0x000000fe4c800000,0x000000fe4c900000) (1024K)]
  0x0000020fa123d1d0 JavaThread "Finalizer"                  daemon [_thread_blocked, id=11100, stack(0x000000fe4c900000,0x000000fe4ca00000) (1024K)]
  0x0000020fa10be690 JavaThread "Signal Dispatcher"          daemon [_thread_blocked, id=4976, stack(0x000000fe4ca00000,0x000000fe4cb00000) (1024K)]
  0x0000020fa10c0590 JavaThread "Attach Listener"            daemon [_thread_blocked, id=18896, stack(0x000000fe4cb00000,0x000000fe4cc00000) (1024K)]
  0x0000020fa10c7090 JavaThread "Service Thread"             daemon [_thread_blocked, id=11824, stack(0x000000fe4cc00000,0x000000fe4cd00000) (1024K)]
  0x0000020fa10c6a00 JavaThread "Monitor Deflation Thread"   daemon [_thread_blocked, id=16268, stack(0x000000fe4cd00000,0x000000fe4ce00000) (1024K)]
  0x0000020fa10c9ca0 JavaThread "C2 CompilerThread0"         daemon [_thread_blocked, id=15532, stack(0x000000fe4ce00000,0x000000fe4cf00000) (1024K)]
  0x0000020fa10e0f40 JavaThread "C1 CompilerThread0"         daemon [_thread_blocked, id=2204, stack(0x000000fe4cf00000,0x000000fe4d000000) (1024K)]
  0x0000020fa10c7720 JavaThread "Common-Cleaner"             daemon [_thread_blocked, id=13640, stack(0x000000fe4d000000,0x000000fe4d100000) (1024K)]
  0x0000020fa10c8ad0 JavaThread "Notification Thread"        daemon [_thread_blocked, id=16624, stack(0x000000fe4d100000,0x000000fe4d200000) (1024K)]
  0x0000020fa10c7db0 JavaThread "Active Thread: Equinox Container: 0dc5810a-9cb7-4072-a2ea-2d887c10037d"        [_thread_blocked, id=17188, stack(0x000000fe4d200000,0x000000fe4d300000) (1024K)]
  0x0000020fa10c9160 JavaThread "Refresh Thread: Equinox Container: 0dc5810a-9cb7-4072-a2ea-2d887c10037d" daemon [_thread_blocked, id=1864, stack(0x000000fe4d800000,0x000000fe4d900000) (1024K)]
  0x0000020fa10c8440 JavaThread "Framework Event Dispatcher: Equinox Container: 0dc5810a-9cb7-4072-a2ea-2d887c10037d" daemon [_thread_blocked, id=12028, stack(0x000000fe4d900000,0x000000fe4da00000) (1024K)]
  0x0000020fa10c5ce0 JavaThread "Start Level: Equinox Container: 0dc5810a-9cb7-4072-a2ea-2d887c10037d" daemon [_thread_blocked, id=1536, stack(0x000000fe4da00000,0x000000fe4db00000) (1024K)]
  0x0000020fa10c6370 JavaThread "Bundle File Closer"         daemon [_thread_blocked, id=7408, stack(0x000000fe4dc00000,0x000000fe4dd00000) (1024K)]
  0x0000020ffe3d8a00 JavaThread "SCR Component Actor"        daemon [_thread_blocked, id=8608, stack(0x000000fe4db00000,0x000000fe4dc00000) (1024K)]
=>0x0000020ffe4dd760 JavaThread "C2 CompilerThread1"         daemon [_thread_in_native, id=12764, stack(0x000000fe4dd00000,0x000000fe4de00000) (1024K)]
  0x0000020ffe3d7650 JavaThread "Worker-JM"                         [_thread_blocked, id=1968, stack(0x000000fe4de00000,0x000000fe4df00000) (1024K)]
  0x0000020ffe3d5c10 JavaThread "JNA Cleaner"                daemon [_thread_blocked, id=10504, stack(0x000000fe4df00000,0x000000fe4e000000) (1024K)]
  0x0000020ffe3d7ce0 JavaThread "Worker-0: Initialize After Load"        [_thread_in_vm, id=10752, stack(0x000000fe4e000000,0x000000fe4e100000) (1024K)]
  0x0000020ffe3d6fc0 JavaThread "Worker-1"                          [_thread_blocked, id=13824, stack(0x000000fe4e100000,0x000000fe4e200000) (1024K)]
  0x0000020ffe3d8370 JavaThread "Worker-2"                          [_thread_blocked, id=15844, stack(0x000000fe4e200000,0x000000fe4e300000) (1024K)]
  0x0000020ffe3d62a0 JavaThread "Worker-3"                          [_thread_blocked, id=12284, stack(0x000000fe4e500000,0x000000fe4e600000) (1024K)]
  0x0000020ffe3d9db0 JavaThread "Java indexing"              daemon [_thread_blocked, id=12988, stack(0x000000fe4e600000,0x000000fe4e700000) (1024K)]
  0x0000020ffe3d6930 JavaThread "Worker-4: Synchronize Gradle projects with workspace"        [_thread_blocked, id=17488, stack(0x000000fe4e700000,0x000000fe4e800000) (1024K)]
  0x0000020ffe3da440 JavaThread "Worker-5"                          [_thread_blocked, id=17992, stack(0x000000fe4e800000,0x000000fe4e900000) (1024K)]
  0x0000020ffe3dc510 JavaThread "Timer-0"                           [_thread_blocked, id=840, stack(0x000000fe4e900000,0x000000fe4ea00000) (1024K)]
  0x0000020ffe3db7f0 JavaThread "Timer-1"                           [_thread_blocked, id=4964, stack(0x000000fe4ea00000,0x000000fe4eb00000) (1024K)]
  0x0000020ffe3db160 JavaThread "Thread-3"                   daemon [_thread_in_native, id=7720, stack(0x000000fe4eb00000,0x000000fe4ec00000) (1024K)]
  0x0000020ffe3daad0 JavaThread "Thread-4"                   daemon [_thread_in_native, id=8916, stack(0x000000fe4ec00000,0x000000fe4ed00000) (1024K)]
  0x0000020ffe3dbe80 JavaThread "Thread-5"                   daemon [_thread_in_native, id=5696, stack(0x000000fe4ed00000,0x000000fe4ee00000) (1024K)]
  0x0000020ffe3dcba0 JavaThread "Thread-6"                   daemon [_thread_in_native, id=3172, stack(0x000000fe4ee00000,0x000000fe4ef00000) (1024K)]
  0x0000020ffe3dd230 JavaThread "Thread-7"                   daemon [_thread_in_native, id=7164, stack(0x000000fe4ef00000,0x000000fe4f000000) (1024K)]
  0x0000020f8086ae50 JavaThread "Thread-8"                   daemon [_thread_in_native, id=11648, stack(0x000000fe4f000000,0x000000fe4f100000) (1024K)]
  0x0000020f80869aa0 JavaThread "Thread-9"                   daemon [_thread_in_native, id=10620, stack(0x000000fe4f100000,0x000000fe4f200000) (1024K)]
  0x0000020f8086c200 JavaThread "pool-2-thread-1"                   [_thread_blocked, id=14332, stack(0x000000fe4f200000,0x000000fe4f300000) (1024K)]
  0x0000020f8086b4e0 JavaThread "Connection worker"                 [_thread_blocked, id=1444, stack(0x000000fe4f300000,0x000000fe4f400000) (1024K)]
  0x0000020f8086bb70 JavaThread "WorkspaceEventsHandler"            [_thread_blocked, id=2024, stack(0x000000fe4f400000,0x000000fe4f500000) (1024K)]
  0x0000020f80868d80 JavaThread "pool-1-thread-1"                   [_thread_blocked, id=19184, stack(0x000000fe4f500000,0x000000fe4f600000) (1024K)]
  0x0000020f8086a130 JavaThread "Worker-6"                          [_thread_blocked, id=9880, stack(0x000000fe4f600000,0x000000fe4f700000) (1024K)]
Total: 41

Other Threads:
  0x0000020fa10b0a20 VMThread "VM Thread"                           [id=12796, stack(0x000000fe4c700000,0x000000fe4c800000) (1024K)] _threads_hazard_ptr=0x0000020f800b3110
  0x0000020fa100ca00 WatcherThread "VM Periodic Task Thread"        [id=11664, stack(0x000000fe4c600000,0x000000fe4c700000) (1024K)]
  0x0000020fa119d960 WorkerThread "GC Thread#0"                     [id=7796, stack(0x000000fe4c500000,0x000000fe4c600000) (1024K)]
  0x0000020ffeb7c890 WorkerThread "GC Thread#1"                     [id=11000, stack(0x000000fe4d300000,0x000000fe4d400000) (1024K)]
  0x0000020ffe8b4970 WorkerThread "GC Thread#2"                     [id=16560, stack(0x000000fe4d400000,0x000000fe4d500000) (1024K)]
  0x0000020ffebf95a0 WorkerThread "GC Thread#3"                     [id=4232, stack(0x000000fe4d500000,0x000000fe4d600000) (1024K)]
  0x0000020ffebf9950 WorkerThread "GC Thread#4"                     [id=1592, stack(0x000000fe4d600000,0x000000fe4d700000) (1024K)]
  0x0000020ffea94520 WorkerThread "GC Thread#5"                     [id=19168, stack(0x000000fe4d700000,0x000000fe4d800000) (1024K)]
Total: 8

Threads with active compile tasks:
C2 CompilerThread0  50675 6597       4       org.gradle.api.internal.classpath.DefaultModuleRegistry$DefaultModule::collectRequiredModules (99 bytes)
C2 CompilerThread1  50675 6583 %     4       java.util.zip.ZipFile$Source::initCEN @ 261 (612 bytes)
Total: 2

VM state: synchronizing (normal execution)

VM Mutex/Monitor currently owned by a thread:  ([mutex/lock_event])
[0x00007fffda9ec4e0] Metaspace_lock - owner thread: 0x0000020ffe3d7ce0
[0x00007fffda9ee560] Threads_lock - owner thread: 0x0000020fa10b0a20
[0x00007fffda9ee660] Heap_lock - owner thread: 0x0000020f8086b4e0

Heap address: 0x0000000080000000, size: 2048 MB, Compressed Oops mode: 32-bit

CDS archive(s) mapped at: [0x0000020fb8000000-0x0000020fb8ba0000-0x0000020fb8ba0000), size 12189696, SharedBaseAddress: 0x0000020fb8000000, ArchiveRelocationMode: 1.
Compressed class space mapped at: 0x0000020fb9000000-0x0000020ff9000000, reserved size: 1073741824
Narrow klass base: 0x0000020fb8000000, Narrow klass shift: 0, Narrow klass range: 0x100000000

GC Precious Log:
 CardTable entry size: 512
 CPUs: 6 total, 6 available
 Memory: 8049M
 Large Page Support: Disabled
 NUMA Support: Disabled
 Compressed Oops: Enabled (32-bit)
 Alignments: Space 512K, Generation 512K, Heap 2M
 Heap Min Capacity: 100M
 Heap Initial Capacity: 100M
 Heap Max Capacity: 2G
 Pre-touch: Disabled
 Parallel Workers: 6

Heap:
 PSYoungGen      total 23040K, used 21760K [0x00000000d5580000, 0x00000000d7200000, 0x0000000100000000)
  eden space 20992K, 100% used [0x00000000d5580000,0x00000000d6a00000,0x00000000d6a00000)
  from space 2048K, 37% used [0x00000000d6e00000,0x00000000d6ec0000,0x00000000d7000000)
  to   space 1536K, 0% used [0x00000000d7080000,0x00000000d7080000,0x00000000d7200000)
 ParOldGen       total 68608K, used 33311K [0x0000000080000000, 0x0000000084300000, 0x00000000d5580000)
  object space 68608K, 48% used [0x0000000080000000,0x0000000082087dc8,0x0000000084300000)
 Metaspace       used 48927K, committed 50112K, reserved 1114112K
  class space    used 5563K, committed 6080K, reserved 1048576K

Card table byte_map: [0x0000020fa0b20000,0x0000020fa0f30000] _byte_map_base: 0x0000020fa0720000

Marking Bits: (ParMarkBitMap*) 0x00007fffda9f3450
 Begin Bits: [0x0000020fb3630000, 0x0000020fb5630000)
 End Bits:   [0x0000020fb5630000, 0x0000020fb7630000)

Polling page: 0x0000020f9ef70000

Metaspace:

Usage:
  Non-class:     42.35 MB used.
      Class:      5.43 MB used.
       Both:     47.78 MB used.

Virtual space:
  Non-class space:       64.00 MB reserved,      43.00 MB ( 67%) committed,  1 nodes.
      Class space:        1.00 GB reserved,       5.94 MB ( <1%) committed,  1 nodes.
             Both:        1.06 GB reserved,      48.94 MB (  4%) committed. 

Chunk freelists:
   Non-Class:  4.30 MB
       Class:  9.95 MB
        Both:  14.25 MB

MaxMetaspaceSize: unlimited
CompressedClassSpaceSize: 1.00 GB
Initial GC threshold: 21.00 MB
Current GC threshold: 58.38 MB
CDS: on
 - commit_granule_bytes: 65536.
 - commit_granule_words: 8192.
 - virtual_space_node_default_size: 8388608.
 - enlarge_chunks_in_place: 1.
 - use_allocation_guard: 0.


Internal statistics:

num_allocs_failed_limit: 6.
num_arena_births: 846.
num_arena_deaths: 42.
num_vsnodes_births: 2.
num_vsnodes_deaths: 0.
num_space_committed: 783.
num_space_uncommitted: 0.
num_chunks_returned_to_freelist: 60.
num_chunks_taken_from_freelist: 3098.
num_chunk_merges: 10.
num_chunk_splits: 1897.
num_chunks_enlarged: 1033.
num_inconsistent_stats: 0.

CodeHeap 'non-profiled nmethods': size=120000Kb used=3110Kb max_used=3110Kb free=116889Kb
 bounds [0x0000020fabe50000, 0x0000020fac160000, 0x0000020fb3380000]
CodeHeap 'profiled nmethods': size=120000Kb used=11945Kb max_used=11945Kb free=108054Kb
 bounds [0x0000020fa4380000, 0x0000020fa4f30000, 0x0000020fab8b0000]
CodeHeap 'non-nmethods': size=5760Kb used=1366Kb max_used=1435Kb free=4393Kb
 bounds [0x0000020fab8b0000, 0x0000020fabb20000, 0x0000020fabe50000]
CodeCache: size=245760Kb, used=16421Kb, max_used=16490Kb, free=229336Kb
 total_blobs=6617, nmethods=5952, adapters=571, full_count=0
Compilation: enabled, stopped_count=0, restarted_count=0

Compilation events (20 events):
Event: 50.152 Thread 0x0000020fa10e0f40 nmethod 6584 0x0000020fa4f25590 code [0x0000020fa4f25720, 0x0000020fa4f25860]
Event: 50.393 Thread 0x0000020fa10e0f40 6586       3       java.lang.invoke.VarHandleGuards::guard_LII_Z (86 bytes)
Event: 50.595 Thread 0x0000020fa10e0f40 nmethod 6586 0x0000020fa4f25910 code [0x0000020fa4f25c40, 0x0000020fa4f27558]
Event: 50.595 Thread 0x0000020fa10e0f40 6588       3       java.util.concurrent.ScheduledThreadPoolExecutor$ScheduledFutureTask::compareTo (9 bytes)
Event: 50.595 Thread 0x0000020fa10e0f40 nmethod 6588 0x0000020fa4f27d90 code [0x0000020fa4f27f40, 0x0000020fa4f28190]
Event: 50.595 Thread 0x0000020fa10e0f40 6589       3       java.util.concurrent.ScheduledThreadPoolExecutor$ScheduledFutureTask::compareTo (101 bytes)
Event: 50.595 Thread 0x0000020fa10e0f40 nmethod 6589 0x0000020fa4f28290 code [0x0000020fa4f284c0, 0x0000020fa4f28bd8]
Event: 50.596 Thread 0x0000020fa10e0f40 6590       3       java.util.concurrent.ScheduledThreadPoolExecutor$DelayedWorkQueue::setIndex (16 bytes)
Event: 50.596 Thread 0x0000020fa10e0f40 nmethod 6590 0x0000020fa4f28d90 code [0x0000020fa4f28f40, 0x0000020fa4f29248]
Event: 50.596 Thread 0x0000020fa10e0f40 6591       3       org.apache.felix.scr.impl.logger.ScrLogManager$ScrLoggerFacade::log (16 bytes)
Event: 50.596 Thread 0x0000020fa10e0f40 nmethod 6591 0x0000020fa4f29310 code [0x0000020fa4f294e0, 0x0000020fa4f296e0]
Event: 50.596 Thread 0x0000020fa10e0f40 6587       3       java.lang.invoke.VarHandleInts$FieldInstanceReadWrite::compareAndSet (32 bytes)
Event: 50.596 Thread 0x0000020fa10e0f40 nmethod 6587 0x0000020fa4f29810 code [0x0000020fa4f29a00, 0x0000020fa4f29f90]
Event: 50.609 Thread 0x0000020fa10c9ca0 nmethod 6576 0x0000020fac151710 code [0x0000020fac151b80, 0x0000020fac154fe8]
Event: 50.610 Thread 0x0000020fa10c9ca0 6585       4       java.nio.ByteBuffer::hasArray (20 bytes)
Event: 50.610 Thread 0x0000020fa10c9ca0 nmethod 6585 0x0000020fac157710 code [0x0000020fac1578a0, 0x0000020fac157968]
Event: 50.614 Thread 0x0000020fa10e0f40 6593       3       java.util.concurrent.atomic.AtomicInteger::getAndAdd (12 bytes)
Event: 50.614 Thread 0x0000020fa10e0f40 nmethod 6593 0x0000020fa4f2a190 code [0x0000020fa4f2a320, 0x0000020fa4f2a438]
Event: 50.618 Thread 0x0000020fa10c9ca0 6594  s    4       java.util.Hashtable::get (69 bytes)
Event: 50.640 Thread 0x0000020fa10c9ca0 nmethod 6594 0x0000020fac157a10 code [0x0000020fac157c20, 0x0000020fac1585c8]

GC Heap History (20 events):
Event: 47.730 GC heap before
{Heap before GC invocations=16 (full 2):
 PSYoungGen      total 22528K, used 416K [0x00000000d5580000, 0x00000000d6f80000, 0x0000000100000000)
  eden space 22016K, 0% used [0x00000000d5580000,0x00000000d5580000,0x00000000d6b00000)
  from space 512K, 81% used [0x00000000d6f00000,0x00000000d6f68000,0x00000000d6f80000)
  to   space 2048K, 0% used [0x00000000d6b80000,0x00000000d6b80000,0x00000000d6d80000)
 ParOldGen       total 68608K, used 20220K [0x0000000080000000, 0x0000000084300000, 0x00000000d5580000)
  object space 68608K, 29% used [0x0000000080000000,0x00000000813bf2f8,0x0000000084300000)
 Metaspace       used 34735K, committed 35840K, reserved 1114112K
  class space    used 3576K, committed 4032K, reserved 1048576K
}
Event: 47.760 GC heap after
{Heap after GC invocations=16 (full 2):
 PSYoungGen      total 22528K, used 0K [0x00000000d5580000, 0x00000000d6f80000, 0x0000000100000000)
  eden space 22016K, 0% used [0x00000000d5580000,0x00000000d5580000,0x00000000d6b00000)
  from space 512K, 0% used [0x00000000d6f00000,0x00000000d6f00000,0x00000000d6f80000)
  to   space 2048K, 0% used [0x00000000d6b80000,0x00000000d6b80000,0x00000000d6d80000)
 ParOldGen       total 68608K, used 19527K [0x0000000080000000, 0x0000000084300000, 0x00000000d5580000)
  object space 68608K, 28% used [0x0000000080000000,0x0000000081311e38,0x0000000084300000)
 Metaspace       used 34710K, committed 35840K, reserved 1114112K
  class space    used 3569K, committed 4032K, reserved 1048576K
}
Event: 47.921 GC heap before
{Heap before GC invocations=17 (full 2):
 PSYoungGen      total 22528K, used 22016K [0x00000000d5580000, 0x00000000d6f80000, 0x0000000100000000)
  eden space 22016K, 100% used [0x00000000d5580000,0x00000000d6b00000,0x00000000d6b00000)
  from space 512K, 0% used [0x00000000d6f00000,0x00000000d6f00000,0x00000000d6f80000)
  to   space 2048K, 0% used [0x00000000d6b80000,0x00000000d6b80000,0x00000000d6d80000)
 ParOldGen       total 68608K, used 19527K [0x0000000080000000, 0x0000000084300000, 0x00000000d5580000)
  object space 68608K, 28% used [0x0000000080000000,0x0000000081311e38,0x0000000084300000)
 Metaspace       used 37279K, committed 38400K, reserved 1114112K
  class space    used 3962K, committed 4416K, reserved 1048576K
}
Event: 47.923 GC heap after
{Heap after GC invocations=17 (full 2):
 PSYoungGen      total 24064K, used 672K [0x00000000d5580000, 0x00000000d6f80000, 0x0000000100000000)
  eden space 22016K, 0% used [0x00000000d5580000,0x00000000d5580000,0x00000000d6b00000)
  from space 2048K, 32% used [0x00000000d6b80000,0x00000000d6c28000,0x00000000d6d80000)
  to   space 1024K, 0% used [0x00000000d6e80000,0x00000000d6e80000,0x00000000d6f80000)
 ParOldGen       total 68608K, used 19535K [0x0000000080000000, 0x0000000084300000, 0x00000000d5580000)
  object space 68608K, 28% used [0x0000000080000000,0x0000000081313e38,0x0000000084300000)
 Metaspace       used 37279K, committed 38400K, reserved 1114112K
  class space    used 3962K, committed 4416K, reserved 1048576K
}
Event: 48.174 GC heap before
{Heap before GC invocations=18 (full 2):
 PSYoungGen      total 24064K, used 22688K [0x00000000d5580000, 0x00000000d6f80000, 0x0000000100000000)
  eden space 22016K, 100% used [0x00000000d5580000,0x00000000d6b00000,0x00000000d6b00000)
  from space 2048K, 32% used [0x00000000d6b80000,0x00000000d6c28000,0x00000000d6d80000)
  to   space 1024K, 0% used [0x00000000d6e80000,0x00000000d6e80000,0x00000000d6f80000)
 ParOldGen       total 68608K, used 19535K [0x0000000080000000, 0x0000000084300000, 0x00000000d5580000)
  object space 68608K, 28% used [0x0000000080000000,0x0000000081313e38,0x0000000084300000)
 Metaspace       used 39012K, committed 40192K, reserved 1114112K
  class space    used 4195K, committed 4672K, reserved 1048576K
}
Event: 48.177 GC heap after
{Heap after GC invocations=18 (full 2):
 PSYoungGen      total 22016K, used 1006K [0x00000000d5580000, 0x00000000d7400000, 0x0000000100000000)
  eden space 20992K, 0% used [0x00000000d5580000,0x00000000d5580000,0x00000000d6a00000)
  from space 1024K, 98% used [0x00000000d6e80000,0x00000000d6f7bb80,0x00000000d6f80000)
  to   space 4608K, 0% used [0x00000000d6a00000,0x00000000d6a00000,0x00000000d6e80000)
 ParOldGen       total 68608K, used 22337K [0x0000000080000000, 0x0000000084300000, 0x00000000d5580000)
  object space 68608K, 32% used [0x0000000080000000,0x00000000815d06c8,0x0000000084300000)
 Metaspace       used 39012K, committed 40192K, reserved 1114112K
  class space    used 4195K, committed 4672K, reserved 1048576K
}
Event: 48.450 GC heap before
{Heap before GC invocations=19 (full 2):
 PSYoungGen      total 22016K, used 21998K [0x00000000d5580000, 0x00000000d7400000, 0x0000000100000000)
  eden space 20992K, 100% used [0x00000000d5580000,0x00000000d6a00000,0x00000000d6a00000)
  from space 1024K, 98% used [0x00000000d6e80000,0x00000000d6f7bb80,0x00000000d6f80000)
  to   space 4608K, 0% used [0x00000000d6a00000,0x00000000d6a00000,0x00000000d6e80000)
 ParOldGen       total 68608K, used 22337K [0x0000000080000000, 0x0000000084300000, 0x00000000d5580000)
  object space 68608K, 32% used [0x0000000080000000,0x00000000815d06c8,0x0000000084300000)
 Metaspace       used 39850K, committed 41024K, reserved 1114112K
  class space    used 4310K, committed 4800K, reserved 1048576K
}
Event: 48.454 GC heap after
{Heap after GC invocations=19 (full 2):
 PSYoungGen      total 25600K, used 4603K [0x00000000d5580000, 0x00000000d7b00000, 0x0000000100000000)
  eden space 20992K, 0% used [0x00000000d5580000,0x00000000d5580000,0x00000000d6a00000)
  from space 4608K, 99% used [0x00000000d6a00000,0x00000000d6e7eca8,0x00000000d6e80000)
  to   space 8704K, 0% used [0x00000000d7280000,0x00000000d7280000,0x00000000d7b00000)
 ParOldGen       total 68608K, used 25189K [0x0000000080000000, 0x0000000084300000, 0x00000000d5580000)
  object space 68608K, 36% used [0x0000000080000000,0x0000000081899768,0x0000000084300000)
 Metaspace       used 39850K, committed 41024K, reserved 1114112K
  class space    used 4310K, committed 4800K, reserved 1048576K
}
Event: 48.613 GC heap before
{Heap before GC invocations=20 (full 2):
 PSYoungGen      total 25600K, used 25595K [0x00000000d5580000, 0x00000000d7b00000, 0x0000000100000000)
  eden space 20992K, 100% used [0x00000000d5580000,0x00000000d6a00000,0x00000000d6a00000)
  from space 4608K, 99% used [0x00000000d6a00000,0x00000000d6e7eca8,0x00000000d6e80000)
  to   space 8704K, 0% used [0x00000000d7280000,0x00000000d7280000,0x00000000d7b00000)
 ParOldGen       total 68608K, used 25189K [0x0000000080000000, 0x0000000084300000, 0x00000000d5580000)
  object space 68608K, 36% used [0x0000000080000000,0x0000000081899768,0x0000000084300000)
 Metaspace       used 41521K, committed 42624K, reserved 1114112K
  class space    used 4563K, committed 5056K, reserved 1048576K
}
Event: 48.615 GC heap after
{Heap after GC invocations=20 (full 2):
 PSYoungGen      total 22016K, used 576K [0x00000000d5580000, 0x00000000d7380000, 0x0000000100000000)
  eden space 20992K, 0% used [0x00000000d5580000,0x00000000d5580000,0x00000000d6a00000)
  from space 1024K, 56% used [0x00000000d7280000,0x00000000d7310000,0x00000000d7380000)
  to   space 3584K, 0% used [0x00000000d6c80000,0x00000000d6c80000,0x00000000d7000000)
 ParOldGen       total 68608K, used 29783K [0x0000000080000000, 0x0000000084300000, 0x00000000d5580000)
  object space 68608K, 43% used [0x0000000080000000,0x0000000081d15cd8,0x0000000084300000)
 Metaspace       used 41521K, committed 42624K, reserved 1114112K
  class space    used 4563K, committed 5056K, reserved 1048576K
}
Event: 48.790 GC heap before
{Heap before GC invocations=21 (full 2):
 PSYoungGen      total 22016K, used 21568K [0x00000000d5580000, 0x00000000d7380000, 0x0000000100000000)
  eden space 20992K, 100% used [0x00000000d5580000,0x00000000d6a00000,0x00000000d6a00000)
  from space 1024K, 56% used [0x00000000d7280000,0x00000000d7310000,0x00000000d7380000)
  to   space 3584K, 0% used [0x00000000d6c80000,0x00000000d6c80000,0x00000000d7000000)
 ParOldGen       total 68608K, used 29783K [0x0000000080000000, 0x0000000084300000, 0x00000000d5580000)
  object space 68608K, 43% used [0x0000000080000000,0x0000000081d15cd8,0x0000000084300000)
 Metaspace       used 43458K, committed 44608K, reserved 1114112K
  class space    used 4869K, committed 5376K, reserved 1048576K
}
Event: 48.792 GC heap after
{Heap after GC invocations=21 (full 2):
 PSYoungGen      total 24576K, used 960K [0x00000000d5580000, 0x00000000d7300000, 0x0000000100000000)
  eden space 20992K, 0% used [0x00000000d5580000,0x00000000d5580000,0x00000000d6a00000)
  from space 3584K, 26% used [0x00000000d6c80000,0x00000000d6d70000,0x00000000d7000000)
  to   space 1536K, 0% used [0x00000000d7180000,0x00000000d7180000,0x00000000d7300000)
 ParOldGen       total 68608K, used 30223K [0x0000000080000000, 0x0000000084300000, 0x00000000d5580000)
  object space 68608K, 44% used [0x0000000080000000,0x0000000081d83cd8,0x0000000084300000)
 Metaspace       used 43458K, committed 44608K, reserved 1114112K
  class space    used 4869K, committed 5376K, reserved 1048576K
}
Event: 48.996 GC heap before
{Heap before GC invocations=22 (full 2):
 PSYoungGen      total 24576K, used 21952K [0x00000000d5580000, 0x00000000d7300000, 0x0000000100000000)
  eden space 20992K, 100% used [0x00000000d5580000,0x00000000d6a00000,0x00000000d6a00000)
  from space 3584K, 26% used [0x00000000d6c80000,0x00000000d6d70000,0x00000000d7000000)
  to   space 1536K, 0% used [0x00000000d7180000,0x00000000d7180000,0x00000000d7300000)
 ParOldGen       total 68608K, used 30223K [0x0000000080000000, 0x0000000084300000, 0x00000000d5580000)
  object space 68608K, 44% used [0x0000000080000000,0x0000000081d83cd8,0x0000000084300000)
 Metaspace       used 45098K, committed 46272K, reserved 1114112K
  class space    used 5077K, committed 5568K, reserved 1048576K
}
Event: 48.998 GC heap after
{Heap after GC invocations=22 (full 2):
 PSYoungGen      total 22016K, used 864K [0x00000000d5580000, 0x00000000d7280000, 0x0000000100000000)
  eden space 20992K, 0% used [0x00000000d5580000,0x00000000d5580000,0x00000000d6a00000)
  from space 1024K, 84% used [0x00000000d7180000,0x00000000d7258000,0x00000000d7280000)
  to   space 1024K, 0% used [0x00000000d7080000,0x00000000d7080000,0x00000000d7180000)
 ParOldGen       total 68608K, used 31011K [0x0000000080000000, 0x0000000084300000, 0x00000000d5580000)
  object space 68608K, 45% used [0x0000000080000000,0x0000000081e48cf8,0x0000000084300000)
 Metaspace       used 45098K, committed 46272K, reserved 1114112K
  class space    used 5077K, committed 5568K, reserved 1048576K
}
Event: 49.198 GC heap before
{Heap before GC invocations=23 (full 2):
 PSYoungGen      total 22016K, used 21856K [0x00000000d5580000, 0x00000000d7280000, 0x0000000100000000)
  eden space 20992K, 100% used [0x00000000d5580000,0x00000000d6a00000,0x00000000d6a00000)
  from space 1024K, 84% used [0x00000000d7180000,0x00000000d7258000,0x00000000d7280000)
  to   space 1024K, 0% used [0x00000000d7080000,0x00000000d7080000,0x00000000d7180000)
 ParOldGen       total 68608K, used 31011K [0x0000000080000000, 0x0000000084300000, 0x00000000d5580000)
  object space 68608K, 45% used [0x0000000080000000,0x0000000081e48cf8,0x0000000084300000)
 Metaspace       used 46104K, committed 47296K, reserved 1114112K
  class space    used 5202K, committed 5760K, reserved 1048576K
}
Event: 49.200 GC heap after
{Heap after GC invocations=23 (full 2):
 PSYoungGen      total 22016K, used 844K [0x00000000d5580000, 0x00000000d7200000, 0x0000000100000000)
  eden space 20992K, 0% used [0x00000000d5580000,0x00000000d5580000,0x00000000d6a00000)
  from space 1024K, 82% used [0x00000000d7080000,0x00000000d7153260,0x00000000d7180000)
  to   space 512K, 0% used [0x00000000d7180000,0x00000000d7180000,0x00000000d7200000)
 ParOldGen       total 68608K, used 31715K [0x0000000080000000, 0x0000000084300000, 0x00000000d5580000)
  object space 68608K, 46% used [0x0000000080000000,0x0000000081ef8d98,0x0000000084300000)
 Metaspace       used 46104K, committed 47296K, reserved 1114112K
  class space    used 5202K, committed 5760K, reserved 1048576K
}
Event: 49.401 GC heap before
{Heap before GC invocations=24 (full 2):
 PSYoungGen      total 22016K, used 21836K [0x00000000d5580000, 0x00000000d7200000, 0x0000000100000000)
  eden space 20992K, 100% used [0x00000000d5580000,0x00000000d6a00000,0x00000000d6a00000)
  from space 1024K, 82% used [0x00000000d7080000,0x00000000d7153260,0x00000000d7180000)
  to   space 512K, 0% used [0x00000000d7180000,0x00000000d7180000,0x00000000d7200000)
 ParOldGen       total 68608K, used 31715K [0x0000000080000000, 0x0000000084300000, 0x00000000d5580000)
  object space 68608K, 46% used [0x0000000080000000,0x0000000081ef8d98,0x0000000084300000)
 Metaspace       used 46948K, committed 48192K, reserved 1114112K
  class space    used 5328K, committed 5888K, reserved 1048576K
}
Event: 49.404 GC heap after
{Heap after GC invocations=24 (full 2):
 PSYoungGen      total 21504K, used 512K [0x00000000d5580000, 0x00000000d7200000, 0x0000000100000000)
  eden space 20992K, 0% used [0x00000000d5580000,0x00000000d5580000,0x00000000d6a00000)
  from space 512K, 100% used [0x00000000d7180000,0x00000000d7200000,0x00000000d7200000)
  to   space 2048K, 0% used [0x00000000d6e00000,0x00000000d6e00000,0x00000000d7000000)
 ParOldGen       total 68608K, used 32815K [0x0000000080000000, 0x0000000084300000, 0x00000000d5580000)
  object space 68608K, 47% used [0x0000000080000000,0x000000008200bdc8,0x0000000084300000)
 Metaspace       used 46948K, committed 48192K, reserved 1114112K
  class space    used 5328K, committed 5888K, reserved 1048576K
}
Event: 49.753 GC heap before
{Heap before GC invocations=25 (full 2):
 PSYoungGen      total 21504K, used 21504K [0x00000000d5580000, 0x00000000d7200000, 0x0000000100000000)
  eden space 20992K, 100% used [0x00000000d5580000,0x00000000d6a00000,0x00000000d6a00000)
  from space 512K, 100% used [0x00000000d7180000,0x00000000d7200000,0x00000000d7200000)
  to   space 2048K, 0% used [0x00000000d6e00000,0x00000000d6e00000,0x00000000d7000000)
 ParOldGen       total 68608K, used 32815K [0x0000000080000000, 0x0000000084300000, 0x00000000d5580000)
  object space 68608K, 47% used [0x0000000080000000,0x000000008200bdc8,0x0000000084300000)
 Metaspace       used 47831K, committed 48960K, reserved 1114112K
  class space    used 5452K, committed 5952K, reserved 1048576K
}
Event: 49.755 GC heap after
{Heap after GC invocations=25 (full 2):
 PSYoungGen      total 23040K, used 768K [0x00000000d5580000, 0x00000000d7200000, 0x0000000100000000)
  eden space 20992K, 0% used [0x00000000d5580000,0x00000000d5580000,0x00000000d6a00000)
  from space 2048K, 37% used [0x00000000d6e00000,0x00000000d6ec0000,0x00000000d7000000)
  to   space 1536K, 0% used [0x00000000d7080000,0x00000000d7080000,0x00000000d7200000)
 ParOldGen       total 68608K, used 33311K [0x0000000080000000, 0x0000000084300000, 0x00000000d5580000)
  object space 68608K, 48% used [0x0000000080000000,0x0000000082087dc8,0x0000000084300000)
 Metaspace       used 47831K, committed 48960K, reserved 1114112K
  class space    used 5452K, committed 5952K, reserved 1048576K
}

Dll operation events (11 events):
Event: 0.241 Loaded shared library c:\Users\HARUN BERNA MUTLU\.antigravity\extensions\redhat.java-1.54.0-win32-x64\jre\21.0.10-win32-x86_64\bin\java.dll
Event: 4.888 Loaded shared library c:\Users\HARUN BERNA MUTLU\.antigravity\extensions\redhat.java-1.54.0-win32-x64\jre\21.0.10-win32-x86_64\bin\zip.dll
Event: 4.950 Loaded shared library C:\Users\HARUN BERNA MUTLU\.antigravity\extensions\redhat.java-1.54.0-win32-x64\jre\21.0.10-win32-x86_64\bin\instrument.dll
Event: 5.558 Loaded shared library C:\Users\HARUN BERNA MUTLU\.antigravity\extensions\redhat.java-1.54.0-win32-x64\jre\21.0.10-win32-x86_64\bin\net.dll
Event: 6.203 Loaded shared library C:\Users\HARUN BERNA MUTLU\.antigravity\extensions\redhat.java-1.54.0-win32-x64\jre\21.0.10-win32-x86_64\bin\nio.dll
Event: 6.207 Loaded shared library C:\Users\HARUN BERNA MUTLU\.antigravity\extensions\redhat.java-1.54.0-win32-x64\jre\21.0.10-win32-x86_64\bin\zip.dll
Event: 6.224 Loaded shared library C:\Users\HARUN BERNA MUTLU\.antigravity\extensions\redhat.java-1.54.0-win32-x64\jre\21.0.10-win32-x86_64\bin\jimage.dll
Event: 6.541 Loaded shared library c:\Users\HARUN BERNA MUTLU\.antigravity\extensions\redhat.java-1.54.0-win32-x64\jre\21.0.10-win32-x86_64\bin\verify.dll
Event: 34.269 Loaded shared library C:\Users\HARUN BERNA MUTLU\AppData\Roaming\Antigravity\User\globalStorage\redhat.java\1.54.0\config_win\org.eclipse.equinox.launcher\org.eclipse.equinox.launcher.win32.win32.x86_64_1.3.0.v20260203-2149\eclipse_11919.dll
Event: 45.950 Loaded shared library C:\Users\HARUN BERNA MUTLU\AppData\Local\Temp\jna-1003327335\jna7149350899160210452.dll
Event: 48.624 Loaded shared library C:\Users\HARUN BERNA MUTLU\.gradle\native\1def1411415f61bf3af743bc5b6707747c0891f09f0c88961ee8f79bc544acac\windows-amd64\native-platform.dll

Deoptimization events (20 events):
Event: 49.900 Thread 0x0000020ffe3da440 DEOPT PACKING pc=0x0000020fac0e2424 sp=0x000000fe4e8fb780
Event: 49.900 Thread 0x0000020ffe3da440 DEOPT UNPACKING pc=0x0000020fab903aa2 sp=0x000000fe4e8fb708 mode 2
Event: 49.912 Thread 0x0000020f8086b4e0 DEOPT PACKING pc=0x0000020fa4a517b9 sp=0x000000fe4f3fcdc0
Event: 49.912 Thread 0x0000020f8086b4e0 DEOPT UNPACKING pc=0x0000020fab904242 sp=0x000000fe4f3fc2c0 mode 0
Event: 49.926 Thread 0x0000020f8086b4e0 DEOPT PACKING pc=0x0000020fa443021e sp=0x000000fe4f3fcd60
Event: 49.926 Thread 0x0000020f8086b4e0 DEOPT UNPACKING pc=0x0000020fab904242 sp=0x000000fe4f3fc2b8 mode 0
Event: 49.970 Thread 0x0000020ffe3da440 DEOPT PACKING pc=0x0000020fa4ddca50 sp=0x000000fe4e8fc930
Event: 49.970 Thread 0x0000020ffe3da440 DEOPT UNPACKING pc=0x0000020fab904242 sp=0x000000fe4e8fbe10 mode 0
Event: 49.972 Thread 0x0000020ffe3da440 Uncommon trap: trap_request=0xffffff45 fr.pc=0x0000020fabf429a4 relative=0x00000000000007c4
Event: 49.972 Thread 0x0000020ffe3da440 Uncommon trap: reason=unstable_if action=reinterpret pc=0x0000020fabf429a4 method=java.util.WeakHashMap.remove(Ljava/lang/Object;)Ljava/lang/Object; @ 92 c2
Event: 49.972 Thread 0x0000020ffe3da440 DEOPT PACKING pc=0x0000020fabf429a4 sp=0x000000fe4e8fe0c0
Event: 49.972 Thread 0x0000020ffe3da440 DEOPT UNPACKING pc=0x0000020fab903aa2 sp=0x000000fe4e8fe008 mode 2
Event: 49.976 Thread 0x0000020ffe3d6fc0 Uncommon trap: trap_request=0xffffff45 fr.pc=0x0000020fabea07b8 relative=0x0000000000000c98
Event: 49.976 Thread 0x0000020ffe3d6fc0 Uncommon trap: reason=unstable_if action=reinterpret pc=0x0000020fabea07b8 method=java.util.concurrent.ConcurrentHashMap.putVal(Ljava/lang/Object;Ljava/lang/Object;Z)Ljava/lang/Object; @ 97 c2
Event: 49.976 Thread 0x0000020ffe3d6fc0 DEOPT PACKING pc=0x0000020fabea07b8 sp=0x000000fe4e1fdf20
Event: 49.976 Thread 0x0000020ffe3d6fc0 DEOPT UNPACKING pc=0x0000020fab903aa2 sp=0x000000fe4e1fdea8 mode 2
Event: 50.074 Thread 0x0000020f8086b4e0 DEOPT PACKING pc=0x0000020fa443021e sp=0x000000fe4f3fcd80
Event: 50.074 Thread 0x0000020f8086b4e0 DEOPT UNPACKING pc=0x0000020fab904242 sp=0x000000fe4f3fc2d8 mode 0
Event: 50.078 Thread 0x0000020f8086b4e0 DEOPT PACKING pc=0x0000020fa4d0447b sp=0x000000fe4f3fd190
Event: 50.078 Thread 0x0000020f8086b4e0 DEOPT UNPACKING pc=0x0000020fab904242 sp=0x000000fe4f3fc600 mode 0

Classes loaded (20 events):
Event: 48.922 Loading class sun/reflect/generics/tree/VoidDescriptor
Event: 48.922 Loading class sun/reflect/generics/tree/VoidDescriptor done
Event: 48.936 Loading class java/nio/channels/SocketChannel
Event: 48.936 Loading class java/nio/channels/NetworkChannel
Event: 48.936 Loading class java/nio/channels/NetworkChannel done
Event: 48.936 Loading class java/nio/channels/spi/AbstractSelectableChannel
Event: 48.936 Loading class java/nio/channels/SelectableChannel
Event: 48.936 Loading class java/nio/channels/SelectableChannel done
Event: 48.936 Loading class java/nio/channels/spi/AbstractSelectableChannel done
Event: 48.936 Loading class java/nio/channels/SocketChannel done
Event: 48.937 Loading class java/nio/channels/ServerSocketChannel
Event: 48.937 Loading class java/nio/channels/ServerSocketChannel done
Event: 49.164 Loading class java/lang/ExceptionInInitializerError
Event: 49.164 Loading class java/lang/ExceptionInInitializerError done
Event: 49.180 Loading class jdk/internal/org/objectweb/asm/ClassReader
Event: 49.182 Loading class jdk/internal/org/objectweb/asm/ClassReader done
Event: 49.702 Loading class java/lang/ProcessEnvironment$CheckedKeySet
Event: 49.703 Loading class java/lang/ProcessEnvironment$CheckedKeySet done
Event: 50.003 Loading class java/util/regex/Pattern$Pos
Event: 50.003 Loading class java/util/regex/Pattern$Pos done

Classes unloaded (20 events):
Event: 46.403 Thread 0x0000020fa10b0a20 Unloading class 0x0000020fb91a8800 'java/lang/invoke/LambdaForm$MH+0x0000020fb91a8800'
Event: 46.403 Thread 0x0000020fa10b0a20 Unloading class 0x0000020fb91a8400 'java/lang/invoke/LambdaForm$MH+0x0000020fb91a8400'
Event: 46.403 Thread 0x0000020fa10b0a20 Unloading class 0x0000020fb91a8000 'java/lang/invoke/LambdaForm$MH+0x0000020fb91a8000'
Event: 46.403 Thread 0x0000020fa10b0a20 Unloading class 0x0000020fb91a7c00 'java/lang/invoke/LambdaForm$BMH+0x0000020fb91a7c00'
Event: 46.403 Thread 0x0000020fa10b0a20 Unloading class 0x0000020fb91a7800 'java/lang/invoke/LambdaForm$DMH+0x0000020fb91a7800'
Event: 46.403 Thread 0x0000020fa10b0a20 Unloading class 0x0000020fb91a6800 'java/lang/invoke/LambdaForm$DMH+0x0000020fb91a6800'
Event: 47.736 Thread 0x0000020fa10b0a20 Unloading class 0x0000020fb9389400 'java/lang/invoke/LambdaForm$MH+0x0000020fb9389400'
Event: 47.736 Thread 0x0000020fa10b0a20 Unloading class 0x0000020fb9388800 'java/lang/invoke/LambdaForm$MH+0x0000020fb9388800'
Event: 47.736 Thread 0x0000020fa10b0a20 Unloading class 0x0000020fb9388000 'java/lang/invoke/LambdaForm$MH+0x0000020fb9388000'
Event: 47.736 Thread 0x0000020fa10b0a20 Unloading class 0x0000020fb9385800 'java/lang/invoke/LambdaForm$MH+0x0000020fb9385800'
Event: 47.736 Thread 0x0000020fa10b0a20 Unloading class 0x0000020fb9385400 'java/lang/invoke/LambdaForm$DMH+0x0000020fb9385400'
Event: 47.736 Thread 0x0000020fa10b0a20 Unloading class 0x0000020fb9384800 'java/lang/invoke/LambdaForm$MH+0x0000020fb9384800'
Event: 47.736 Thread 0x0000020fa10b0a20 Unloading class 0x0000020fb9380800 'java/lang/invoke/LambdaForm$MH+0x0000020fb9380800'
Event: 47.736 Thread 0x0000020fa10b0a20 Unloading class 0x0000020fb9380000 'java/lang/invoke/LambdaForm$MH+0x0000020fb9380000'
Event: 47.736 Thread 0x0000020fa10b0a20 Unloading class 0x0000020fb937f000 'java/lang/invoke/LambdaForm$MH+0x0000020fb937f000'
Event: 47.736 Thread 0x0000020fa10b0a20 Unloading class 0x0000020fb937e800 'java/lang/invoke/LambdaForm$MH+0x0000020fb937e800'
Event: 47.736 Thread 0x0000020fa10b0a20 Unloading class 0x0000020fb937e000 'java/lang/invoke/LambdaForm$MH+0x0000020fb937e000'
Event: 47.736 Thread 0x0000020fa10b0a20 Unloading class 0x0000020fb937d800 'java/lang/invoke/LambdaForm$MH+0x0000020fb937d800'
Event: 47.736 Thread 0x0000020fa10b0a20 Unloading class 0x0000020fb937d000 'java/lang/invoke/LambdaForm$MH+0x0000020fb937d000'
Event: 47.736 Thread 0x0000020fa10b0a20 Unloading class 0x0000020fb937c000 'java/lang/invoke/LambdaForm$MH+0x0000020fb937c000'

Classes redefined (0 events):
No events

Internal exceptions (20 events):
Event: 47.571 Thread 0x0000020ffe3d6fc0 Exception <a 'java/lang/NoSuchMethodError'{0x00000000d5d5daa8}: 'java.lang.Object java.lang.invoke.DelegatingMethodHandle$Holder.delegate(java.lang.Object, int, java.lang.Object, java.lang.Object)'> (0x00000000d5d5daa8) 
thrown [s\src\hotspot\share\interpreter\linkResolver.cpp, line 773]
Event: 47.573 Thread 0x0000020ffe3d6fc0 Implicit null exception at 0x0000020fac07cd76 to 0x0000020fac07d098
Event: 47.575 Thread 0x0000020ffe3d6fc0 Exception <a 'java/lang/NoSuchMethodError'{0x00000000d5e07820}: 'int java.lang.invoke.Invokers$Holder.linkToTargetMethod(java.lang.Object, java.lang.Object, java.lang.Object)'> (0x00000000d5e07820) 
thrown [s\src\hotspot\share\interpreter\linkResolver.cpp, line 773]
Event: 47.644 Thread 0x0000020ffe3da440 Exception <a 'java/lang/NoSuchMethodError'{0x00000000d6529c68}: 'java.lang.Object java.lang.invoke.DirectMethodHandle$Holder.invokeSpecialIFC(java.lang.Object, java.lang.Object, java.lang.Object, java.lang.Object)'> (0x00000000d6529c68) 
thrown [s\src\hotspot\share\interpreter\linkResolver.cpp, line 773]
Event: 47.695 Thread 0x0000020f9ee684b0 Exception <a 'java/lang/NoSuchMethodError'{0x00000000d5884668}: 'java.lang.Object java.lang.invoke.DirectMethodHandle$Holder.invokeStatic(java.lang.Object, long, java.lang.Object)'> (0x00000000d5884668) 
thrown [s\src\hotspot\share\interpreter\linkResolver.cpp, line 773]
Event: 47.695 Thread 0x0000020f9ee684b0 Exception <a 'java/lang/NoSuchMethodError'{0x00000000d58b68c0}: 'java.lang.Object java.lang.invoke.DirectMethodHandle$Holder.invokeStaticInit(java.lang.Object, long, java.lang.Object)'> (0x00000000d58b68c0) 
thrown [s\src\hotspot\share\interpreter\linkResolver.cpp, line 773]
Event: 47.695 Thread 0x0000020f9ee684b0 Exception <a 'java/lang/NoSuchMethodError'{0x00000000d58bc500}: 'java.lang.Object java.lang.invoke.DirectMethodHandle$Holder.newInvokeSpecial(java.lang.Object, long)'> (0x00000000d58bc500) 
thrown [s\src\hotspot\share\interpreter\linkResolver.cpp, line 773]
Event: 47.696 Thread 0x0000020ffe3d6930 Exception <a 'java/lang/NoSuchMethodError'{0x00000000d58b2bb8}: 'java.lang.Object java.lang.invoke.DirectMethodHandle$Holder.invokeVirtual(java.lang.Object, java.lang.Object, java.lang.Object, java.lang.Object)'> (0x00000000d58b2bb8) 
thrown [s\src\hotspot\share\interpreter\linkResolver.cpp, line 773]
Event: 47.699 Thread 0x0000020ffe3d6930 Exception <a 'java/lang/NoSuchMethodError'{0x00000000d590d4c8}: 'java.lang.Object java.lang.invoke.DirectMethodHandle$Holder.invokeVirtual(java.lang.Object, java.lang.Object, java.lang.Object, java.lang.Object, java.lang.Object)'> (0x00000000d590d4c8) 
thrown [s\src\hotspot\share\interpreter\linkResolver.cpp, line 773]
Event: 47.899 Thread 0x0000020f8086b4e0 Implicit null exception at 0x0000020fabecc19b to 0x0000020fabecc3ec
Event: 47.937 Thread 0x0000020f9ee684b0 Exception <a 'java/lang/NoSuchMethodError'{0x00000000d581d768}: 'void java.lang.invoke.DirectMethodHandle$Holder.invokeSpecial(java.lang.Object, java.lang.Object, java.lang.Object, java.lang.Object, java.lang.Object, java.lang.Object)'> (0x00000000d581d768) 
thrown [s\src\hotspot\share\interpreter\linkResolver.cpp, line 773]
Event: 47.941 Thread 0x0000020f9ee684b0 Exception <a 'java/lang/IncompatibleClassChangeError'{0x00000000d5825750}: Found class java.lang.Object, but interface was expected> (0x00000000d5825750) 
thrown [s\src\hotspot\share\interpreter\linkResolver.cpp, line 840]
Event: 47.942 Thread 0x0000020f9ee684b0 Exception <a 'java/lang/IncompatibleClassChangeError'{0x00000000d5827598}: Found class java.lang.Object, but interface was expected> (0x00000000d5827598) 
thrown [s\src\hotspot\share\interpreter\linkResolver.cpp, line 840]
Event: 48.071 Thread 0x0000020ffe3da440 Exception <a 'java/lang/NoClassDefFoundError'{0x00000000d6477128}: javax/enterprise/inject/Typed> (0x00000000d6477128) 
thrown [s\src\hotspot\share\classfile\systemDictionary.cpp, line 301]
Event: 49.165 Thread 0x0000020ffe3da440 Exception <a 'java/lang/ExceptionInInitializerError'{0x00000000d6758d70}> (0x00000000d6758d70) 
thrown [s\src\hotspot\share\oops\instanceKlass.cpp, line 1220]
Event: 49.179 Thread 0x0000020ffe3da440 Exception <a 'java/lang/NoSuchMethodError'{0x00000000d6832cd0}: 'long java.lang.invoke.DirectMethodHandle$Holder.invokeStatic(java.lang.Object, java.lang.Object, int)'> (0x00000000d6832cd0) 
thrown [s\src\hotspot\share\interpreter\linkResolver.cpp, line 773]
Event: 49.183 Thread 0x0000020ffe3da440 Implicit null exception at 0x0000020fabfcb37e to 0x0000020fabfcb5e0
Event: 49.183 Thread 0x0000020ffe3da440 Implicit null exception at 0x0000020fabf0a7d7 to 0x0000020fabf0b928
Event: 49.184 Thread 0x0000020ffe3da440 Exception <a 'java/lang/NoSuchMethodError'{0x00000000d68a49d8}: 'java.lang.Object java.lang.invoke.Invokers$Holder.invokeExact_MT(java.lang.Object, int, java.lang.Object)'> (0x00000000d68a49d8) 
thrown [s\src\hotspot\share\interpreter\linkResolver.cpp, line 773]
Event: 49.689 Thread 0x0000020ffe3da440 Exception <a 'java/lang/NoClassDefFoundError'{0x00000000d62b1fa8}: com/google/inject/servlet/ServletModuleTargetVisitor> (0x00000000d62b1fa8) 
thrown [s\src\hotspot\share\classfile\systemDictionary.cpp, line 301]

ZGC Phase Switch (0 events):
No events

VM Operations (20 events):
Event: 48.450 Executing safepoint VM operation: ParallelGCFailedAllocation (Allocation Failure)
Event: 48.454 Executing safepoint VM operation: ParallelGCFailedAllocation (Allocation Failure) done
Event: 48.613 Executing safepoint VM operation: ParallelGCFailedAllocation (Allocation Failure)
Event: 48.616 Executing safepoint VM operation: ParallelGCFailedAllocation (Allocation Failure) done
Event: 48.673 Executing non-safepoint VM operation: HandshakeAllThreads (Deoptimize)
Event: 48.673 Executing non-safepoint VM operation: HandshakeAllThreads (Deoptimize) done
Event: 48.702 Executing non-safepoint VM operation: HandshakeAllThreads (Deoptimize)
Event: 48.703 Executing non-safepoint VM operation: HandshakeAllThreads (Deoptimize) done
Event: 48.790 Executing safepoint VM operation: ParallelGCFailedAllocation (Allocation Failure)
Event: 48.792 Executing safepoint VM operation: ParallelGCFailedAllocation (Allocation Failure) done
Event: 48.996 Executing safepoint VM operation: ParallelGCFailedAllocation (Allocation Failure)
Event: 48.998 Executing safepoint VM operation: ParallelGCFailedAllocation (Allocation Failure) done
Event: 49.197 Executing safepoint VM operation: ParallelGCFailedAllocation (Allocation Failure)
Event: 49.200 Executing safepoint VM operation: ParallelGCFailedAllocation (Allocation Failure) done
Event: 49.230 Executing non-safepoint VM operation: HandshakeAllThreads (Deoptimize)
Event: 49.230 Executing non-safepoint VM operation: HandshakeAllThreads (Deoptimize) done
Event: 49.401 Executing safepoint VM operation: ParallelGCFailedAllocation (Allocation Failure)
Event: 49.404 Executing safepoint VM operation: ParallelGCFailedAllocation (Allocation Failure) done
Event: 49.753 Executing safepoint VM operation: ParallelGCFailedAllocation (Allocation Failure)
Event: 49.755 Executing safepoint VM operation: ParallelGCFailedAllocation (Allocation Failure) done

Memory protections (0 events):
No events

Nmethod flushes (20 events):
Event: 47.745 Thread 0x0000020fa10b0a20 flushing  nmethod 0x0000020fa4af2d90
Event: 47.745 Thread 0x0000020fa10b0a20 flushing  nmethod 0x0000020fa4af3190
Event: 47.745 Thread 0x0000020fa10b0a20 flushing  nmethod 0x0000020fa4af3a90
Event: 47.745 Thread 0x0000020fa10b0a20 flushing  nmethod 0x0000020fa4af4c90
Event: 47.745 Thread 0x0000020fa10b0a20 flushing  nmethod 0x0000020fa4af5490
Event: 47.745 Thread 0x0000020fa10b0a20 flushing  nmethod 0x0000020fa4af5c10
Event: 47.745 Thread 0x0000020fa10b0a20 flushing  nmethod 0x0000020fa4af7190
Event: 47.745 Thread 0x0000020fa10b0a20 flushing  nmethod 0x0000020fa4af7a90
Event: 47.745 Thread 0x0000020fa10b0a20 flushing  nmethod 0x0000020fa4af8f90
Event: 47.745 Thread 0x0000020fa10b0a20 flushing  nmethod 0x0000020fa4af9390
Event: 47.745 Thread 0x0000020fa10b0a20 flushing  nmethod 0x0000020fa4af9810
Event: 47.745 Thread 0x0000020fa10b0a20 flushing  nmethod 0x0000020fa4b03890
Event: 47.745 Thread 0x0000020fa10b0a20 flushing  nmethod 0x0000020fa4b05610
Event: 47.745 Thread 0x0000020fa10b0a20 flushing  nmethod 0x0000020fa4b18690
Event: 47.745 Thread 0x0000020fa10b0a20 flushing  nmethod 0x0000020fa4b22390
Event: 47.745 Thread 0x0000020fa10b0a20 flushing  nmethod 0x0000020fa4b2dd90
Event: 47.745 Thread 0x0000020fa10b0a20 flushing  nmethod 0x0000020fa4b31690
Event: 47.745 Thread 0x0000020fa10b0a20 flushing  nmethod 0x0000020fa4b36110
Event: 47.745 Thread 0x0000020fa10b0a20 flushing  nmethod 0x0000020fa4b89910
Event: 47.745 Thread 0x0000020fa10b0a20 flushing  nmethod 0x0000020fa4bb0c10

Events (20 events):
Event: 46.017 Thread 0x0000020fa10c5ce0 Thread added: 0x0000020ffe3d6fc0
Event: 46.271 Thread 0x0000020ffe3d6fc0 Thread added: 0x0000020ffe3d8370
Event: 47.057 Thread 0x0000020ffe3d6fc0 Thread added: 0x0000020ffe3d62a0
Event: 47.093 Thread 0x0000020fa10c5ce0 Thread added: 0x0000020ffe3d9db0
Event: 47.093 Thread 0x0000020ffe3d62a0 Thread added: 0x0000020ffe3d6930
Event: 47.430 Thread 0x0000020ffe3d6930 Thread added: 0x0000020ffe3da440
Event: 47.453 Thread 0x0000020ffe3d6930 Thread added: 0x0000020ffe3dc510
Event: 47.593 Thread 0x0000020ffe3d6930 Thread added: 0x0000020ffe3db7f0
Event: 47.709 Thread 0x0000020f9ee684b0 Thread added: 0x0000020ffe3db160
Event: 47.709 Thread 0x0000020f9ee684b0 Thread added: 0x0000020ffe3daad0
Event: 47.709 Thread 0x0000020f9ee684b0 Thread added: 0x0000020ffe3dbe80
Event: 47.709 Thread 0x0000020f9ee684b0 Thread added: 0x0000020ffe3dcba0
Event: 47.710 Thread 0x0000020f9ee684b0 Thread added: 0x0000020ffe3dd230
Event: 47.710 Thread 0x0000020f9ee684b0 Thread added: 0x0000020f8086ae50
Event: 47.710 Thread 0x0000020f9ee684b0 Thread added: 0x0000020f80869aa0
Event: 47.761 Thread 0x0000020f9ee684b0 Thread added: 0x0000020f8086c200
Event: 47.841 Thread 0x0000020ffe3d6930 Thread added: 0x0000020f8086b4e0
Event: 47.966 Thread 0x0000020f9ee684b0 Thread added: 0x0000020f8086bb70
Event: 47.967 Thread 0x0000020f9ee684b0 Thread added: 0x0000020f80868d80
Event: 48.435 Thread 0x0000020ffe3d8370 Thread added: 0x0000020f8086a130


Dynamic libraries:
0x00007ff734590000 - 0x00007ff73459e000 	c:\Users\HARUN BERNA MUTLU\.antigravity\extensions\redhat.java-1.54.0-win32-x64\jre\21.0.10-win32-x86_64\bin\java.exe
0x00007ff875760000 - 0x00007ff8759c7000 	C:\WINDOWS\SYSTEM32\ntdll.dll
0x00007ff874190000 - 0x00007ff874259000 	C:\WINDOWS\System32\KERNEL32.DLL
0x00007ff8725d0000 - 0x00007ff8729c5000 	C:\WINDOWS\System32\KERNELBASE.dll
0x00007ff873270000 - 0x00007ff8733bb000 	C:\WINDOWS\System32\ucrtbase.dll
0x00007ff86d890000 - 0x00007ff86d8a8000 	c:\Users\HARUN BERNA MUTLU\.antigravity\extensions\redhat.java-1.54.0-win32-x64\jre\21.0.10-win32-x86_64\bin\jli.dll
0x00007ff873f60000 - 0x00007ff874126000 	C:\WINDOWS\System32\USER32.dll
0x00007ff873240000 - 0x00007ff873267000 	C:\WINDOWS\System32\win32u.dll
0x00007ff8756f0000 - 0x00007ff87571b000 	C:\WINDOWS\System32\GDI32.dll
0x00007ff8733c0000 - 0x00007ff8734ea000 	C:\WINDOWS\System32\gdi32full.dll
0x00007ff872520000 - 0x00007ff8725c3000 	C:\WINDOWS\System32\msvcp_win.dll
0x00007ff86bd50000 - 0x00007ff86bd6e000 	c:\Users\HARUN BERNA MUTLU\.antigravity\extensions\redhat.java-1.54.0-win32-x64\jre\21.0.10-win32-x86_64\bin\VCRUNTIME140.dll
0x00007ff860910000 - 0x00007ff860ba2000 	C:\WINDOWS\WinSxS\amd64_microsoft.windows.common-controls_6595b64144ccf1df_6.0.26100.8155_none_3e0b5daae331b4f8\COMCTL32.dll
0x00007ff874710000 - 0x00007ff8747b9000 	C:\WINDOWS\System32\msvcrt.dll
0x00007ff8736e0000 - 0x00007ff873712000 	C:\WINDOWS\System32\IMM32.DLL
0x00007ff86fb30000 - 0x00007ff86fb3c000 	c:\Users\HARUN BERNA MUTLU\.antigravity\extensions\redhat.java-1.54.0-win32-x64\jre\21.0.10-win32-x86_64\bin\vcruntime140_1.dll
0x00007ff856d00000 - 0x00007ff856d8d000 	c:\Users\HARUN BERNA MUTLU\.antigravity\extensions\redhat.java-1.54.0-win32-x64\jre\21.0.10-win32-x86_64\bin\msvcp140.dll
0x00007fffd9d30000 - 0x00007fffdaad1000 	c:\Users\HARUN BERNA MUTLU\.antigravity\extensions\redhat.java-1.54.0-win32-x64\jre\21.0.10-win32-x86_64\bin\server\jvm.dll
0x00007ff873ea0000 - 0x00007ff873f56000 	C:\WINDOWS\System32\ADVAPI32.dll
0x00007ff874580000 - 0x00007ff874627000 	C:\WINDOWS\System32\sechost.dll
0x00007ff874df0000 - 0x00007ff874f08000 	C:\WINDOWS\System32\RPCRT4.dll
0x00007ff874360000 - 0x00007ff8743e0000 	C:\WINDOWS\System32\WS2_32.dll
0x00007ff8720b0000 - 0x00007ff87210e000 	C:\WINDOWS\SYSTEM32\POWRPROF.dll
0x00007ff861810000 - 0x00007ff861846000 	C:\WINDOWS\SYSTEM32\WINMM.dll
0x00007ff865dc0000 - 0x00007ff865dcb000 	C:\WINDOWS\SYSTEM32\VERSION.dll
0x00007ff872090000 - 0x00007ff8720a4000 	C:\WINDOWS\SYSTEM32\UMPDC.dll
0x00007ff870f20000 - 0x00007ff870f3b000 	C:\WINDOWS\SYSTEM32\kernel.appcore.dll
0x00007ff86f470000 - 0x00007ff86f47a000 	c:\Users\HARUN BERNA MUTLU\.antigravity\extensions\redhat.java-1.54.0-win32-x64\jre\21.0.10-win32-x86_64\bin\jimage.dll
0x00007ff860440000 - 0x00007ff860682000 	C:\WINDOWS\SYSTEM32\DBGHELP.DLL
0x00007ff874a60000 - 0x00007ff874de2000 	C:\WINDOWS\System32\combase.dll
0x00007ff874630000 - 0x00007ff874707000 	C:\WINDOWS\System32\OLEAUT32.dll
0x00007ff857a00000 - 0x00007ff857a3b000 	C:\WINDOWS\SYSTEM32\dbgcore.DLL
0x00007ff871fe0000 - 0x00007ff872085000 	C:\WINDOWS\SYSTEM32\bcryptprimitives.dll
0x00007ff86bc80000 - 0x00007ff86bc8f000 	c:\Users\HARUN BERNA MUTLU\.antigravity\extensions\redhat.java-1.54.0-win32-x64\jre\21.0.10-win32-x86_64\bin\instrument.dll
0x00007ff862a60000 - 0x00007ff862a80000 	c:\Users\HARUN BERNA MUTLU\.antigravity\extensions\redhat.java-1.54.0-win32-x64\jre\21.0.10-win32-x86_64\bin\java.dll
0x00007ff873730000 - 0x00007ff873e99000 	C:\WINDOWS\System32\SHELL32.dll
0x00007ff8729d0000 - 0x00007ff873239000 	C:\WINDOWS\System32\windows.storage.dll
0x00007ff8743f0000 - 0x00007ff8744e9000 	C:\WINDOWS\System32\SHCORE.dll
0x00007ff874260000 - 0x00007ff8742c6000 	C:\WINDOWS\System32\shlwapi.dll
0x00007ff872170000 - 0x00007ff872199000 	C:\WINDOWS\SYSTEM32\profapi.dll
0x00007ff862060000 - 0x00007ff862078000 	c:\Users\HARUN BERNA MUTLU\.antigravity\extensions\redhat.java-1.54.0-win32-x64\jre\21.0.10-win32-x86_64\bin\zip.dll
0x00007ff862be0000 - 0x00007ff862bf0000 	C:\Users\HARUN BERNA MUTLU\.antigravity\extensions\redhat.java-1.54.0-win32-x64\jre\21.0.10-win32-x86_64\bin\net.dll
0x00007ff86bda0000 - 0x00007ff86becd000 	C:\WINDOWS\SYSTEM32\WINHTTP.dll
0x00007ff871490000 - 0x00007ff8714fc000 	C:\WINDOWS\system32\mswsock.dll
0x00007ff861ff0000 - 0x00007ff862006000 	C:\Users\HARUN BERNA MUTLU\.antigravity\extensions\redhat.java-1.54.0-win32-x64\jre\21.0.10-win32-x86_64\bin\nio.dll
0x00007ff862a50000 - 0x00007ff862a60000 	c:\Users\HARUN BERNA MUTLU\.antigravity\extensions\redhat.java-1.54.0-win32-x64\jre\21.0.10-win32-x86_64\bin\verify.dll
0x00007ff84d500000 - 0x00007ff84d545000 	C:\Users\HARUN BERNA MUTLU\AppData\Roaming\Antigravity\User\globalStorage\redhat.java\1.54.0\config_win\org.eclipse.equinox.launcher\org.eclipse.equinox.launcher.win32.win32.x86_64_1.3.0.v20260203-2149\eclipse_11919.dll
0x00007ff8747c0000 - 0x00007ff874957000 	C:\WINDOWS\System32\ole32.dll
0x00007ff871770000 - 0x00007ff87178b000 	C:\WINDOWS\SYSTEM32\CRYPTSP.dll
0x00007ff870e80000 - 0x00007ff870eb9000 	C:\WINDOWS\system32\rsaenh.dll
0x00007ff871540000 - 0x00007ff871573000 	C:\WINDOWS\SYSTEM32\USERENV.dll
0x00007ff872140000 - 0x00007ff87216a000 	C:\WINDOWS\SYSTEM32\bcrypt.dll
0x00007ff871790000 - 0x00007ff87179c000 	C:\WINDOWS\SYSTEM32\CRYPTBASE.dll
0x00007ff870840000 - 0x00007ff870872000 	C:\WINDOWS\SYSTEM32\IPHLPAPI.DLL
0x00007ff8736d0000 - 0x00007ff8736da000 	C:\WINDOWS\System32\NSI.dll
0x00007ff845e70000 - 0x00007ff845eb9000 	C:\Users\HARUN BERNA MUTLU\AppData\Local\Temp\jna-1003327335\jna7149350899160210452.dll
0x00007ff875420000 - 0x00007ff875428000 	C:\WINDOWS\System32\PSAPI.DLL
0x00007ff86c090000 - 0x00007ff86c0ad000 	C:\WINDOWS\SYSTEM32\dhcpcsvc6.DLL
0x00007ff869da0000 - 0x00007ff869dc5000 	C:\WINDOWS\SYSTEM32\dhcpcsvc.DLL
0x00007ff861f70000 - 0x00007ff861f97000 	C:\Users\HARUN BERNA MUTLU\.gradle\native\1def1411415f61bf3af743bc5b6707747c0891f09f0c88961ee8f79bc544acac\windows-amd64\native-platform.dll

JVMTI agents:
c:\Users\HARUN BERNA MUTLU\.antigravity\extensions\redhat.java-1.54.0-win32-x64\lombok\lombok-1.18.39-4050.jar path:c:\Users\HARUN BERNA MUTLU\.antigravity\extensions\redhat.java-1.54.0-win32-x64\jre\21.0.10-win32-x86_64\bin\instrument.dll, loaded, initialized, instrumentlib options:none

dbghelp: loaded successfully - version: 4.0.5 - missing functions: none
symbol engine: initialized successfully - sym options: 0x614 - pdb path: .;c:\Users\HARUN BERNA MUTLU\.antigravity\extensions\redhat.java-1.54.0-win32-x64\jre\21.0.10-win32-x86_64\bin;C:\WINDOWS\SYSTEM32;C:\WINDOWS\WinSxS\amd64_microsoft.windows.common-controls_6595b64144ccf1df_6.0.26100.8155_none_3e0b5daae331b4f8;c:\Users\HARUN BERNA MUTLU\.antigravity\extensions\redhat.java-1.54.0-win32-x64\jre\21.0.10-win32-x86_64\bin\server;C:\Users\HARUN BERNA MUTLU\AppData\Roaming\Antigravity\User\globalStorage\redhat.java\1.54.0\config_win\org.eclipse.equinox.launcher\org.eclipse.equinox.launcher.win32.win32.x86_64_1.3.0.v20260203-2149;C:\Users\HARUN BERNA MUTLU\AppData\Local\Temp\jna-1003327335;C:\Users\HARUN BERNA MUTLU\.gradle\native\1def1411415f61bf3af743bc5b6707747c0891f09f0c88961ee8f79bc544acac\windows-amd64

VM Arguments:
jvm_args: --add-modules=ALL-SYSTEM --add-opens=java.base/java.util=ALL-UNNAMED --add-opens=java.base/java.lang=ALL-UNNAMED --add-opens=java.base/sun.nio.fs=ALL-UNNAMED -Declipse.application=org.eclipse.jdt.ls.core.id1 -Dosgi.bundles.defaultStartLevel=4 -Declipse.product=org.eclipse.jdt.ls.core.product -Djava.import.generatesMetadataFilesAtProjectRoot=false -DDetectVMInstallationsJob.disabled=true -Dfile.encoding=utf8 -XX:+UseParallelGC -XX:GCTimeRatio=4 -XX:AdaptiveSizePolicyWeight=90 -Dsun.zip.disableMemoryMapping=true -Xmx2G -Xms100m -Xlog:disable -javaagent:c:\Users\HARUN BERNA MUTLU\.antigravity\extensions\redhat.java-1.54.0-win32-x64\lombok\lombok-1.18.39-4050.jar -XX:+HeapDumpOnOutOfMemoryError -XX:HeapDumpPath=c:\Users\HARUN BERNA MUTLU\AppData\Roaming\Antigravity\User\workspaceStorage\8ffbbaeb4f904444efb11037a2f4bb49\redhat.java -Daether.dependencyCollector.impl=bf 
java_command: c:\Users\HARUN BERNA MUTLU\.antigravity\extensions\redhat.java-1.54.0-win32-x64\server\plugins\org.eclipse.equinox.launcher_1.7.100.v20251111-0406.jar -configuration c:\Users\HARUN BERNA MUTLU\AppData\Roaming\Antigravity\User\globalStorage\redhat.java\1.54.0\config_win -data c:\Users\HARUN BERNA MUTLU\AppData\Roaming\Antigravity\User\workspaceStorage\8ffbbaeb4f904444efb11037a2f4bb49\redhat.java\jdt_ws --pipe=\\.\pipe\lsp-6e98ede7c8f718f5e41fe80fb32e085a-sock
java_class_path (initial): c:\Users\HARUN BERNA MUTLU\.antigravity\extensions\redhat.java-1.54.0-win32-x64\server\plugins\org.eclipse.equinox.launcher_1.7.100.v20251111-0406.jar
Launcher Type: SUN_STANDARD

[Global flags]
    uintx AdaptiveSizePolicyWeight                 = 90                                        {product} {command line}
     intx CICompilerCount                          = 3                                         {product} {ergonomic}
    uintx GCTimeRatio                              = 4                                         {product} {command line}
     bool HeapDumpOnOutOfMemoryError               = true                                   {manageable} {command line}
    ccstr HeapDumpPath                             = c:\Users\HARUN BERNA MUTLU\AppData\Roaming\Antigravity\User\workspaceStorage\8ffbbaeb4f904444efb11037a2f4bb49\redhat.java         {manageable} {command line}
   size_t InitialHeapSize                          = 104857600                                 {product} {command line}
   size_t MaxHeapSize                              = 2147483648                                {product} {command line}
   size_t MaxNewSize                               = 715653120                                 {product} {ergonomic}
   size_t MinHeapDeltaBytes                        = 524288                                    {product} {ergonomic}
   size_t MinHeapSize                              = 104857600                                 {product} {command line}
   size_t NewSize                                  = 34603008                                  {product} {ergonomic}
    uintx NonNMethodCodeHeapSize                   = 5832780                                {pd product} {ergonomic}
    uintx NonProfiledCodeHeapSize                  = 122912730                              {pd product} {ergonomic}
   size_t OldSize                                  = 70254592                                  {product} {ergonomic}
    uintx ProfiledCodeHeapSize                     = 122912730                              {pd product} {ergonomic}
    uintx ReservedCodeCacheSize                    = 251658240                              {pd product} {ergonomic}
     bool SegmentedCodeCache                       = true                                      {product} {ergonomic}
   size_t SoftMaxHeapSize                          = 2147483648                             {manageable} {ergonomic}
     bool UseCompressedOops                        = true                           {product lp64_product} {ergonomic}
     bool UseLargePagesIndividualAllocation        = false                                  {pd product} {ergonomic}
     bool UseParallelGC                            = true                                      {product} {command line}

Logging:
Log output configuration:
 #0: stdout all=off uptime,level,tags foldmultilines=false
 #1: stderr all=off uptime,level,tags foldmultilines=false

Release file:
JAVA_VERSION="21.0.10" 
MODULES="java.base java.compiler java.datatransfer java.xml java.prefs java.desktop java.instrument java.logging java.management java.security.sasl java.naming java.rmi java.management.rmi java.net.http java.scripting java.security.jgss java.transaction.xa java.sql java.sql.rowset java.xml.crypto java.se java.smartcardio jdk.accessibility jdk.internal.jvmstat jdk.attach jdk.charsets jdk.internal.opt jdk.zipfs jdk.compiler jdk.crypto.ec jdk.crypto.cryptoki jdk.crypto.mscapi jdk.dynalink jdk.internal.ed jdk.editpad jdk.hotspot.agent jdk.httpserver jdk.internal.le jdk.internal.vm.ci jdk.internal.vm.compiler jdk.internal.vm.compiler.management jdk.jartool jdk.javadoc jdk.jcmd jdk.management jdk.management.agent jdk.jconsole jdk.jdeps jdk.jdwp.agent jdk.jdi jdk.jfr jdk.jshell jdk.jsobject jdk.jstatd jdk.localedata jdk.management.jfr jdk.naming.dns jdk.naming.rmi jdk.net jdk.nio.mapmode jdk.random jdk.sctp jdk.security.auth jdk.security.jgss jdk.unsupported jdk.unsupported.desktop jdk.xml.dom" 

Environment Variables:
PATH=c:\Users\HARUN BERNA MUTLU\AppData\Local\Programs\cursor\resources\app\bin;C:\Program Files\Google\Chrome\Application;C:\Program Files\Common Files\Oracle\Java\javapath;C:\Program Files (x86)\Common Files\Oracle\Java\java8path;C:\Program Files (x86)\Common Files\Oracle\Java\javapath;C:\WINDOWS\system32;C:\WINDOWS;C:\WINDOWS\System32\Wbem;C:\WINDOWS\System32\WindowsPowerShell\v1.0\;C:\WINDOWS\System32\OpenSSH\;C:\Users\HARUN BERNA MUTLU\AppData\Local\Programs\Python\Python313\Scripts\;C:\Users\HARUN BERNA MUTLU\AppData\Local\Programs\Python\Python313\;C:\Users\HARUN BERNA MUTLU\AppData\Local\Programs\Python\Launcher\;C:\Users\HARUN BERNA MUTLU\AppData\Local\Microsoft\WindowsApps;C:\Users\HARUN BERNA MUTLU\Desktop\dart_sdk\dart-sdk\bin;C:\WINDOWS\system32;C:\WINDOWS;C:\WINDOWS\System32\Wbem;C:\WINDOWS\System32\WindowsPowerShell\v1.0\;C:\WINDOWS\System32\OpenSSH\;C:\Program Files\nodejs\;D:\flutter\bin;C:\Program Files\Git\cmd;C:\Users\HARUN BERNA MUTLU\AppData\Local\Programs\Python\Python314\Scripts\;C:\Users\HARUN BERNA MUTLU\AppData\Local\Programs\Python\Python314\;C:\Users\HARUN BERNA MUTLU\AppData\Local\Programs\Python\Python312\Scripts\;C:\Users\HARUN BERNA MUTLU\AppData\Local\Programs\Python\Python312\;C:\Users\HARUN BERNA MUTLU\AppData\Local\Microsoft\WindowsApps;C:\Users\HARUN BERNA MUTLU\Desktop\dart_sdk\dart-sdk\bin;C:\Users\HARUN BERNA MUTLU\AppData\Roaming\npm;C:\Users\HARUN BERNA MUTLU\AppData\Local\Programs\Antigravity\bin;C:\Users\HARUN BERNA MUTLU\AppData\Local\GitHubDesktop\bin;
USERNAME=HARUN MUTLU
OS=Windows_NT
PROCESSOR_IDENTIFIER=Intel64 Family 6 Model 158 Stepping 12, GenuineIntel
TMP=C:\Users\HARUNB~1\AppData\Local\Temp
TEMP=C:\Users\HARUNB~1\AppData\Local\Temp




Periodic native trim disabled

---------------  S Y S T E M  ---------------

OS:
 Windows 11 , 64 bit Build 26100 (10.0.26100.8155)
OS uptime: 16 days 4:18 hours

CPU: total 6 (initial active 6) (6 cores per cpu, 1 threads per core) family 6 model 158 stepping 12 microcode 0xde, cx8, cmov, fxsr, mmx, 3dnowpref, sse, sse2, sse3, ssse3, sse4.1, sse4.2, popcnt, lzcnt, tsc, tscinvbit, avx, avx2, aes, erms, clmul, bmi1, bmi2, adx, fma, vzeroupper, clflush, clflushopt, rdtscp, f16c
Processor Information for the first 6 processors :
  Max Mhz: 2904, Current Mhz: 2904, Mhz Limit: 2904

Memory: 4k page, system-wide physical 8049M (646M free)
TotalPageFile size 15476M (AvailPageFile size 0M)
current process WorkingSet (physical memory assigned to process): 249M, peak: 250M
current process commit charge ("private bytes"): 352M, peak: 354M

vm_info: OpenJDK 64-Bit Server VM (21.0.10+7-LTS) for windows-amd64 JRE (21.0.10+7-LTS), built on 2026-01-20T00:00:00Z by "admin" with MS VC++ 17.12 (VS2022)

END.
